001.: Row: 087 Col: 4 - ID: 700
002.: Row: 079 Col: 7 - ID: 639
003.: Row: 026 Col: 0 - ID: 208
004.: Row: 031 Col: 5 - ID: 253
005.: Row: 074 Col: 6 - ID: 598
006.: Row: 073 Col: 4 - ID: 588
007.: Row: 053 Col: 4 - ID: 428
008.: Row: 019 Col: 1 - ID: 153
009.: Row: 092 Col: 7 - ID: 743
010.: Row: 033 Col: 0 - ID: 264
011.: Row: 001 Col: 7 - ID: 015
012.: Row: 052 Col: 7 - ID: 423
013.: Row: 030 Col: 4 - ID: 244
014.: Row: 077 Col: 3 - ID: 619
015.: Row: 066 Col: 6 - ID: 534
016.: Row: 002 Col: 4 - ID: 020
017.: Row: 036 Col: 7 - ID: 295
018.: Row: 087 Col: 1 - ID: 697
019.: Row: 039 Col: 3 - ID: 315
020.: Row: 062 Col: 5 - ID: 501
021.: Row: 019 Col: 5 - ID: 157
022.: Row: 048 Col: 6 - ID: 390
023.: Row: 003 Col: 6 - ID: 030
024.: Row: 026 Col: 4 - ID: 212
025.: Row: 079 Col: 0 - ID: 632
026.: Row: 004 Col: 6 - ID: 038
027.: Row: 048 Col: 1 - ID: 385
028.: Row: 031 Col: 1 - ID: 249
029.: Row: 045 Col: 7 - ID: 367
030.: Row: 038 Col: 6 - ID: 310
031.: Row: 085 Col: 4 - ID: 684
032.: Row: 079 Col: 1 - ID: 633
033.: Row: 060 Col: 1 - ID: 481
034.: Row: 022 Col: 4 - ID: 180
035.: Row: 097 Col: 6 - ID: 782
036.: Row: 035 Col: 0 - ID: 280
037.: Row: 007 Col: 1 - ID: 057
038.: Row: 024 Col: 4 - ID: 196
039.: Row: 083 Col: 4 - ID: 668
040.: Row: 029 Col: 1 - ID: 233
041.: Row: 024 Col: 7 - ID: 199
042.: Row: 071 Col: 4 - ID: 572
043.: Row: 044 Col: 5 - ID: 357
044.: Row: 055 Col: 7 - ID: 447
045.: Row: 063 Col: 7 - ID: 511
046.: Row: 072 Col: 7 - ID: 583
047.: Row: 078 Col: 0 - ID: 624
048.: Row: 081 Col: 0 - ID: 648
049.: Row: 074 Col: 1 - ID: 593
050.: Row: 033 Col: 2 - ID: 266
051.: Row: 076 Col: 3 - ID: 611
052.: Row: 084 Col: 0 - ID: 672
053.: Row: 098 Col: 2 - ID: 786
054.: Row: 071 Col: 0 - ID: 568
055.: Row: 031 Col: 0 - ID: 248
056.: Row: 064 Col: 4 - ID: 516
057.: Row: 031 Col: 2 - ID: 250
058.: Row: 047 Col: 1 - ID: 377
059.: Row: 027 Col: 2 - ID: 218
060.: Row: 053 Col: 2 - ID: 426
061.: Row: 055 Col: 3 - ID: 443
062.: Row: 075 Col: 7 - ID: 607
063.: Row: 076 Col: 2 - ID: 610
064.: Row: 044 Col: 1 - ID: 353
065.: Row: 092 Col: 3 - ID: 739
066.: Row: 057 Col: 2 - ID: 458
067.: Row: 047 Col: 4 - ID: 380
068.: Row: 004 Col: 0 - ID: 032
069.: Row: 098 Col: 7 - ID: 791
070.: Row: 086 Col: 3 - ID: 691
071.: Row: 052 Col: 0 - ID: 416
072.: Row: 061 Col: 7 - ID: 495
073.: Row: 006 Col: 7 - ID: 055
074.: Row: 050 Col: 0 - ID: 400
075.: Row: 057 Col: 7 - ID: 463
076.: Row: 079 Col: 2 - ID: 634
077.: Row: 005 Col: 4 - ID: 044
078.: Row: 049 Col: 7 - ID: 399
079.: Row: 044 Col: 4 - ID: 356
080.: Row: 066 Col: 7 - ID: 535
081.: Row: 028 Col: 3 - ID: 227
082.: Row: 054 Col: 1 - ID: 433
083.: Row: 097 Col: 7 - ID: 783
084.: Row: 074 Col: 0 - ID: 592
085.: Row: 014 Col: 1 - ID: 113
086.: Row: 018 Col: 2 - ID: 146
087.: Row: 023 Col: 2 - ID: 186
088.: Row: 035 Col: 6 - ID: 286
089.: Row: 075 Col: 1 - ID: 601
090.: Row: 091 Col: 5 - ID: 733
091.: Row: 088 Col: 6 - ID: 710
092.: Row: 040 Col: 1 - ID: 321
093.: Row: 028 Col: 1 - ID: 225
094.: Row: 092 Col: 1 - ID: 737
095.: Row: 085 Col: 1 - ID: 681
096.: Row: 098 Col: 0 - ID: 784
097.: Row: 026 Col: 7 - ID: 215
098.: Row: 070 Col: 7 - ID: 567
099.: Row: 038 Col: 5 - ID: 309
100.: Row: 094 Col: 4 - ID: 756
101.: Row: 097 Col: 1 - ID: 777
102.: Row: 011 Col: 1 - ID: 089
103.: Row: 037 Col: 7 - ID: 303
104.: Row: 021 Col: 7 - ID: 175
105.: Row: 003 Col: 4 - ID: 028
106.: Row: 066 Col: 1 - ID: 529
107.: Row: 054 Col: 3 - ID: 435
108.: Row: 032 Col: 6 - ID: 262
109.: Row: 053 Col: 1 - ID: 425
110.: Row: 067 Col: 0 - ID: 536
111.: Row: 062 Col: 0 - ID: 496
112.: Row: 050 Col: 7 - ID: 407
113.: Row: 101 Col: 2 - ID: 810
114.: Row: 068 Col: 6 - ID: 550
115.: Row: 065 Col: 1 - ID: 521
116.: Row: 013 Col: 5 - ID: 109
117.: Row: 036 Col: 5 - ID: 293
118.: Row: 084 Col: 1 - ID: 673
119.: Row: 070 Col: 2 - ID: 562
120.: Row: 004 Col: 1 - ID: 033
121.: Row: 072 Col: 5 - ID: 581
122.: Row: 042 Col: 3 - ID: 339
123.: Row: 063 Col: 5 - ID: 509
124.: Row: 084 Col: 2 - ID: 674
125.: Row: 069 Col: 1 - ID: 553
126.: Row: 100 Col: 1 - ID: 801
127.: Row: 079 Col: 3 - ID: 635
128.: Row: 012 Col: 7 - ID: 103
129.: Row: 055 Col: 2 - ID: 442
130.: Row: 029 Col: 5 - ID: 237
131.: Row: 058 Col: 5 - ID: 469
132.: Row: 060 Col: 2 - ID: 482
133.: Row: 020 Col: 5 - ID: 165
134.: Row: 096 Col: 2 - ID: 770
135.: Row: 015 Col: 2 - ID: 122
136.: Row: 046 Col: 2 - ID: 370
137.: Row: 072 Col: 6 - ID: 582
138.: Row: 018 Col: 5 - ID: 149
139.: Row: 040 Col: 3 - ID: 323
140.: Row: 041 Col: 6 - ID: 334
141.: Row: 047 Col: 2 - ID: 378
142.: Row: 095 Col: 0 - ID: 760
143.: Row: 097 Col: 3 - ID: 779
144.: Row: 068 Col: 3 - ID: 547
145.: Row: 062 Col: 7 - ID: 503
146.: Row: 039 Col: 2 - ID: 314
147.: Row: 099 Col: 4 - ID: 796
148.: Row: 085 Col: 7 - ID: 687
149.: Row: 075 Col: 3 - ID: 603
150.: Row: 027 Col: 4 - ID: 220
151.: Row: 003 Col: 5 - ID: 029
152.: Row: 069 Col: 6 - ID: 558
153.: Row: 011 Col: 0 - ID: 088
154.: Row: 005 Col: 7 - ID: 047
155.: Row: 051 Col: 3 - ID: 411
156.: Row: 067 Col: 3 - ID: 539
157.: Row: 017 Col: 2 - ID: 138
158.: Row: 021 Col: 3 - ID: 171
159.: Row: 060 Col: 7 - ID: 487
160.: Row: 037 Col: 2 - ID: 298
161.: Row: 083 Col: 0 - ID: 664
162.: Row: 048 Col: 0 - ID: 384
163.: Row: 051 Col: 1 - ID: 409
164.: Row: 020 Col: 4 - ID: 164
165.: Row: 046 Col: 7 - ID: 375
166.: Row: 068 Col: 4 - ID: 548
167.: Row: 021 Col: 4 - ID: 172
168.: Row: 026 Col: 2 - ID: 210
169.: Row: 027 Col: 1 - ID: 217
170.: Row: 045 Col: 2 - ID: 362
171.: Row: 096 Col: 7 - ID: 775
172.: Row: 051 Col: 2 - ID: 410
173.: Row: 083 Col: 1 - ID: 665
174.: Row: 003 Col: 0 - ID: 024
175.: Row: 030 Col: 6 - ID: 246
176.: Row: 024 Col: 0 - ID: 192
177.: Row: 009 Col: 4 - ID: 076
178.: Row: 022 Col: 1 - ID: 177
179.: Row: 071 Col: 5 - ID: 573
180.: Row: 038 Col: 7 - ID: 311
181.: Row: 048 Col: 4 - ID: 388
182.: Row: 014 Col: 5 - ID: 117
183.: Row: 025 Col: 7 - ID: 207
184.: Row: 080 Col: 3 - ID: 643
185.: Row: 102 Col: 1 - ID: 817
186.: Row: 073 Col: 2 - ID: 586
187.: Row: 100 Col: 3 - ID: 803
188.: Row: 009 Col: 7 - ID: 079
189.: Row: 071 Col: 3 - ID: 571
190.: Row: 082 Col: 5 - ID: 661
191.: Row: 008 Col: 7 - ID: 071
192.: Row: 023 Col: 5 - ID: 189
193.: Row: 086 Col: 5 - ID: 693
194.: Row: 100 Col: 6 - ID: 806
195.: Row: 084 Col: 5 - ID: 677
196.: Row: 048 Col: 5 - ID: 389
197.: Row: 043 Col: 4 - ID: 348
198.: Row: 029 Col: 4 - ID: 236
199.: Row: 016 Col: 7 - ID: 135
200.: Row: 075 Col: 2 - ID: 602
201.: Row: 010 Col: 5 - ID: 085
202.: Row: 049 Col: 2 - ID: 394
203.: Row: 016 Col: 2 - ID: 130
204.: Row: 102 Col: 4 - ID: 820
205.: Row: 001 Col: 6 - ID: 014
206.: Row: 073 Col: 3 - ID: 587
207.: Row: 064 Col: 6 - ID: 518
208.: Row: 077 Col: 2 - ID: 618
209.: Row: 048 Col: 2 - ID: 386
210.: Row: 012 Col: 5 - ID: 101
211.: Row: 088 Col: 5 - ID: 709
212.: Row: 027 Col: 3 - ID: 219
213.: Row: 023 Col: 1 - ID: 185
214.: Row: 030 Col: 3 - ID: 243
215.: Row: 020 Col: 0 - ID: 160
216.: Row: 008 Col: 0 - ID: 064
217.: Row: 020 Col: 2 - ID: 162
218.: Row: 081 Col: 2 - ID: 650
219.: Row: 032 Col: 3 - ID: 259
220.: Row: 094 Col: 7 - ID: 759
221.: Row: 054 Col: 0 - ID: 432
222.: Row: 012 Col: 1 - ID: 097
223.: Row: 023 Col: 0 - ID: 184
224.: Row: 100 Col: 0 - ID: 800
225.: Row: 037 Col: 5 - ID: 301
226.: Row: 094 Col: 3 - ID: 755
227.: Row: 058 Col: 6 - ID: 470
228.: Row: 079 Col: 6 - ID: 638
229.: Row: 088 Col: 0 - ID: 704
230.: Row: 090 Col: 7 - ID: 727
231.: Row: 075 Col: 0 - ID: 600
232.: Row: 062 Col: 6 - ID: 502
233.: Row: 010 Col: 6 - ID: 086
234.: Row: 030 Col: 0 - ID: 240
235.: Row: 055 Col: 0 - ID: 440
236.: Row: 036 Col: 1 - ID: 289
237.: Row: 095 Col: 3 - ID: 763
238.: Row: 032 Col: 0 - ID: 256
239.: Row: 071 Col: 6 - ID: 574
240.: Row: 035 Col: 4 - ID: 284
241.: Row: 091 Col: 3 - ID: 731
242.: Row: 059 Col: 5 - ID: 477
243.: Row: 101 Col: 1 - ID: 809
244.: Row: 097 Col: 4 - ID: 780
245.: Row: 090 Col: 1 - ID: 721
246.: Row: 050 Col: 2 - ID: 402
247.: Row: 098 Col: 6 - ID: 790
248.: Row: 071 Col: 2 - ID: 570
249.: Row: 061 Col: 6 - ID: 494
250.: Row: 085 Col: 6 - ID: 686
251.: Row: 019 Col: 7 - ID: 159
252.: Row: 051 Col: 0 - ID: 408
253.: Row: 072 Col: 4 - ID: 580
254.: Row: 004 Col: 5 - ID: 037
255.: Row: 019 Col: 4 - ID: 156
256.: Row: 056 Col: 2 - ID: 450
257.: Row: 021 Col: 6 - ID: 174
258.: Row: 092 Col: 0 - ID: 736
259.: Row: 061 Col: 0 - ID: 488
260.: Row: 015 Col: 3 - ID: 123
261.: Row: 033 Col: 5 - ID: 269
262.: Row: 030 Col: 2 - ID: 242
263.: Row: 094 Col: 6 - ID: 758
264.: Row: 006 Col: 0 - ID: 048
265.: Row: 071 Col: 1 - ID: 569
266.: Row: 015 Col: 6 - ID: 126
267.: Row: 058 Col: 0 - ID: 464
268.: Row: 065 Col: 2 - ID: 522
269.: Row: 011 Col: 6 - ID: 094
270.: Row: 077 Col: 4 - ID: 620
271.: Row: 045 Col: 3 - ID: 363
272.: Row: 056 Col: 0 - ID: 448
273.: Row: 080 Col: 6 - ID: 646
274.: Row: 060 Col: 4 - ID: 484
275.: Row: 083 Col: 2 - ID: 666
276.: Row: 061 Col: 4 - ID: 492
277.: Row: 051 Col: 5 - ID: 413
278.: Row: 029 Col: 6 - ID: 238
279.: Row: 012 Col: 2 - ID: 098
280.: Row: 090 Col: 4 - ID: 724
281.: Row: 054 Col: 4 - ID: 436
282.: Row: 046 Col: 1 - ID: 369
283.: Row: 037 Col: 4 - ID: 300
284.: Row: 068 Col: 7 - ID: 551
285.: Row: 086 Col: 2 - ID: 690
286.: Row: 062 Col: 3 - ID: 499
287.: Row: 006 Col: 6 - ID: 054
288.: Row: 089 Col: 7 - ID: 719
289.: Row: 049 Col: 3 - ID: 395
290.: Row: 093 Col: 1 - ID: 745
291.: Row: 061 Col: 5 - ID: 493
292.: Row: 080 Col: 4 - ID: 644
293.: Row: 014 Col: 0 - ID: 112
294.: Row: 068 Col: 0 - ID: 544
295.: Row: 041 Col: 4 - ID: 332
296.: Row: 096 Col: 0 - ID: 768
297.: Row: 003 Col: 3 - ID: 027
298.: Row: 064 Col: 3 - ID: 515
299.: Row: 074 Col: 3 - ID: 595
300.: Row: 009 Col: 1 - ID: 073
301.: Row: 064 Col: 1 - ID: 513
302.: Row: 039 Col: 7 - ID: 319
303.: Row: 005 Col: 1 - ID: 041
304.: Row: 076 Col: 0 - ID: 608
305.: Row: 003 Col: 1 - ID: 025
306.: Row: 093 Col: 6 - ID: 750
307.: Row: 039 Col: 5 - ID: 317
308.: Row: 097 Col: 2 - ID: 778
309.: Row: 018 Col: 0 - ID: 144
310.: Row: 033 Col: 3 - ID: 267
311.: Row: 010 Col: 1 - ID: 081
312.: Row: 016 Col: 1 - ID: 129
313.: Row: 002 Col: 2 - ID: 018
314.: Row: 099 Col: 0 - ID: 792
315.: Row: 074 Col: 7 - ID: 599
316.: Row: 056 Col: 1 - ID: 449
317.: Row: 093 Col: 0 - ID: 744
318.: Row: 032 Col: 7 - ID: 263
319.: Row: 038 Col: 2 - ID: 306
320.: Row: 077 Col: 1 - ID: 617
321.: Row: 050 Col: 5 - ID: 405
322.: Row: 002 Col: 6 - ID: 022
323.: Row: 019 Col: 0 - ID: 152
324.: Row: 082 Col: 4 - ID: 660
325.: Row: 088 Col: 4 - ID: 708
326.: Row: 058 Col: 4 - ID: 468
327.: Row: 040 Col: 0 - ID: 320
328.: Row: 099 Col: 3 - ID: 795
329.: Row: 010 Col: 0 - ID: 080
330.: Row: 101 Col: 3 - ID: 811
331.: Row: 026 Col: 3 - ID: 211
332.: Row: 076 Col: 5 - ID: 613
333.: Row: 043 Col: 5 - ID: 349
334.: Row: 051 Col: 7 - ID: 415
335.: Row: 017 Col: 7 - ID: 143
336.: Row: 091 Col: 2 - ID: 730
337.: Row: 008 Col: 4 - ID: 068
338.: Row: 090 Col: 2 - ID: 722
339.: Row: 087 Col: 0 - ID: 696
340.: Row: 044 Col: 2 - ID: 354
341.: Row: 023 Col: 6 - ID: 190
342.: Row: 009 Col: 6 - ID: 078
343.: Row: 016 Col: 5 - ID: 133
344.: Row: 007 Col: 7 - ID: 063
345.: Row: 005 Col: 0 - ID: 040
346.: Row: 018 Col: 7 - ID: 151
347.: Row: 018 Col: 3 - ID: 147
348.: Row: 012 Col: 4 - ID: 100
349.: Row: 056 Col: 5 - ID: 453
350.: Row: 017 Col: 4 - ID: 140
351.: Row: 058 Col: 7 - ID: 471
352.: Row: 034 Col: 3 - ID: 275
353.: Row: 058 Col: 2 - ID: 466
354.: Row: 040 Col: 6 - ID: 326
355.: Row: 080 Col: 2 - ID: 642
356.: Row: 025 Col: 2 - ID: 202
357.: Row: 101 Col: 0 - ID: 808
358.: Row: 047 Col: 7 - ID: 383
359.: Row: 049 Col: 1 - ID: 393
360.: Row: 052 Col: 6 - ID: 422
361.: Row: 021 Col: 1 - ID: 169
362.: Row: 078 Col: 3 - ID: 627
363.: Row: 041 Col: 2 - ID: 330
364.: Row: 039 Col: 0 - ID: 312
365.: Row: 022 Col: 6 - ID: 182
366.: Row: 072 Col: 1 - ID: 577
367.: Row: 059 Col: 2 - ID: 474
368.: Row: 077 Col: 5 - ID: 621
369.: Row: 069 Col: 4 - ID: 556
370.: Row: 067 Col: 7 - ID: 543
371.: Row: 038 Col: 1 - ID: 305
372.: Row: 017 Col: 6 - ID: 142
373.: Row: 031 Col: 6 - ID: 254
374.: Row: 079 Col: 5 - ID: 637
375.: Row: 069 Col: 5 - ID: 557
376.: Row: 063 Col: 0 - ID: 504
377.: Row: 069 Col: 7 - ID: 559
378.: Row: 028 Col: 5 - ID: 229
379.: Row: 058 Col: 1 - ID: 465
380.: Row: 042 Col: 7 - ID: 343
381.: Row: 047 Col: 0 - ID: 376
382.: Row: 085 Col: 5 - ID: 685
383.: Row: 004 Col: 3 - ID: 035
384.: Row: 075 Col: 4 - ID: 604
385.: Row: 081 Col: 1 - ID: 649
386.: Row: 091 Col: 0 - ID: 728
387.: Row: 039 Col: 1 - ID: 313
388.: Row: 054 Col: 7 - ID: 439
389.: Row: 008 Col: 1 - ID: 065
390.: Row: 011 Col: 4 - ID: 092
391.: Row: 082 Col: 1 - ID: 657
392.: Row: 067 Col: 2 - ID: 538
393.: Row: 045 Col: 0 - ID: 360
394.: Row: 050 Col: 4 - ID: 404
395.: Row: 094 Col: 5 - ID: 757
396.: Row: 081 Col: 4 - ID: 652
397.: Row: 098 Col: 5 - ID: 789
398.: Row: 007 Col: 2 - ID: 058
399.: Row: 089 Col: 2 - ID: 714
400.: Row: 102 Col: 6 - ID: 822
401.: Row: 029 Col: 0 - ID: 232
402.: Row: 042 Col: 2 - ID: 338
403.: Row: 063 Col: 6 - ID: 510
404.: Row: 003 Col: 7 - ID: 031
405.: Row: 002 Col: 7 - ID: 023
406.: Row: 035 Col: 7 - ID: 287
407.: Row: 077 Col: 6 - ID: 622
408.: Row: 096 Col: 4 - ID: 772
409.: Row: 009 Col: 5 - ID: 077
410.: Row: 024 Col: 6 - ID: 198
411.: Row: 040 Col: 5 - ID: 325
412.: Row: 078 Col: 5 - ID: 629
413.: Row: 094 Col: 2 - ID: 754
414.: Row: 037 Col: 6 - ID: 302
415.: Row: 023 Col: 7 - ID: 191
416.: Row: 006 Col: 4 - ID: 052
417.: Row: 007 Col: 4 - ID: 060
418.: Row: 049 Col: 0 - ID: 392
419.: Row: 091 Col: 7 - ID: 735
420.: Row: 078 Col: 4 - ID: 628
421.: Row: 068 Col: 5 - ID: 549
422.: Row: 041 Col: 0 - ID: 328
423.: Row: 067 Col: 4 - ID: 540
424.: Row: 100 Col: 2 - ID: 802
425.: Row: 095 Col: 2 - ID: 762
426.: Row: 067 Col: 6 - ID: 542
427.: Row: 072 Col: 2 - ID: 578
428.: Row: 102 Col: 5 - ID: 821
429.: Row: 090 Col: 0 - ID: 720
430.: Row: 100 Col: 5 - ID: 805
431.: Row: 055 Col: 4 - ID: 444
432.: Row: 010 Col: 3 - ID: 083
433.: Row: 082 Col: 0 - ID: 656
434.: Row: 006 Col: 3 - ID: 051
435.: Row: 015 Col: 0 - ID: 120
436.: Row: 080 Col: 7 - ID: 647
437.: Row: 046 Col: 4 - ID: 372
438.: Row: 024 Col: 3 - ID: 195
439.: Row: 046 Col: 5 - ID: 373
440.: Row: 070 Col: 1 - ID: 561
441.: Row: 095 Col: 1 - ID: 761
442.: Row: 073 Col: 7 - ID: 591
443.: Row: 057 Col: 5 - ID: 461
444.: Row: 086 Col: 0 - ID: 688
445.: Row: 032 Col: 5 - ID: 261
446.: Row: 064 Col: 0 - ID: 512
447.: Row: 073 Col: 5 - ID: 589
448.: Row: 097 Col: 5 - ID: 781
449.: Row: 101 Col: 5 - ID: 813
450.: Row: 043 Col: 3 - ID: 347
451.: Row: 070 Col: 3 - ID: 563
452.: Row: 039 Col: 4 - ID: 316
453.: Row: 006 Col: 2 - ID: 050
454.: Row: 019 Col: 2 - ID: 154
455.: Row: 038 Col: 0 - ID: 304
456.: Row: 044 Col: 0 - ID: 352
457.: Row: 025 Col: 5 - ID: 205
458.: Row: 071 Col: 7 - ID: 575
459.: Row: 099 Col: 1 - ID: 793
460.: Row: 078 Col: 2 - ID: 626
461.: Row: 099 Col: 5 - ID: 797
462.: Row: 063 Col: 1 - ID: 505
463.: Row: 044 Col: 7 - ID: 359
464.: Row: 038 Col: 4 - ID: 308
465.: Row: 013 Col: 4 - ID: 108
466.: Row: 011 Col: 5 - ID: 093
467.: Row: 036 Col: 0 - ID: 288
468.: Row: 031 Col: 3 - ID: 251
469.: Row: 032 Col: 1 - ID: 257
470.: Row: 035 Col: 2 - ID: 282
471.: Row: 037 Col: 3 - ID: 299
472.: Row: 030 Col: 7 - ID: 247
473.: Row: 056 Col: 6 - ID: 454
474.: Row: 006 Col: 1 - ID: 049
475.: Row: 002 Col: 3 - ID: 019
476.: Row: 102 Col: 0 - ID: 816
477.: Row: 043 Col: 0 - ID: 344
478.: Row: 041 Col: 7 - ID: 335
479.: Row: 036 Col: 3 - ID: 291
480.: Row: 048 Col: 3 - ID: 387
481.: Row: 052 Col: 1 - ID: 417
482.: Row: 078 Col: 7 - ID: 631
483.: Row: 031 Col: 7 - ID: 255
484.: Row: 065 Col: 5 - ID: 525
485.: Row: 074 Col: 5 - ID: 597
486.: Row: 004 Col: 4 - ID: 036
487.: Row: 083 Col: 5 - ID: 669
488.: Row: 088 Col: 2 - ID: 706
489.: Row: 033 Col: 1 - ID: 265
490.: Row: 018 Col: 4 - ID: 148
491.: Row: 099 Col: 2 - ID: 794
492.: Row: 050 Col: 3 - ID: 403
493.: Row: 067 Col: 5 - ID: 541
494.: Row: 091 Col: 6 - ID: 734
495.: Row: 053 Col: 7 - ID: 431
496.: Row: 068 Col: 2 - ID: 546
497.: Row: 027 Col: 6 - ID: 222
498.: Row: 009 Col: 3 - ID: 075
499.: Row: 053 Col: 6 - ID: 430
500.: Row: 086 Col: 1 - ID: 689
501.: Row: 099 Col: 6 - ID: 798
502.: Row: 022 Col: 2 - ID: 178
503.: Row: 017 Col: 3 - ID: 139
504.: Row: 037 Col: 1 - ID: 297
505.: Row: 083 Col: 6 - ID: 670
506.: Row: 072 Col: 3 - ID: 579
507.: Row: 093 Col: 7 - ID: 751
508.: Row: 023 Col: 3 - ID: 187
509.: Row: 065 Col: 6 - ID: 526
510.: Row: 084 Col: 6 - ID: 678
511.: Row: 019 Col: 6 - ID: 158
512.: Row: 061 Col: 2 - ID: 490
513.: Row: 080 Col: 5 - ID: 645
514.: Row: 056 Col: 7 - ID: 455
515.: Row: 102 Col: 3 - ID: 819
516.: Row: 021 Col: 5 - ID: 173
517.: Row: 059 Col: 3 - ID: 475
518.: Row: 023 Col: 4 - ID: 188
519.: Row: 076 Col: 6 - ID: 614
520.: Row: 101 Col: 4 - ID: 812
521.: Row: 059 Col: 7 - ID: 479
522.: Row: 032 Col: 2 - ID: 258
523.: Row: 025 Col: 1 - ID: 201
524.: Row: 055 Col: 6 - ID: 446
525.: Row: 007 Col: 5 - ID: 061
526.: Row: 055 Col: 5 - ID: 445
527.: Row: 061 Col: 1 - ID: 489
528.: Row: 021 Col: 0 - ID: 168
529.: Row: 070 Col: 6 - ID: 566
530.: Row: 034 Col: 6 - ID: 278
531.: Row: 087 Col: 7 - ID: 703
532.: Row: 043 Col: 2 - ID: 346
533.: Row: 084 Col: 7 - ID: 679
534.: Row: 031 Col: 4 - ID: 252
535.: Row: 014 Col: 6 - ID: 118
536.: Row: 025 Col: 3 - ID: 203
537.: Row: 093 Col: 3 - ID: 747
538.: Row: 063 Col: 3 - ID: 507
539.: Row: 035 Col: 1 - ID: 281
540.: Row: 052 Col: 2 - ID: 418
541.: Row: 028 Col: 2 - ID: 226
542.: Row: 018 Col: 1 - ID: 145
543.: Row: 012 Col: 6 - ID: 102
544.: Row: 005 Col: 6 - ID: 046
545.: Row: 045 Col: 6 - ID: 366
546.: Row: 089 Col: 0 - ID: 712
547.: Row: 075 Col: 6 - ID: 606
548.: Row: 007 Col: 6 - ID: 062
549.: Row: 096 Col: 6 - ID: 774
550.: Row: 073 Col: 6 - ID: 590
551.: Row: 014 Col: 4 - ID: 116
552.: Row: 022 Col: 5 - ID: 181
553.: Row: 098 Col: 4 - ID: 788
554.: Row: 091 Col: 4 - ID: 732
555.: Row: 011 Col: 7 - ID: 095
556.: Row: 049 Col: 6 - ID: 398
557.: Row: 042 Col: 4 - ID: 340
558.: Row: 048 Col: 7 - ID: 391
559.: Row: 082 Col: 6 - ID: 662
560.: Row: 058 Col: 3 - ID: 467
561.: Row: 021 Col: 2 - ID: 170
562.: Row: 030 Col: 1 - ID: 241
563.: Row: 002 Col: 1 - ID: 017
564.: Row: 017 Col: 0 - ID: 136
565.: Row: 100 Col: 4 - ID: 804
566.: Row: 015 Col: 7 - ID: 127
567.: Row: 019 Col: 3 - ID: 155
568.: Row: 064 Col: 2 - ID: 514
569.: Row: 014 Col: 2 - ID: 114
570.: Row: 034 Col: 1 - ID: 273
571.: Row: 098 Col: 3 - ID: 787
572.: Row: 081 Col: 5 - ID: 653
573.: Row: 070 Col: 5 - ID: 565
574.: Row: 086 Col: 6 - ID: 694
575.: Row: 083 Col: 7 - ID: 671
576.: Row: 022 Col: 0 - ID: 176
577.: Row: 013 Col: 0 - ID: 104
578.: Row: 025 Col: 6 - ID: 206
579.: Row: 046 Col: 0 - ID: 368
580.: Row: 064 Col: 5 - ID: 517
581.: Row: 098 Col: 1 - ID: 785
582.: Row: 052 Col: 4 - ID: 420
583.: Row: 041 Col: 3 - ID: 331
584.: Row: 053 Col: 5 - ID: 429
585.: Row: 039 Col: 6 - ID: 318
586.: Row: 076 Col: 4 - ID: 612
587.: Row: 073 Col: 0 - ID: 584
588.: Row: 090 Col: 6 - ID: 726
589.: Row: 010 Col: 2 - ID: 082
590.: Row: 027 Col: 5 - ID: 221
591.: Row: 062 Col: 2 - ID: 498
592.: Row: 101 Col: 6 - ID: 814
593.: Row: 005 Col: 3 - ID: 043
594.: Row: 020 Col: 6 - ID: 166
595.: Row: 047 Col: 3 - ID: 379
596.: Row: 004 Col: 7 - ID: 039
597.: Row: 102 Col: 2 - ID: 818
598.: Row: 094 Col: 0 - ID: 752
599.: Row: 053 Col: 3 - ID: 427
600.: Row: 063 Col: 4 - ID: 508
601.: Row: 015 Col: 5 - ID: 125
602.: Row: 096 Col: 5 - ID: 773
603.: Row: 032 Col: 4 - ID: 260
604.: Row: 089 Col: 1 - ID: 713
605.: Row: 066 Col: 5 - ID: 533
606.: Row: 028 Col: 6 - ID: 230
607.: Row: 028 Col: 4 - ID: 228
608.: Row: 077 Col: 0 - ID: 616
609.: Row: 014 Col: 7 - ID: 119
610.: Row: 065 Col: 7 - ID: 527
611.: Row: 034 Col: 4 - ID: 276
612.: Row: 052 Col: 3 - ID: 419
613.: Row: 065 Col: 3 - ID: 523
614.: Row: 085 Col: 2 - ID: 682
615.: Row: 092 Col: 2 - ID: 738
616.: Row: 016 Col: 4 - ID: 132
617.: Row: 042 Col: 5 - ID: 341
618.: Row: 070 Col: 4 - ID: 564
619.: Row: 026 Col: 5 - ID: 213
620.: Row: 045 Col: 1 - ID: 361
621.: Row: 036 Col: 6 - ID: 294
622.: Row: 060 Col: 3 - ID: 483
623.: Row: 087 Col: 5 - ID: 701
624.: Row: 092 Col: 6 - ID: 742
625.: Row: 011 Col: 2 - ID: 090
626.: Row: 057 Col: 3 - ID: 459
627.: Row: 082 Col: 2 - ID: 658
628.: Row: 065 Col: 4 - ID: 524
629.: Row: 068 Col: 1 - ID: 545
630.: Row: 093 Col: 5 - ID: 749
631.: Row: 008 Col: 3 - ID: 067
632.: Row: 042 Col: 6 - ID: 342
633.: Row: 040 Col: 2 - ID: 322
634.: Row: 055 Col: 1 - ID: 441
635.: Row: 080 Col: 1 - ID: 641
636.: Row: 034 Col: 0 - ID: 272
637.: Row: 054 Col: 5 - ID: 437
638.: Row: 049 Col: 4 - ID: 396
639.: Row: 009 Col: 2 - ID: 074
640.: Row: 045 Col: 5 - ID: 365
641.: Row: 088 Col: 7 - ID: 711
642.: Row: 084 Col: 4 - ID: 676
643.: Row: 043 Col: 6 - ID: 350
644.: Row: 010 Col: 4 - ID: 084
645.: Row: 051 Col: 4 - ID: 412
646.: Row: 074 Col: 2 - ID: 594
647.: Row: 067 Col: 1 - ID: 537
648.: Row: 064 Col: 7 - ID: 519
649.: Row: 093 Col: 2 - ID: 746
650.: Row: 012 Col: 0 - ID: 096
651.: Row: 059 Col: 4 - ID: 476
652.: Row: 009 Col: 0 - ID: 072
653.: Row: 034 Col: 7 - ID: 279
654.: Row: 082 Col: 3 - ID: 659
655.: Row: 016 Col: 3 - ID: 131
656.: Row: 092 Col: 5 - ID: 741
657.: Row: 041 Col: 1 - ID: 329
658.: Row: 022 Col: 7 - ID: 183
659.: Row: 025 Col: 0 - ID: 200
660.: Row: 016 Col: 0 - ID: 128
661.: Row: 077 Col: 7 - ID: 623
662.: Row: 014 Col: 3 - ID: 115
663.: Row: 025 Col: 4 - ID: 204
664.: Row: 027 Col: 0 - ID: 216
665.: Row: 066 Col: 0 - ID: 528
666.: Row: 013 Col: 7 - ID: 111
667.: Row: 016 Col: 6 - ID: 134
668.: Row: 013 Col: 6 - ID: 110
669.: Row: 078 Col: 6 - ID: 630
670.: Row: 057 Col: 4 - ID: 460
671.: Row: 043 Col: 1 - ID: 345
672.: Row: 059 Col: 6 - ID: 478
673.: Row: 087 Col: 6 - ID: 702
674.: Row: 084 Col: 3 - ID: 675
675.: Row: 065 Col: 0 - ID: 520
676.: Row: 086 Col: 4 - ID: 692
677.: Row: 062 Col: 4 - ID: 500
678.: Row: 069 Col: 2 - ID: 554
679.: Row: 047 Col: 5 - ID: 381
680.: Row: 034 Col: 2 - ID: 274
681.: Row: 020 Col: 7 - ID: 167
682.: Row: 085 Col: 0 - ID: 680
683.: Row: 089 Col: 4 - ID: 716
684.: Row: 063 Col: 2 - ID: 506
685.: Row: 070 Col: 0 - ID: 560
686.: Row: 054 Col: 2 - ID: 434
687.: Row: 006 Col: 5 - ID: 053
688.: Row: 081 Col: 7 - ID: 655
689.: Row: 020 Col: 3 - ID: 163
690.: Row: 002 Col: 0 - ID: 016
691.: Row: 040 Col: 7 - ID: 327
692.: Row: 034 Col: 5 - ID: 277
693.: Row: 045 Col: 4 - ID: 364
694.: Row: 082 Col: 7 - ID: 663
695.: Row: 089 Col: 5 - ID: 717
696.: Row: 060 Col: 6 - ID: 486
697.: Row: 080 Col: 0 - ID: 640
698.: Row: 081 Col: 3 - ID: 651
699.: Row: 047 Col: 6 - ID: 382
700.: Row: 069 Col: 3 - ID: 555
701.: Row: 026 Col: 1 - ID: 209
702.: Row: 057 Col: 6 - ID: 462
703.: Row: 002 Col: 5 - ID: 021
704.: Row: 013 Col: 1 - ID: 105
705.: Row: 036 Col: 2 - ID: 290
706.: Row: 010 Col: 7 - ID: 087
707.: Row: 101 Col: 7 - ID: 815
708.: Row: 094 Col: 1 - ID: 753
709.: Row: 095 Col: 5 - ID: 765
710.: Row: 024 Col: 2 - ID: 194
711.: Row: 057 Col: 1 - ID: 457
712.: Row: 085 Col: 3 - ID: 683
713.: Row: 020 Col: 1 - ID: 161
714.: Row: 036 Col: 4 - ID: 292
715.: Row: 017 Col: 1 - ID: 137
716.: Row: 090 Col: 5 - ID: 725
717.: Row: 059 Col: 0 - ID: 472
718.: Row: 095 Col: 4 - ID: 764
719.: Row: 041 Col: 5 - ID: 333
720.: Row: 029 Col: 3 - ID: 235
721.: Row: 050 Col: 1 - ID: 401
722.: Row: 013 Col: 2 - ID: 106
723.: Row: 046 Col: 3 - ID: 371
724.: Row: 056 Col: 3 - ID: 451
725.: Row: 033 Col: 7 - ID: 271
726.: Row: 003 Col: 2 - ID: 026
727.: Row: 030 Col: 5 - ID: 245
728.: Row: 074 Col: 4 - ID: 596
729.: Row: 066 Col: 4 - ID: 532
730.: Row: 069 Col: 0 - ID: 552
731.: Row: 093 Col: 4 - ID: 748
732.: Row: 008 Col: 5 - ID: 069
733.: Row: 057 Col: 0 - ID: 456
734.: Row: 044 Col: 3 - ID: 355
735.: Row: 011 Col: 3 - ID: 091
736.: Row: 081 Col: 6 - ID: 654
737.: Row: 028 Col: 7 - ID: 231
738.: Row: 033 Col: 4 - ID: 268
739.: Row: 013 Col: 3 - ID: 107
740.: Row: 001 Col: 5 - ID: 013
741.: Row: 015 Col: 1 - ID: 121
742.: Row: 008 Col: 6 - ID: 070
743.: Row: 051 Col: 6 - ID: 414
744.: Row: 061 Col: 3 - ID: 491
745.: Row: 037 Col: 0 - ID: 296
746.: Row: 017 Col: 5 - ID: 141
747.: Row: 078 Col: 1 - ID: 625
748.: Row: 015 Col: 4 - ID: 124
749.: Row: 007 Col: 3 - ID: 059
750.: Row: 012 Col: 3 - ID: 099
751.: Row: 096 Col: 1 - ID: 769
752.: Row: 005 Col: 2 - ID: 042
753.: Row: 087 Col: 3 - ID: 699
754.: Row: 049 Col: 5 - ID: 397
755.: Row: 035 Col: 5 - ID: 285
756.: Row: 038 Col: 3 - ID: 307
757.: Row: 090 Col: 3 - ID: 723
758.: Row: 040 Col: 4 - ID: 324
759.: Row: 100 Col: 7 - ID: 807
760.: Row: 079 Col: 4 - ID: 636
761.: Row: 089 Col: 6 - ID: 718
762.: Row: 076 Col: 1 - ID: 609
763.: Row: 086 Col: 7 - ID: 695
764.: Row: 042 Col: 0 - ID: 336
765.: Row: 056 Col: 4 - ID: 452
766.: Row: 027 Col: 7 - ID: 223
767.: Row: 028 Col: 0 - ID: 224
768.: Row: 072 Col: 0 - ID: 576
769.: Row: 083 Col: 3 - ID: 667
770.: Row: 005 Col: 5 - ID: 045
771.: Row: 046 Col: 6 - ID: 374
772.: Row: 007 Col: 0 - ID: 056
773.: Row: 062 Col: 1 - ID: 497
774.: Row: 087 Col: 2 - ID: 698
775.: Row: 096 Col: 3 - ID: 771
776.: Row: 073 Col: 1 - ID: 585
777.: Row: 089 Col: 3 - ID: 715
778.: Row: 059 Col: 1 - ID: 473
779.: Row: 022 Col: 3 - ID: 179
780.: Row: 042 Col: 1 - ID: 337
781.: Row: 043 Col: 7 - ID: 351
782.: Row: 066 Col: 2 - ID: 530
783.: Row: 008 Col: 2 - ID: 066
784.: Row: 099 Col: 7 - ID: 799
785.: Row: 088 Col: 3 - ID: 707
786.: Row: 004 Col: 2 - ID: 034
787.: Row: 076 Col: 7 - ID: 615
788.: Row: 075 Col: 5 - ID: 605
789.: Row: 029 Col: 7 - ID: 239
790.: Row: 026 Col: 6 - ID: 214
791.: Row: 050 Col: 6 - ID: 406
792.: Row: 054 Col: 6 - ID: 438
793.: Row: 053 Col: 0 - ID: 424
794.: Row: 095 Col: 6 - ID: 766
795.: Row: 024 Col: 1 - ID: 193
796.: Row: 029 Col: 2 - ID: 234
797.: Row: 024 Col: 5 - ID: 197
798.: Row: 091 Col: 1 - ID: 729
799.: Row: 018 Col: 6 - ID: 150
800.: Row: 060 Col: 0 - ID: 480
801.: Row: 066 Col: 3 - ID: 531
802.: Row: 092 Col: 4 - ID: 740
803.: Row: 095 Col: 7 - ID: 767
804.: Row: 097 Col: 0 - ID: 776
805.: Row: 035 Col: 3 - ID: 283
806.: Row: 060 Col: 5 - ID: 485
807.: Row: 052 Col: 5 - ID: 421
808.: Row: 044 Col: 6 - ID: 358
809.: Row: 033 Col: 6 - ID: 270

Checked 809 boarding passes. The highest seat id was 822.

Checked seat_id 000: seat_id-1 doesn't exist
Checked seat_id 001: seat_id-1 doesn't exist
Checked seat_id 002: seat_id-1 doesn't exist
Checked seat_id 003: seat_id-1 doesn't exist
Checked seat_id 004: seat_id-1 doesn't exist
Checked seat_id 005: seat_id-1 doesn't exist
Checked seat_id 006: seat_id-1 doesn't exist
Checked seat_id 007: seat_id-1 doesn't exist
Checked seat_id 008: seat_id-1 doesn't exist
Checked seat_id 009: seat_id-1 doesn't exist
Checked seat_id 010: seat_id-1 doesn't exist
Checked seat_id 011: seat_id-1 doesn't exist
Checked seat_id 012: seat_id-1 doesn't exist
Checked seat_id 013: Already checked in
Checked seat_id 014: Already checked in
Checked seat_id 015: Already checked in
Checked seat_id 016: Already checked in
Checked seat_id 017: Already checked in
Checked seat_id 018: Already checked in
Checked seat_id 019: Already checked in
Checked seat_id 020: Already checked in
Checked seat_id 021: Already checked in
Checked seat_id 022: Already checked in
Checked seat_id 023: Already checked in
Checked seat_id 024: Already checked in
Checked seat_id 025: Already checked in
Checked seat_id 026: Already checked in
Checked seat_id 027: Already checked in
Checked seat_id 028: Already checked in
Checked seat_id 029: Already checked in
Checked seat_id 030: Already checked in
Checked seat_id 031: Already checked in
Checked seat_id 032: Already checked in
Checked seat_id 033: Already checked in
Checked seat_id 034: Already checked in
Checked seat_id 035: Already checked in
Checked seat_id 036: Already checked in
Checked seat_id 037: Already checked in
Checked seat_id 038: Already checked in
Checked seat_id 039: Already checked in
Checked seat_id 040: Already checked in
Checked seat_id 041: Already checked in
Checked seat_id 042: Already checked in
Checked seat_id 043: Already checked in
Checked seat_id 044: Already checked in
Checked seat_id 045: Already checked in
Checked seat_id 046: Already checked in
Checked seat_id 047: Already checked in
Checked seat_id 048: Already checked in
Checked seat_id 049: Already checked in
Checked seat_id 050: Already checked in
Checked seat_id 051: Already checked in
Checked seat_id 052: Already checked in
Checked seat_id 053: Already checked in
Checked seat_id 054: Already checked in
Checked seat_id 055: Already checked in
Checked seat_id 056: Already checked in
Checked seat_id 057: Already checked in
Checked seat_id 058: Already checked in
Checked seat_id 059: Already checked in
Checked seat_id 060: Already checked in
Checked seat_id 061: Already checked in
Checked seat_id 062: Already checked in
Checked seat_id 063: Already checked in
Checked seat_id 064: Already checked in
Checked seat_id 065: Already checked in
Checked seat_id 066: Already checked in
Checked seat_id 067: Already checked in
Checked seat_id 068: Already checked in
Checked seat_id 069: Already checked in
Checked seat_id 070: Already checked in
Checked seat_id 071: Already checked in
Checked seat_id 072: Already checked in
Checked seat_id 073: Already checked in
Checked seat_id 074: Already checked in
Checked seat_id 075: Already checked in
Checked seat_id 076: Already checked in
Checked seat_id 077: Already checked in
Checked seat_id 078: Already checked in
Checked seat_id 079: Already checked in
Checked seat_id 080: Already checked in
Checked seat_id 081: Already checked in
Checked seat_id 082: Already checked in
Checked seat_id 083: Already checked in
Checked seat_id 084: Already checked in
Checked seat_id 085: Already checked in
Checked seat_id 086: Already checked in
Checked seat_id 087: Already checked in
Checked seat_id 088: Already checked in
Checked seat_id 089: Already checked in
Checked seat_id 090: Already checked in
Checked seat_id 091: Already checked in
Checked seat_id 092: Already checked in
Checked seat_id 093: Already checked in
Checked seat_id 094: Already checked in
Checked seat_id 095: Already checked in
Checked seat_id 096: Already checked in
Checked seat_id 097: Already checked in
Checked seat_id 098: Already checked in
Checked seat_id 099: Already checked in
Checked seat_id 100: Already checked in
Checked seat_id 101: Already checked in
Checked seat_id 102: Already checked in
Checked seat_id 103: Already checked in
Checked seat_id 104: Already checked in
Checked seat_id 105: Already checked in
Checked seat_id 106: Already checked in
Checked seat_id 107: Already checked in
Checked seat_id 108: Already checked in
Checked seat_id 109: Already checked in
Checked seat_id 110: Already checked in
Checked seat_id 111: Already checked in
Checked seat_id 112: Already checked in
Checked seat_id 113: Already checked in
Checked seat_id 114: Already checked in
Checked seat_id 115: Already checked in
Checked seat_id 116: Already checked in
Checked seat_id 117: Already checked in
Checked seat_id 118: Already checked in
Checked seat_id 119: Already checked in
Checked seat_id 120: Already checked in
Checked seat_id 121: Already checked in
Checked seat_id 122: Already checked in
Checked seat_id 123: Already checked in
Checked seat_id 124: Already checked in
Checked seat_id 125: Already checked in
Checked seat_id 126: Already checked in
Checked seat_id 127: Already checked in
Checked seat_id 128: Already checked in
Checked seat_id 129: Already checked in
Checked seat_id 130: Already checked in
Checked seat_id 131: Already checked in
Checked seat_id 132: Already checked in
Checked seat_id 133: Already checked in
Checked seat_id 134: Already checked in
Checked seat_id 135: Already checked in
Checked seat_id 136: Already checked in
Checked seat_id 137: Already checked in
Checked seat_id 138: Already checked in
Checked seat_id 139: Already checked in
Checked seat_id 140: Already checked in
Checked seat_id 141: Already checked in
Checked seat_id 142: Already checked in
Checked seat_id 143: Already checked in
Checked seat_id 144: Already checked in
Checked seat_id 145: Already checked in
Checked seat_id 146: Already checked in
Checked seat_id 147: Already checked in
Checked seat_id 148: Already checked in
Checked seat_id 149: Already checked in
Checked seat_id 150: Already checked in
Checked seat_id 151: Already checked in
Checked seat_id 152: Already checked in
Checked seat_id 153: Already checked in
Checked seat_id 154: Already checked in
Checked seat_id 155: Already checked in
Checked seat_id 156: Already checked in
Checked seat_id 157: Already checked in
Checked seat_id 158: Already checked in
Checked seat_id 159: Already checked in
Checked seat_id 160: Already checked in
Checked seat_id 161: Already checked in
Checked seat_id 162: Already checked in
Checked seat_id 163: Already checked in
Checked seat_id 164: Already checked in
Checked seat_id 165: Already checked in
Checked seat_id 166: Already checked in
Checked seat_id 167: Already checked in
Checked seat_id 168: Already checked in
Checked seat_id 169: Already checked in
Checked seat_id 170: Already checked in
Checked seat_id 171: Already checked in
Checked seat_id 172: Already checked in
Checked seat_id 173: Already checked in
Checked seat_id 174: Already checked in
Checked seat_id 175: Already checked in
Checked seat_id 176: Already checked in
Checked seat_id 177: Already checked in
Checked seat_id 178: Already checked in
Checked seat_id 179: Already checked in
Checked seat_id 180: Already checked in
Checked seat_id 181: Already checked in
Checked seat_id 182: Already checked in
Checked seat_id 183: Already checked in
Checked seat_id 184: Already checked in
Checked seat_id 185: Already checked in
Checked seat_id 186: Already checked in
Checked seat_id 187: Already checked in
Checked seat_id 188: Already checked in
Checked seat_id 189: Already checked in
Checked seat_id 190: Already checked in
Checked seat_id 191: Already checked in
Checked seat_id 192: Already checked in
Checked seat_id 193: Already checked in
Checked seat_id 194: Already checked in
Checked seat_id 195: Already checked in
Checked seat_id 196: Already checked in
Checked seat_id 197: Already checked in
Checked seat_id 198: Already checked in
Checked seat_id 199: Already checked in
Checked seat_id 200: Already checked in
Checked seat_id 201: Already checked in
Checked seat_id 202: Already checked in
Checked seat_id 203: Already checked in
Checked seat_id 204: Already checked in
Checked seat_id 205: Already checked in
Checked seat_id 206: Already checked in
Checked seat_id 207: Already checked in
Checked seat_id 208: Already checked in
Checked seat_id 209: Already checked in
Checked seat_id 210: Already checked in
Checked seat_id 211: Already checked in
Checked seat_id 212: Already checked in
Checked seat_id 213: Already checked in
Checked seat_id 214: Already checked in
Checked seat_id 215: Already checked in
Checked seat_id 216: Already checked in
Checked seat_id 217: Already checked in
Checked seat_id 218: Already checked in
Checked seat_id 219: Already checked in
Checked seat_id 220: Already checked in
Checked seat_id 221: Already checked in
Checked seat_id 222: Already checked in
Checked seat_id 223: Already checked in
Checked seat_id 224: Already checked in
Checked seat_id 225: Already checked in
Checked seat_id 226: Already checked in
Checked seat_id 227: Already checked in
Checked seat_id 228: Already checked in
Checked seat_id 229: Already checked in
Checked seat_id 230: Already checked in
Checked seat_id 231: Already checked in
Checked seat_id 232: Already checked in
Checked seat_id 233: Already checked in
Checked seat_id 234: Already checked in
Checked seat_id 235: Already checked in
Checked seat_id 236: Already checked in
Checked seat_id 237: Already checked in
Checked seat_id 238: Already checked in
Checked seat_id 239: Already checked in
Checked seat_id 240: Already checked in
Checked seat_id 241: Already checked in
Checked seat_id 242: Already checked in
Checked seat_id 243: Already checked in
Checked seat_id 244: Already checked in
Checked seat_id 245: Already checked in
Checked seat_id 246: Already checked in
Checked seat_id 247: Already checked in
Checked seat_id 248: Already checked in
Checked seat_id 249: Already checked in
Checked seat_id 250: Already checked in
Checked seat_id 251: Already checked in
Checked seat_id 252: Already checked in
Checked seat_id 253: Already checked in
Checked seat_id 254: Already checked in
Checked seat_id 255: Already checked in
Checked seat_id 256: Already checked in
Checked seat_id 257: Already checked in
Checked seat_id 258: Already checked in
Checked seat_id 259: Already checked in
Checked seat_id 260: Already checked in
Checked seat_id 261: Already checked in
Checked seat_id 262: Already checked in
Checked seat_id 263: Already checked in
Checked seat_id 264: Already checked in
Checked seat_id 265: Already checked in
Checked seat_id 266: Already checked in
Checked seat_id 267: Already checked in
Checked seat_id 268: Already checked in
Checked seat_id 269: Already checked in
Checked seat_id 270: Already checked in
Checked seat_id 271: Already checked in
Checked seat_id 272: Already checked in
Checked seat_id 273: Already checked in
Checked seat_id 274: Already checked in
Checked seat_id 275: Already checked in
Checked seat_id 276: Already checked in
Checked seat_id 277: Already checked in
Checked seat_id 278: Already checked in
Checked seat_id 279: Already checked in
Checked seat_id 280: Already checked in
Checked seat_id 281: Already checked in
Checked seat_id 282: Already checked in
Checked seat_id 283: Already checked in
Checked seat_id 284: Already checked in
Checked seat_id 285: Already checked in
Checked seat_id 286: Already checked in
Checked seat_id 287: Already checked in
Checked seat_id 288: Already checked in
Checked seat_id 289: Already checked in
Checked seat_id 290: Already checked in
Checked seat_id 291: Already checked in
Checked seat_id 292: Already checked in
Checked seat_id 293: Already checked in
Checked seat_id 294: Already checked in
Checked seat_id 295: Already checked in
Checked seat_id 296: Already checked in
Checked seat_id 297: Already checked in
Checked seat_id 298: Already checked in
Checked seat_id 299: Already checked in
Checked seat_id 300: Already checked in
Checked seat_id 301: Already checked in
Checked seat_id 302: Already checked in
Checked seat_id 303: Already checked in
Checked seat_id 304: Already checked in
Checked seat_id 305: Already checked in
Checked seat_id 306: Already checked in
Checked seat_id 307: Already checked in
Checked seat_id 308: Already checked in
Checked seat_id 309: Already checked in
Checked seat_id 310: Already checked in
Checked seat_id 311: Already checked in
Checked seat_id 312: Already checked in
Checked seat_id 313: Already checked in
Checked seat_id 314: Already checked in
Checked seat_id 315: Already checked in
Checked seat_id 316: Already checked in
Checked seat_id 317: Already checked in
Checked seat_id 318: Already checked in
Checked seat_id 319: Already checked in
Checked seat_id 320: Already checked in
Checked seat_id 321: Already checked in
Checked seat_id 322: Already checked in
Checked seat_id 323: Already checked in
Checked seat_id 324: Already checked in
Checked seat_id 325: Already checked in
Checked seat_id 326: Already checked in
Checked seat_id 327: Already checked in
Checked seat_id 328: Already checked in
Checked seat_id 329: Already checked in
Checked seat_id 330: Already checked in
Checked seat_id 331: Already checked in
Checked seat_id 332: Already checked in
Checked seat_id 333: Already checked in
Checked seat_id 334: Already checked in
Checked seat_id 335: Already checked in
Checked seat_id 336: Already checked in
Checked seat_id 337: Already checked in
Checked seat_id 338: Already checked in
Checked seat_id 339: Already checked in
Checked seat_id 340: Already checked in
Checked seat_id 341: Already checked in
Checked seat_id 342: Already checked in
Checked seat_id 343: Already checked in
Checked seat_id 344: Already checked in
Checked seat_id 345: Already checked in
Checked seat_id 346: Already checked in
Checked seat_id 347: Already checked in
Checked seat_id 348: Already checked in
Checked seat_id 349: Already checked in
Checked seat_id 350: Already checked in
Checked seat_id 351: Already checked in
Checked seat_id 352: Already checked in
Checked seat_id 353: Already checked in
Checked seat_id 354: Already checked in
Checked seat_id 355: Already checked in
Checked seat_id 356: Already checked in
Checked seat_id 357: Already checked in
Checked seat_id 358: Already checked in
Checked seat_id 359: Already checked in
Checked seat_id 360: Already checked in
Checked seat_id 361: Already checked in
Checked seat_id 362: Already checked in
Checked seat_id 363: Already checked in
Checked seat_id 364: Already checked in
Checked seat_id 365: Already checked in
Checked seat_id 366: Already checked in
Checked seat_id 367: Already checked in
Checked seat_id 368: Already checked in
Checked seat_id 369: Already checked in
Checked seat_id 370: Already checked in
Checked seat_id 371: Already checked in
Checked seat_id 372: Already checked in
Checked seat_id 373: Already checked in
Checked seat_id 374: Already checked in
Checked seat_id 375: Already checked in
Checked seat_id 376: Already checked in
Checked seat_id 377: Already checked in
Checked seat_id 378: Already checked in
Checked seat_id 379: Already checked in
Checked seat_id 380: Already checked in
Checked seat_id 381: Already checked in
Checked seat_id 382: Already checked in
Checked seat_id 383: Already checked in
Checked seat_id 384: Already checked in
Checked seat_id 385: Already checked in
Checked seat_id 386: Already checked in
Checked seat_id 387: Already checked in
Checked seat_id 388: Already checked in
Checked seat_id 389: Already checked in
Checked seat_id 390: Already checked in
Checked seat_id 391: Already checked in
Checked seat_id 392: Already checked in
Checked seat_id 393: Already checked in
Checked seat_id 394: Already checked in
Checked seat_id 395: Already checked in
Checked seat_id 396: Already checked in
Checked seat_id 397: Already checked in
Checked seat_id 398: Already checked in
Checked seat_id 399: Already checked in
Checked seat_id 400: Already checked in
Checked seat_id 401: Already checked in
Checked seat_id 402: Already checked in
Checked seat_id 403: Already checked in
Checked seat_id 404: Already checked in
Checked seat_id 405: Already checked in
Checked seat_id 406: Already checked in
Checked seat_id 407: Already checked in
Checked seat_id 408: Already checked in
Checked seat_id 409: Already checked in
Checked seat_id 410: Already checked in
Checked seat_id 411: Already checked in
Checked seat_id 412: Already checked in
Checked seat_id 413: Already checked in
Checked seat_id 414: Already checked in
Checked seat_id 415: Already checked in
Checked seat_id 416: Already checked in
Checked seat_id 417: Already checked in
Checked seat_id 418: Already checked in
Checked seat_id 419: Already checked in
Checked seat_id 420: Already checked in
Checked seat_id 421: Already checked in
Checked seat_id 422: Already checked in
Checked seat_id 423: Already checked in
Checked seat_id 424: Already checked in
Checked seat_id 425: Already checked in
Checked seat_id 426: Already checked in
Checked seat_id 427: Already checked in
Checked seat_id 428: Already checked in
Checked seat_id 429: Already checked in
Checked seat_id 430: Already checked in
Checked seat_id 431: Already checked in
Checked seat_id 432: Already checked in
Checked seat_id 433: Already checked in
Checked seat_id 434: Already checked in
Checked seat_id 435: Already checked in
Checked seat_id 436: Already checked in
Checked seat_id 437: Already checked in
Checked seat_id 438: Already checked in
Checked seat_id 439: Already checked in
Checked seat_id 440: Already checked in
Checked seat_id 441: Already checked in
Checked seat_id 442: Already checked in
Checked seat_id 443: Already checked in
Checked seat_id 444: Already checked in
Checked seat_id 445: Already checked in
Checked seat_id 446: Already checked in
Checked seat_id 447: Already checked in
Checked seat_id 448: Already checked in
Checked seat_id 449: Already checked in
Checked seat_id 450: Already checked in
Checked seat_id 451: Already checked in
Checked seat_id 452: Already checked in
Checked seat_id 453: Already checked in
Checked seat_id 454: Already checked in
Checked seat_id 455: Already checked in
Checked seat_id 456: Already checked in
Checked seat_id 457: Already checked in
Checked seat_id 458: Already checked in
Checked seat_id 459: Already checked in
Checked seat_id 460: Already checked in
Checked seat_id 461: Already checked in
Checked seat_id 462: Already checked in
Checked seat_id 463: Already checked in
Checked seat_id 464: Already checked in
Checked seat_id 465: Already checked in
Checked seat_id 466: Already checked in
Checked seat_id 467: Already checked in
Checked seat_id 468: Already checked in
Checked seat_id 469: Already checked in
Checked seat_id 470: Already checked in
Checked seat_id 471: Already checked in
Checked seat_id 472: Already checked in
Checked seat_id 473: Already checked in
Checked seat_id 474: Already checked in
Checked seat_id 475: Already checked in
Checked seat_id 476: Already checked in
Checked seat_id 477: Already checked in
Checked seat_id 478: Already checked in
Checked seat_id 479: Already checked in
Checked seat_id 480: Already checked in
Checked seat_id 481: Already checked in
Checked seat_id 482: Already checked in
Checked seat_id 483: Already checked in
Checked seat_id 484: Already checked in
Checked seat_id 485: Already checked in
Checked seat_id 486: Already checked in
Checked seat_id 487: Already checked in
Checked seat_id 488: Already checked in
Checked seat_id 489: Already checked in
Checked seat_id 490: Already checked in
Checked seat_id 491: Already checked in
Checked seat_id 492: Already checked in
Checked seat_id 493: Already checked in
Checked seat_id 494: Already checked in
Checked seat_id 495: Already checked in
Checked seat_id 496: Already checked in
Checked seat_id 497: Already checked in
Checked seat_id 498: Already checked in
Checked seat_id 499: Already checked in
Checked seat_id 500: Already checked in
Checked seat_id 501: Already checked in
Checked seat_id 502: Already checked in
Checked seat_id 503: Already checked in
Checked seat_id 504: Already checked in
Checked seat_id 505: Already checked in
Checked seat_id 506: Already checked in
Checked seat_id 507: Already checked in
Checked seat_id 508: Already checked in
Checked seat_id 509: Already checked in
Checked seat_id 510: Already checked in
Checked seat_id 511: Already checked in
Checked seat_id 512: Already checked in
Checked seat_id 513: Already checked in
Checked seat_id 514: Already checked in
Checked seat_id 515: Already checked in
Checked seat_id 516: Already checked in
Checked seat_id 517: Already checked in
Checked seat_id 518: Already checked in
Checked seat_id 519: Already checked in
Checked seat_id 520: Already checked in
Checked seat_id 521: Already checked in
Checked seat_id 522: Already checked in
Checked seat_id 523: Already checked in
Checked seat_id 524: Already checked in
Checked seat_id 525: Already checked in
Checked seat_id 526: Already checked in
Checked seat_id 527: Already checked in
Checked seat_id 528: Already checked in
Checked seat_id 529: Already checked in
Checked seat_id 530: Already checked in
Checked seat_id 531: Already checked in
Checked seat_id 532: Already checked in
Checked seat_id 533: Already checked in
Checked seat_id 534: Already checked in
Checked seat_id 535: Already checked in
Checked seat_id 536: Already checked in
Checked seat_id 537: Already checked in
Checked seat_id 538: Already checked in
Checked seat_id 539: Already checked in
Checked seat_id 540: Already checked in
Checked seat_id 541: Already checked in
Checked seat_id 542: Already checked in
Checked seat_id 543: Already checked in
Checked seat_id 544: Already checked in
Checked seat_id 545: Already checked in
Checked seat_id 546: Already checked in
Checked seat_id 547: Already checked in
Checked seat_id 548: Already checked in
Checked seat_id 549: Already checked in
Checked seat_id 550: Already checked in
Checked seat_id 551: Already checked in
Checked seat_id 552: Already checked in
Checked seat_id 553: Already checked in
Checked seat_id 554: Already checked in
Checked seat_id 555: Already checked in
Checked seat_id 556: Already checked in
Checked seat_id 557: Already checked in
Checked seat_id 558: Already checked in
Checked seat_id 559: Already checked in
Checked seat_id 560: Already checked in
Checked seat_id 561: Already checked in
Checked seat_id 562: Already checked in
Checked seat_id 563: Already checked in
Checked seat_id 564: Already checked in
Checked seat_id 565: Already checked in
Checked seat_id 566: Already checked in
Checked seat_id 567: Already checked in
Checked seat_id 568: Already checked in
Checked seat_id 569: Already checked in
Checked seat_id 570: Already checked in
Checked seat_id 571: Already checked in
Checked seat_id 572: Already checked in
Checked seat_id 573: Already checked in
Checked seat_id 574: Already checked in
Checked seat_id 575: Already checked in
Checked seat_id 576: Already checked in
Checked seat_id 577: Already checked in
Checked seat_id 578: Already checked in
Checked seat_id 579: Already checked in
Checked seat_id 580: Already checked in
Checked seat_id 581: Already checked in
Checked seat_id 582: Already checked in
Checked seat_id 583: Already checked in
Checked seat_id 584: Already checked in
Checked seat_id 585: Already checked in
Checked seat_id 586: Already checked in
Checked seat_id 587: Already checked in
Checked seat_id 588: Already checked in
Checked seat_id 589: Already checked in
Checked seat_id 590: Already checked in
Checked seat_id 591: Already checked in
Checked seat_id 592: Already checked in
Checked seat_id 593: Already checked in
Checked seat_id 594: Already checked in
Checked seat_id 595: Already checked in
Checked seat_id 596: Already checked in
Checked seat_id 597: Already checked in
Checked seat_id 598: Already checked in
Checked seat_id 599: Already checked in
Checked seat_id 600: Already checked in
Checked seat_id 601: Already checked in
Checked seat_id 602: Already checked in
Checked seat_id 603: Already checked in
Checked seat_id 604: Already checked in
Checked seat_id 605: Already checked in
Checked seat_id 606: Already checked in
Checked seat_id 607: Already checked in
Checked seat_id 608: Already checked in
Checked seat_id 609: Already checked in
Checked seat_id 610: Already checked in
Checked seat_id 611: Already checked in
Checked seat_id 612: Already checked in
Checked seat_id 613: Already checked in
Checked seat_id 614: Already checked in
Checked seat_id 615: Already checked in
Checked seat_id 616: Already checked in
Checked seat_id 617: Already checked in
Checked seat_id 618: Already checked in
Checked seat_id 619: Already checked in
Checked seat_id 620: Already checked in
Checked seat_id 621: Already checked in
Checked seat_id 622: Already checked in
Checked seat_id 623: Already checked in
Checked seat_id 624: Already checked in
Checked seat_id 625: Already checked in
Checked seat_id 626: Already checked in
Checked seat_id 627: Already checked in
Checked seat_id 628: Already checked in
Checked seat_id 629: Already checked in
Checked seat_id 630: Already checked in
Checked seat_id 631: Already checked in
Checked seat_id 632: Already checked in
Checked seat_id 633: Already checked in
Checked seat_id 634: Already checked in
Checked seat_id 635: Already checked in
Checked seat_id 636: Already checked in
Checked seat_id 637: Already checked in
Checked seat_id 638: Already checked in
Checked seat_id 639: Already checked in
Checked seat_id 640: Already checked in
Checked seat_id 641: Already checked in
Checked seat_id 642: Already checked in
Checked seat_id 643: Already checked in
Checked seat_id 644: Already checked in
Checked seat_id 645: Already checked in
Checked seat_id 646: Already checked in
Checked seat_id 647: Already checked in
Checked seat_id 648: Already checked in
Checked seat_id 649: Already checked in
Checked seat_id 650: Already checked in
Checked seat_id 651: Already checked in
Checked seat_id 652: Already checked in
Checked seat_id 653: Already checked in
Checked seat_id 654: Already checked in
Checked seat_id 655: Already checked in
Checked seat_id 656: Already checked in
Checked seat_id 657: Already checked in
Checked seat_id 658: Already checked in
Checked seat_id 659: Already checked in
Checked seat_id 660: Already checked in
Checked seat_id 661: Already checked in
Checked seat_id 662: Already checked in
Checked seat_id 663: Already checked in
Checked seat_id 664: Already checked in
Checked seat_id 665: Already checked in
Checked seat_id 666: Already checked in
Checked seat_id 667: Already checked in
Checked seat_id 668: Already checked in
Checked seat_id 669: Already checked in
Checked seat_id 670: Already checked in
Checked seat_id 671: Already checked in
Checked seat_id 672: Already checked in
Checked seat_id 673: Already checked in
Checked seat_id 674: Already checked in
Checked seat_id 675: Already checked in
Checked seat_id 676: Already checked in
Checked seat_id 677: Already checked in
Checked seat_id 678: Already checked in
Checked seat_id 679: Already checked in
Checked seat_id 680: Already checked in
Checked seat_id 681: Already checked in
Checked seat_id 682: Already checked in
Checked seat_id 683: Already checked in
Checked seat_id 684: Already checked in
Checked seat_id 685: Already checked in
Checked seat_id 686: Already checked in
Checked seat_id 687: Already checked in
Checked seat_id 688: Already checked in
Checked seat_id 689: Already checked in
Checked seat_id 690: Already checked in
Checked seat_id 691: Already checked in
Checked seat_id 692: Already checked in
Checked seat_id 693: Already checked in
Checked seat_id 694: Already checked in
Checked seat_id 695: Already checked in
Checked seat_id 696: Already checked in
Checked seat_id 697: Already checked in
Checked seat_id 698: Already checked in
Checked seat_id 699: Already checked in
Checked seat_id 700: Already checked in
Checked seat_id 701: Already checked in
Checked seat_id 702: Already checked in
Checked seat_id 703: Already checked in
Checked seat_id 704: Already checked in
Checked seat_id 705: Meeting criteria - probably my seat!
Checked seat_id 706: Already checked in
Checked seat_id 707: Already checked in
Checked seat_id 708: Already checked in
Checked seat_id 709: Already checked in
Checked seat_id 710: Already checked in
Checked seat_id 711: Already checked in
Checked seat_id 712: Already checked in
Checked seat_id 713: Already checked in
Checked seat_id 714: Already checked in
Checked seat_id 715: Already checked in
Checked seat_id 716: Already checked in
Checked seat_id 717: Already checked in
Checked seat_id 718: Already checked in
Checked seat_id 719: Already checked in
Checked seat_id 720: Already checked in
Checked seat_id 721: Already checked in
Checked seat_id 722: Already checked in
Checked seat_id 723: Already checked in
Checked seat_id 724: Already checked in
Checked seat_id 725: Already checked in
Checked seat_id 726: Already checked in
Checked seat_id 727: Already checked in
Checked seat_id 728: Already checked in
Checked seat_id 729: Already checked in
Checked seat_id 730: Already checked in
Checked seat_id 731: Already checked in
Checked seat_id 732: Already checked in
Checked seat_id 733: Already checked in
Checked seat_id 734: Already checked in
Checked seat_id 735: Already checked in
Checked seat_id 736: Already checked in
Checked seat_id 737: Already checked in
Checked seat_id 738: Already checked in
Checked seat_id 739: Already checked in
Checked seat_id 740: Already checked in
Checked seat_id 741: Already checked in
Checked seat_id 742: Already checked in
Checked seat_id 743: Already checked in
Checked seat_id 744: Already checked in
Checked seat_id 745: Already checked in
Checked seat_id 746: Already checked in
Checked seat_id 747: Already checked in
Checked seat_id 748: Already checked in
Checked seat_id 749: Already checked in
Checked seat_id 750: Already checked in
Checked seat_id 751: Already checked in
Checked seat_id 752: Already checked in
Checked seat_id 753: Already checked in
Checked seat_id 754: Already checked in
Checked seat_id 755: Already checked in
Checked seat_id 756: Already checked in
Checked seat_id 757: Already checked in
Checked seat_id 758: Already checked in
Checked seat_id 759: Already checked in
Checked seat_id 760: Already checked in
Checked seat_id 761: Already checked in
Checked seat_id 762: Already checked in
Checked seat_id 763: Already checked in
Checked seat_id 764: Already checked in
Checked seat_id 765: Already checked in
Checked seat_id 766: Already checked in
Checked seat_id 767: Already checked in
Checked seat_id 768: Already checked in
Checked seat_id 769: Already checked in
Checked seat_id 770: Already checked in
Checked seat_id 771: Already checked in
Checked seat_id 772: Already checked in
Checked seat_id 773: Already checked in
Checked seat_id 774: Already checked in
Checked seat_id 775: Already checked in
Checked seat_id 776: Already checked in
Checked seat_id 777: Already checked in
Checked seat_id 778: Already checked in
Checked seat_id 779: Already checked in
Checked seat_id 780: Already checked in
Checked seat_id 781: Already checked in
Checked seat_id 782: Already checked in
Checked seat_id 783: Already checked in
Checked seat_id 784: Already checked in
Checked seat_id 785: Already checked in
Checked seat_id 786: Already checked in
Checked seat_id 787: Already checked in
Checked seat_id 788: Already checked in
Checked seat_id 789: Already checked in
Checked seat_id 790: Already checked in
Checked seat_id 791: Already checked in
Checked seat_id 792: Already checked in
Checked seat_id 793: Already checked in
Checked seat_id 794: Already checked in
Checked seat_id 795: Already checked in
Checked seat_id 796: Already checked in
Checked seat_id 797: Already checked in
Checked seat_id 798: Already checked in
Checked seat_id 799: Already checked in
Checked seat_id 800: Already checked in
Checked seat_id 801: Already checked in
Checked seat_id 802: Already checked in
Checked seat_id 803: Already checked in
Checked seat_id 804: Already checked in
Checked seat_id 805: Already checked in
Checked seat_id 806: Already checked in
Checked seat_id 807: Already checked in
Checked seat_id 808: Already checked in
Checked seat_id 809: Already checked in
Checked seat_id 810: Already checked in
Checked seat_id 811: Already checked in
Checked seat_id 812: Already checked in
Checked seat_id 813: Already checked in
Checked seat_id 814: Already checked in
Checked seat_id 815: Already checked in
Checked seat_id 816: Already checked in
Checked seat_id 817: Already checked in
Checked seat_id 818: Already checked in
Checked seat_id 819: Already checked in
Checked seat_id 820: Already checked in
Checked seat_id 821: Already checked in

These seat_ids could be mine:
[705]
