Tracing path for slope: 1 right, 1 down
Checking (00|000) - Tree: False
Checking (01|001) - Tree: False
Checking (02|002) - Tree: False
Checking (03|003) - Tree: True
Checking (04|004) - Tree: True
Checking (05|005) - Tree: False
Checking (06|006) - Tree: False
Checking (07|007) - Tree: True
Checking (08|008) - Tree: False
Checking (09|009) - Tree: False
Checking (10|010) - Tree: False
Checking (11|011) - Tree: False
Checking (12|012) - Tree: False
Checking (13|013) - Tree: True
Checking (14|014) - Tree: True
Checking (15|015) - Tree: True
Checking (16|016) - Tree: False
Checking (17|017) - Tree: False
Checking (18|018) - Tree: False
Checking (19|019) - Tree: True
Checking (20|020) - Tree: False
Checking (21|021) - Tree: False
Checking (22|022) - Tree: False
Checking (23|023) - Tree: False
Checking (24|024) - Tree: True
Checking (25|025) - Tree: False
Checking (26|026) - Tree: False
Checking (27|027) - Tree: False
Checking (28|028) - Tree: True
Checking (29|029) - Tree: False
Checking (30|030) - Tree: False
Checking (00|031) - Tree: True
Checking (01|032) - Tree: True
Checking (02|033) - Tree: False
Checking (03|034) - Tree: False
Checking (04|035) - Tree: True
Checking (05|036) - Tree: False
Checking (06|037) - Tree: False
Checking (07|038) - Tree: False
Checking (08|039) - Tree: False
Checking (09|040) - Tree: True
Checking (10|041) - Tree: False
Checking (11|042) - Tree: False
Checking (12|043) - Tree: False
Checking (13|044) - Tree: False
Checking (14|045) - Tree: False
Checking (15|046) - Tree: False
Checking (16|047) - Tree: False
Checking (17|048) - Tree: False
Checking (18|049) - Tree: True
Checking (19|050) - Tree: False
Checking (20|051) - Tree: False
Checking (21|052) - Tree: True
Checking (22|053) - Tree: True
Checking (23|054) - Tree: False
Checking (24|055) - Tree: False
Checking (25|056) - Tree: False
Checking (26|057) - Tree: False
Checking (27|058) - Tree: False
Checking (28|059) - Tree: False
Checking (29|060) - Tree: False
Checking (30|061) - Tree: False
Checking (00|062) - Tree: True
Checking (01|063) - Tree: False
Checking (02|064) - Tree: False
Checking (03|065) - Tree: False
Checking (04|066) - Tree: False
Checking (05|067) - Tree: False
Checking (06|068) - Tree: False
Checking (07|069) - Tree: False
Checking (08|070) - Tree: False
Checking (09|071) - Tree: False
Checking (10|072) - Tree: False
Checking (11|073) - Tree: False
Checking (12|074) - Tree: False
Checking (13|075) - Tree: False
Checking (14|076) - Tree: False
Checking (15|077) - Tree: False
Checking (16|078) - Tree: False
Checking (17|079) - Tree: False
Checking (18|080) - Tree: True
Checking (19|081) - Tree: False
Checking (20|082) - Tree: False
Checking (21|083) - Tree: False
Checking (22|084) - Tree: True
Checking (23|085) - Tree: False
Checking (24|086) - Tree: False
Checking (25|087) - Tree: False
Checking (26|088) - Tree: False
Checking (27|089) - Tree: False
Checking (28|090) - Tree: True
Checking (29|091) - Tree: True
Checking (30|092) - Tree: False
Checking (00|093) - Tree: False
Checking (01|094) - Tree: False
Checking (02|095) - Tree: False
Checking (03|096) - Tree: False
Checking (04|097) - Tree: False
Checking (05|098) - Tree: False
Checking (06|099) - Tree: False
Checking (07|100) - Tree: False
Checking (08|101) - Tree: True
Checking (09|102) - Tree: True
Checking (10|103) - Tree: False
Checking (11|104) - Tree: False
Checking (12|105) - Tree: True
Checking (13|106) - Tree: False
Checking (14|107) - Tree: False
Checking (15|108) - Tree: False
Checking (16|109) - Tree: False
Checking (17|110) - Tree: False
Checking (18|111) - Tree: True
Checking (19|112) - Tree: False
Checking (20|113) - Tree: False
Checking (21|114) - Tree: False
Checking (22|115) - Tree: False
Checking (23|116) - Tree: False
Checking (24|117) - Tree: False
Checking (25|118) - Tree: True
Checking (26|119) - Tree: False
Checking (27|120) - Tree: False
Checking (28|121) - Tree: False
Checking (29|122) - Tree: False
Checking (30|123) - Tree: True
Checking (00|124) - Tree: True
Checking (01|125) - Tree: True
Checking (02|126) - Tree: False
Checking (03|127) - Tree: False
Checking (04|128) - Tree: True
Checking (05|129) - Tree: False
Checking (06|130) - Tree: False
Checking (07|131) - Tree: True
Checking (08|132) - Tree: False
Checking (09|133) - Tree: False
Checking (10|134) - Tree: False
Checking (11|135) - Tree: False
Checking (12|136) - Tree: True
Checking (13|137) - Tree: False
Checking (14|138) - Tree: False
Checking (15|139) - Tree: False
Checking (16|140) - Tree: False
Checking (17|141) - Tree: False
Checking (18|142) - Tree: True
Checking (19|143) - Tree: False
Checking (20|144) - Tree: True
Checking (21|145) - Tree: False
Checking (22|146) - Tree: False
Checking (23|147) - Tree: False
Checking (24|148) - Tree: False
Checking (25|149) - Tree: False
Checking (26|150) - Tree: False
Checking (27|151) - Tree: False
Checking (28|152) - Tree: False
Checking (29|153) - Tree: False
Checking (30|154) - Tree: False
Checking (00|155) - Tree: True
Checking (01|156) - Tree: False
Checking (02|157) - Tree: False
Checking (03|158) - Tree: False
Checking (04|159) - Tree: False
Checking (05|160) - Tree: False
Checking (06|161) - Tree: False
Checking (07|162) - Tree: False
Checking (08|163) - Tree: False
Checking (09|164) - Tree: False
Checking (10|165) - Tree: False
Checking (11|166) - Tree: True
Checking (12|167) - Tree: False
Checking (13|168) - Tree: True
Checking (14|169) - Tree: False
Checking (15|170) - Tree: False
Checking (16|171) - Tree: False
Checking (17|172) - Tree: False
Checking (18|173) - Tree: False
Checking (19|174) - Tree: False
Checking (20|175) - Tree: True
Checking (21|176) - Tree: False
Checking (22|177) - Tree: False
Checking (23|178) - Tree: False
Checking (24|179) - Tree: False
Checking (25|180) - Tree: True
Checking (26|181) - Tree: True
Checking (27|182) - Tree: False
Checking (28|183) - Tree: False
Checking (29|184) - Tree: True
Checking (30|185) - Tree: False
Checking (00|186) - Tree: True
Checking (01|187) - Tree: False
Checking (02|188) - Tree: False
Checking (03|189) - Tree: False
Checking (04|190) - Tree: False
Checking (05|191) - Tree: False
Checking (06|192) - Tree: False
Checking (07|193) - Tree: False
Checking (08|194) - Tree: False
Checking (09|195) - Tree: False
Checking (10|196) - Tree: False
Checking (11|197) - Tree: False
Checking (12|198) - Tree: False
Checking (13|199) - Tree: False
Checking (14|200) - Tree: False
Checking (15|201) - Tree: False
Checking (16|202) - Tree: False
Checking (17|203) - Tree: False
Checking (18|204) - Tree: True
Checking (19|205) - Tree: False
Checking (20|206) - Tree: False
Checking (21|207) - Tree: False
Checking (22|208) - Tree: False
Checking (23|209) - Tree: False
Checking (24|210) - Tree: False
Checking (25|211) - Tree: False
Checking (26|212) - Tree: False
Checking (27|213) - Tree: False
Checking (28|214) - Tree: False
Checking (29|215) - Tree: True
Checking (30|216) - Tree: False
Checking (00|217) - Tree: True
Checking (01|218) - Tree: False
Checking (02|219) - Tree: False
Checking (03|220) - Tree: True
Checking (04|221) - Tree: False
Checking (05|222) - Tree: False
Checking (06|223) - Tree: False
Checking (07|224) - Tree: False
Checking (08|225) - Tree: False
Checking (09|226) - Tree: False
Checking (10|227) - Tree: False
Checking (11|228) - Tree: False
Checking (12|229) - Tree: True
Checking (13|230) - Tree: False
Checking (14|231) - Tree: False
Checking (15|232) - Tree: False
Checking (16|233) - Tree: False
Checking (17|234) - Tree: False
Checking (18|235) - Tree: False
Checking (19|236) - Tree: False
Checking (20|237) - Tree: False
Checking (21|238) - Tree: True
Checking (22|239) - Tree: False
Checking (23|240) - Tree: False
Checking (24|241) - Tree: False
Checking (25|242) - Tree: False
Checking (26|243) - Tree: False
Checking (27|244) - Tree: False
Checking (28|245) - Tree: False
Checking (29|246) - Tree: False
Checking (30|247) - Tree: False
Checking (00|248) - Tree: True
Checking (01|249) - Tree: True
Checking (02|250) - Tree: False
Checking (03|251) - Tree: False
Checking (04|252) - Tree: False
Checking (05|253) - Tree: False
Checking (06|254) - Tree: False
Checking (07|255) - Tree: False
Checking (08|256) - Tree: False
Checking (09|257) - Tree: False
Checking (10|258) - Tree: False
Checking (11|259) - Tree: False
Checking (12|260) - Tree: False
Checking (13|261) - Tree: False
Checking (14|262) - Tree: True
Checking (15|263) - Tree: False
Checking (16|264) - Tree: True
Checking (17|265) - Tree: False
Checking (18|266) - Tree: True
Checking (19|267) - Tree: False
Checking (20|268) - Tree: False
Checking (21|269) - Tree: False
Checking (22|270) - Tree: True
Checking (23|271) - Tree: False
Checking (24|272) - Tree: False
Checking (25|273) - Tree: False
Checking (26|274) - Tree: False
Checking (27|275) - Tree: True
Checking (28|276) - Tree: False
Checking (29|277) - Tree: False
Checking (30|278) - Tree: False
Checking (00|279) - Tree: True
Checking (01|280) - Tree: False
Checking (02|281) - Tree: False
Checking (03|282) - Tree: False
Checking (04|283) - Tree: False
Checking (05|284) - Tree: False
Checking (06|285) - Tree: False
Checking (07|286) - Tree: False
Checking (08|287) - Tree: True
Checking (09|288) - Tree: False
Checking (10|289) - Tree: False
Checking (11|290) - Tree: True
Checking (12|291) - Tree: False
Checking (13|292) - Tree: True
Checking (14|293) - Tree: False
Checking (15|294) - Tree: False
Checking (16|295) - Tree: False
Checking (17|296) - Tree: False
Checking (18|297) - Tree: False
Checking (19|298) - Tree: False
Checking (20|299) - Tree: False
Checking (21|300) - Tree: False
Checking (22|301) - Tree: False
Checking (23|302) - Tree: False
Checking (24|303) - Tree: False
Checking (25|304) - Tree: False
Checking (26|305) - Tree: False
Checking (27|306) - Tree: False
Checking (28|307) - Tree: False
Checking (29|308) - Tree: True
Checking (30|309) - Tree: False
Checking (00|310) - Tree: True
Checking (01|311) - Tree: False
Checking (02|312) - Tree: False
Checking (03|313) - Tree: False
Checking (04|314) - Tree: False
Checking (05|315) - Tree: False
Checking (06|316) - Tree: False
Checking (07|317) - Tree: False
Checking (08|318) - Tree: True
Checking (09|319) - Tree: False
Checking (10|320) - Tree: False
Checking (11|321) - Tree: False
Checking (12|322) - Tree: False
Encountered a total of 62 trees on the way down!

Tracing path for slope: 3 right, 1 down
Checking (00|000) - Tree: False
Checking (03|001) - Tree: False
Checking (06|002) - Tree: False
Checking (09|003) - Tree: False
Checking (12|004) - Tree: False
Checking (15|005) - Tree: True
Checking (18|006) - Tree: True
Checking (21|007) - Tree: True
Checking (24|008) - Tree: True
Checking (27|009) - Tree: False
Checking (30|010) - Tree: True
Checking (02|011) - Tree: True
Checking (05|012) - Tree: True
Checking (08|013) - Tree: True
Checking (11|014) - Tree: True
Checking (14|015) - Tree: True
Checking (17|016) - Tree: True
Checking (20|017) - Tree: True
Checking (23|018) - Tree: True
Checking (26|019) - Tree: False
Checking (29|020) - Tree: True
Checking (01|021) - Tree: True
Checking (04|022) - Tree: True
Checking (07|023) - Tree: True
Checking (10|024) - Tree: False
Checking (13|025) - Tree: True
Checking (16|026) - Tree: False
Checking (19|027) - Tree: True
Checking (22|028) - Tree: False
Checking (25|029) - Tree: True
Checking (28|030) - Tree: True
Checking (00|031) - Tree: True
Checking (03|032) - Tree: True
Checking (06|033) - Tree: False
Checking (09|034) - Tree: True
Checking (12|035) - Tree: False
Checking (15|036) - Tree: True
Checking (18|037) - Tree: True
Checking (21|038) - Tree: True
Checking (24|039) - Tree: False
Checking (27|040) - Tree: False
Checking (30|041) - Tree: True
Checking (02|042) - Tree: True
Checking (05|043) - Tree: True
Checking (08|044) - Tree: False
Checking (11|045) - Tree: True
Checking (14|046) - Tree: False
Checking (17|047) - Tree: False
Checking (20|048) - Tree: False
Checking (23|049) - Tree: True
Checking (26|050) - Tree: True
Checking (29|051) - Tree: True
Checking (01|052) - Tree: True
Checking (04|053) - Tree: False
Checking (07|054) - Tree: True
Checking (10|055) - Tree: False
Checking (13|056) - Tree: True
Checking (16|057) - Tree: False
Checking (19|058) - Tree: False
Checking (22|059) - Tree: True
Checking (25|060) - Tree: False
Checking (28|061) - Tree: True
Checking (00|062) - Tree: True
Checking (03|063) - Tree: True
Checking (06|064) - Tree: True
Checking (09|065) - Tree: True
Checking (12|066) - Tree: False
Checking (15|067) - Tree: False
Checking (18|068) - Tree: True
Checking (21|069) - Tree: True
Checking (24|070) - Tree: False
Checking (27|071) - Tree: False
Checking (30|072) - Tree: True
Checking (02|073) - Tree: False
Checking (05|074) - Tree: False
Checking (08|075) - Tree: True
Checking (11|076) - Tree: False
Checking (14|077) - Tree: False
Checking (17|078) - Tree: True
Checking (20|079) - Tree: True
Checking (23|080) - Tree: False
Checking (26|081) - Tree: True
Checking (29|082) - Tree: False
Checking (01|083) - Tree: True
Checking (04|084) - Tree: True
Checking (07|085) - Tree: False
Checking (10|086) - Tree: True
Checking (13|087) - Tree: False
Checking (16|088) - Tree: False
Checking (19|089) - Tree: True
Checking (22|090) - Tree: True
Checking (25|091) - Tree: True
Checking (28|092) - Tree: False
Checking (00|093) - Tree: False
Checking (03|094) - Tree: True
Checking (06|095) - Tree: False
Checking (09|096) - Tree: True
Checking (12|097) - Tree: True
Checking (15|098) - Tree: False
Checking (18|099) - Tree: False
Checking (21|100) - Tree: False
Checking (24|101) - Tree: True
Checking (27|102) - Tree: False
Checking (30|103) - Tree: True
Checking (02|104) - Tree: False
Checking (05|105) - Tree: True
Checking (08|106) - Tree: True
Checking (11|107) - Tree: True
Checking (14|108) - Tree: False
Checking (17|109) - Tree: False
Checking (20|110) - Tree: True
Checking (23|111) - Tree: False
Checking (26|112) - Tree: False
Checking (29|113) - Tree: True
Checking (01|114) - Tree: False
Checking (04|115) - Tree: False
Checking (07|116) - Tree: False
Checking (10|117) - Tree: True
Checking (13|118) - Tree: True
Checking (16|119) - Tree: True
Checking (19|120) - Tree: True
Checking (22|121) - Tree: True
Checking (25|122) - Tree: True
Checking (28|123) - Tree: False
Checking (00|124) - Tree: True
Checking (03|125) - Tree: True
Checking (06|126) - Tree: True
Checking (09|127) - Tree: True
Checking (12|128) - Tree: False
Checking (15|129) - Tree: True
Checking (18|130) - Tree: False
Checking (21|131) - Tree: True
Checking (24|132) - Tree: True
Checking (27|133) - Tree: True
Checking (30|134) - Tree: False
Checking (02|135) - Tree: False
Checking (05|136) - Tree: True
Checking (08|137) - Tree: True
Checking (11|138) - Tree: False
Checking (14|139) - Tree: False
Checking (17|140) - Tree: True
Checking (20|141) - Tree: False
Checking (23|142) - Tree: False
Checking (26|143) - Tree: True
Checking (29|144) - Tree: False
Checking (01|145) - Tree: False
Checking (04|146) - Tree: False
Checking (07|147) - Tree: False
Checking (10|148) - Tree: False
Checking (13|149) - Tree: True
Checking (16|150) - Tree: False
Checking (19|151) - Tree: False
Checking (22|152) - Tree: True
Checking (25|153) - Tree: False
Checking (28|154) - Tree: False
Checking (00|155) - Tree: True
Checking (03|156) - Tree: True
Checking (06|157) - Tree: True
Checking (09|158) - Tree: True
Checking (12|159) - Tree: False
Checking (15|160) - Tree: True
Checking (18|161) - Tree: True
Checking (21|162) - Tree: False
Checking (24|163) - Tree: True
Checking (27|164) - Tree: False
Checking (30|165) - Tree: True
Checking (02|166) - Tree: True
Checking (05|167) - Tree: False
Checking (08|168) - Tree: False
Checking (11|169) - Tree: True
Checking (14|170) - Tree: True
Checking (17|171) - Tree: True
Checking (20|172) - Tree: False
Checking (23|173) - Tree: True
Checking (26|174) - Tree: False
Checking (29|175) - Tree: False
Checking (01|176) - Tree: True
Checking (04|177) - Tree: False
Checking (07|178) - Tree: True
Checking (10|179) - Tree: False
Checking (13|180) - Tree: True
Checking (16|181) - Tree: True
Checking (19|182) - Tree: False
Checking (22|183) - Tree: False
Checking (25|184) - Tree: False
Checking (28|185) - Tree: True
Checking (00|186) - Tree: True
Checking (03|187) - Tree: False
Checking (06|188) - Tree: False
Checking (09|189) - Tree: True
Checking (12|190) - Tree: True
Checking (15|191) - Tree: True
Checking (18|192) - Tree: False
Checking (21|193) - Tree: True
Checking (24|194) - Tree: False
Checking (27|195) - Tree: False
Checking (30|196) - Tree: True
Checking (02|197) - Tree: True
Checking (05|198) - Tree: False
Checking (08|199) - Tree: True
Checking (11|200) - Tree: True
Checking (14|201) - Tree: True
Checking (17|202) - Tree: False
Checking (20|203) - Tree: False
Checking (23|204) - Tree: True
Checking (26|205) - Tree: False
Checking (29|206) - Tree: True
Checking (01|207) - Tree: True
Checking (04|208) - Tree: False
Checking (07|209) - Tree: False
Checking (10|210) - Tree: False
Checking (13|211) - Tree: True
Checking (16|212) - Tree: True
Checking (19|213) - Tree: True
Checking (22|214) - Tree: False
Checking (25|215) - Tree: False
Checking (28|216) - Tree: True
Checking (00|217) - Tree: True
Checking (03|218) - Tree: False
Checking (06|219) - Tree: True
Checking (09|220) - Tree: True
Checking (12|221) - Tree: False
Checking (15|222) - Tree: False
Checking (18|223) - Tree: False
Checking (21|224) - Tree: False
Checking (24|225) - Tree: True
Checking (27|226) - Tree: True
Checking (30|227) - Tree: True
Checking (02|228) - Tree: True
Checking (05|229) - Tree: False
Checking (08|230) - Tree: False
Checking (11|231) - Tree: False
Checking (14|232) - Tree: True
Checking (17|233) - Tree: True
Checking (20|234) - Tree: True
Checking (23|235) - Tree: False
Checking (26|236) - Tree: False
Checking (29|237) - Tree: True
Checking (01|238) - Tree: False
Checking (04|239) - Tree: True
Checking (07|240) - Tree: False
Checking (10|241) - Tree: False
Checking (13|242) - Tree: True
Checking (16|243) - Tree: False
Checking (19|244) - Tree: True
Checking (22|245) - Tree: False
Checking (25|246) - Tree: True
Checking (28|247) - Tree: True
Checking (00|248) - Tree: True
Checking (03|249) - Tree: True
Checking (06|250) - Tree: False
Checking (09|251) - Tree: False
Checking (12|252) - Tree: True
Checking (15|253) - Tree: True
Checking (18|254) - Tree: True
Checking (21|255) - Tree: False
Checking (24|256) - Tree: True
Checking (27|257) - Tree: False
Checking (30|258) - Tree: False
Checking (02|259) - Tree: True
Checking (05|260) - Tree: True
Checking (08|261) - Tree: False
Checking (11|262) - Tree: True
Checking (14|263) - Tree: True
Checking (17|264) - Tree: False
Checking (20|265) - Tree: True
Checking (23|266) - Tree: True
Checking (26|267) - Tree: False
Checking (29|268) - Tree: False
Checking (01|269) - Tree: True
Checking (04|270) - Tree: True
Checking (07|271) - Tree: False
Checking (10|272) - Tree: True
Checking (13|273) - Tree: True
Checking (16|274) - Tree: True
Checking (19|275) - Tree: True
Checking (22|276) - Tree: True
Checking (25|277) - Tree: True
Checking (28|278) - Tree: False
Checking (00|279) - Tree: True
Checking (03|280) - Tree: True
Checking (06|281) - Tree: False
Checking (09|282) - Tree: False
Checking (12|283) - Tree: True
Checking (15|284) - Tree: True
Checking (18|285) - Tree: True
Checking (21|286) - Tree: True
Checking (24|287) - Tree: True
Checking (27|288) - Tree: True
Checking (30|289) - Tree: True
Checking (02|290) - Tree: True
Checking (05|291) - Tree: True
Checking (08|292) - Tree: False
Checking (11|293) - Tree: True
Checking (14|294) - Tree: False
Checking (17|295) - Tree: False
Checking (20|296) - Tree: True
Checking (23|297) - Tree: False
Checking (26|298) - Tree: False
Checking (29|299) - Tree: True
Checking (01|300) - Tree: False
Checking (04|301) - Tree: False
Checking (07|302) - Tree: True
Checking (10|303) - Tree: True
Checking (13|304) - Tree: True
Checking (16|305) - Tree: True
Checking (19|306) - Tree: True
Checking (22|307) - Tree: False
Checking (25|308) - Tree: False
Checking (28|309) - Tree: True
Checking (00|310) - Tree: True
Checking (03|311) - Tree: True
Checking (06|312) - Tree: False
Checking (09|313) - Tree: False
Checking (12|314) - Tree: False
Checking (15|315) - Tree: True
Checking (18|316) - Tree: True
Checking (21|317) - Tree: True
Checking (24|318) - Tree: False
Checking (27|319) - Tree: False
Checking (30|320) - Tree: False
Checking (02|321) - Tree: True
Checking (05|322) - Tree: True
Encountered a total of 184 trees on the way down!

Tracing path for slope: 5 right, 1 down
Checking (00|000) - Tree: False
Checking (05|001) - Tree: False
Checking (10|002) - Tree: False
Checking (15|003) - Tree: False
Checking (20|004) - Tree: True
Checking (25|005) - Tree: False
Checking (30|006) - Tree: False
Checking (04|007) - Tree: False
Checking (09|008) - Tree: False
Checking (14|009) - Tree: True
Checking (19|010) - Tree: False
Checking (24|011) - Tree: True
Checking (29|012) - Tree: False
Checking (03|013) - Tree: False
Checking (08|014) - Tree: False
Checking (13|015) - Tree: False
Checking (18|016) - Tree: False
Checking (23|017) - Tree: False
Checking (28|018) - Tree: True
Checking (02|019) - Tree: False
Checking (07|020) - Tree: False
Checking (12|021) - Tree: False
Checking (17|022) - Tree: False
Checking (22|023) - Tree: False
Checking (27|024) - Tree: True
Checking (01|025) - Tree: False
Checking (06|026) - Tree: True
Checking (11|027) - Tree: True
Checking (16|028) - Tree: False
Checking (21|029) - Tree: False
Checking (26|030) - Tree: False
Checking (00|031) - Tree: True
Checking (05|032) - Tree: False
Checking (10|033) - Tree: False
Checking (15|034) - Tree: True
Checking (20|035) - Tree: False
Checking (25|036) - Tree: True
Checking (30|037) - Tree: False
Checking (04|038) - Tree: False
Checking (09|039) - Tree: True
Checking (14|040) - Tree: False
Checking (19|041) - Tree: False
Checking (24|042) - Tree: False
Checking (29|043) - Tree: False
Checking (03|044) - Tree: True
Checking (08|045) - Tree: False
Checking (13|046) - Tree: False
Checking (18|047) - Tree: False
Checking (23|048) - Tree: False
Checking (28|049) - Tree: True
Checking (02|050) - Tree: True
Checking (07|051) - Tree: False
Checking (12|052) - Tree: False
Checking (17|053) - Tree: False
Checking (22|054) - Tree: False
Checking (27|055) - Tree: False
Checking (01|056) - Tree: True
Checking (06|057) - Tree: False
Checking (11|058) - Tree: False
Checking (16|059) - Tree: False
Checking (21|060) - Tree: False
Checking (26|061) - Tree: False
Checking (00|062) - Tree: True
Checking (05|063) - Tree: False
Checking (10|064) - Tree: False
Checking (15|065) - Tree: True
Checking (20|066) - Tree: False
Checking (25|067) - Tree: False
Checking (30|068) - Tree: True
Checking (04|069) - Tree: False
Checking (09|070) - Tree: False
Checking (14|071) - Tree: False
Checking (19|072) - Tree: True
Checking (24|073) - Tree: False
Checking (29|074) - Tree: False
Checking (03|075) - Tree: False
Checking (08|076) - Tree: False
Checking (13|077) - Tree: False
Checking (18|078) - Tree: False
Checking (23|079) - Tree: False
Checking (28|080) - Tree: False
Checking (02|081) - Tree: False
Checking (07|082) - Tree: False
Checking (12|083) - Tree: False
Checking (17|084) - Tree: False
Checking (22|085) - Tree: True
Checking (27|086) - Tree: False
Checking (01|087) - Tree: False
Checking (06|088) - Tree: True
Checking (11|089) - Tree: False
Checking (16|090) - Tree: False
Checking (21|091) - Tree: False
Checking (26|092) - Tree: False
Checking (00|093) - Tree: False
Checking (05|094) - Tree: False
Checking (10|095) - Tree: False
Checking (15|096) - Tree: False
Checking (20|097) - Tree: False
Checking (25|098) - Tree: True
Checking (30|099) - Tree: False
Checking (04|100) - Tree: False
Checking (09|101) - Tree: False
Checking (14|102) - Tree: False
Checking (19|103) - Tree: False
Checking (24|104) - Tree: False
Checking (29|105) - Tree: True
Checking (03|106) - Tree: True
Checking (08|107) - Tree: False
Checking (13|108) - Tree: False
Checking (18|109) - Tree: True
Checking (23|110) - Tree: True
Checking (28|111) - Tree: True
Checking (02|112) - Tree: False
Checking (07|113) - Tree: True
Checking (12|114) - Tree: False
Checking (17|115) - Tree: False
Checking (22|116) - Tree: True
Checking (27|117) - Tree: False
Checking (01|118) - Tree: False
Checking (06|119) - Tree: True
Checking (11|120) - Tree: False
Checking (16|121) - Tree: True
Checking (21|122) - Tree: True
Checking (26|123) - Tree: False
Checking (00|124) - Tree: True
Checking (05|125) - Tree: True
Checking (10|126) - Tree: False
Checking (15|127) - Tree: False
Checking (20|128) - Tree: False
Checking (25|129) - Tree: True
Checking (30|130) - Tree: True
Checking (04|131) - Tree: False
Checking (09|132) - Tree: False
Checking (14|133) - Tree: False
Checking (19|134) - Tree: False
Checking (24|135) - Tree: False
Checking (29|136) - Tree: False
Checking (03|137) - Tree: True
Checking (08|138) - Tree: False
Checking (13|139) - Tree: False
Checking (18|140) - Tree: True
Checking (23|141) - Tree: False
Checking (28|142) - Tree: False
Checking (02|143) - Tree: False
Checking (07|144) - Tree: False
Checking (12|145) - Tree: False
Checking (17|146) - Tree: False
Checking (22|147) - Tree: False
Checking (27|148) - Tree: False
Checking (01|149) - Tree: False
Checking (06|150) - Tree: True
Checking (11|151) - Tree: True
Checking (16|152) - Tree: True
Checking (21|153) - Tree: False
Checking (26|154) - Tree: True
Checking (00|155) - Tree: True
Checking (05|156) - Tree: False
Checking (10|157) - Tree: False
Checking (15|158) - Tree: False
Checking (20|159) - Tree: False
Checking (25|160) - Tree: False
Checking (30|161) - Tree: False
Checking (04|162) - Tree: False
Checking (09|163) - Tree: False
Checking (14|164) - Tree: False
Checking (19|165) - Tree: False
Checking (24|166) - Tree: False
Checking (29|167) - Tree: False
Checking (03|168) - Tree: True
Checking (08|169) - Tree: True
Checking (13|170) - Tree: False
Checking (18|171) - Tree: True
Checking (23|172) - Tree: False
Checking (28|173) - Tree: False
Checking (02|174) - Tree: True
Checking (07|175) - Tree: False
Checking (12|176) - Tree: True
Checking (17|177) - Tree: True
Checking (22|178) - Tree: False
Checking (27|179) - Tree: False
Checking (01|180) - Tree: True
Checking (06|181) - Tree: True
Checking (11|182) - Tree: False
Checking (16|183) - Tree: True
Checking (21|184) - Tree: False
Checking (26|185) - Tree: False
Checking (00|186) - Tree: True
Checking (05|187) - Tree: True
Checking (10|188) - Tree: False
Checking (15|189) - Tree: False
Checking (20|190) - Tree: False
Checking (25|191) - Tree: True
Checking (30|192) - Tree: False
Checking (04|193) - Tree: False
Checking (09|194) - Tree: False
Checking (14|195) - Tree: False
Checking (19|196) - Tree: True
Checking (24|197) - Tree: True
Checking (29|198) - Tree: False
Checking (03|199) - Tree: False
Checking (08|200) - Tree: False
Checking (13|201) - Tree: False
Checking (18|202) - Tree: False
Checking (23|203) - Tree: False
Checking (28|204) - Tree: False
Checking (02|205) - Tree: False
Checking (07|206) - Tree: False
Checking (12|207) - Tree: False
Checking (17|208) - Tree: False
Checking (22|209) - Tree: True
Checking (27|210) - Tree: False
Checking (01|211) - Tree: True
Checking (06|212) - Tree: False
Checking (11|213) - Tree: True
Checking (16|214) - Tree: False
Checking (21|215) - Tree: True
Checking (26|216) - Tree: True
Checking (00|217) - Tree: True
Checking (05|218) - Tree: True
Checking (10|219) - Tree: False
Checking (15|220) - Tree: False
Checking (20|221) - Tree: False
Checking (25|222) - Tree: False
Checking (30|223) - Tree: False
Checking (04|224) - Tree: False
Checking (09|225) - Tree: False
Checking (14|226) - Tree: False
Checking (19|227) - Tree: True
Checking (24|228) - Tree: False
Checking (29|229) - Tree: False
Checking (03|230) - Tree: False
Checking (08|231) - Tree: False
Checking (13|232) - Tree: False
Checking (18|233) - Tree: False
Checking (23|234) - Tree: False
Checking (28|235) - Tree: False
Checking (02|236) - Tree: False
Checking (07|237) - Tree: True
Checking (12|238) - Tree: False
Checking (17|239) - Tree: False
Checking (22|240) - Tree: False
Checking (27|241) - Tree: False
Checking (01|242) - Tree: False
Checking (06|243) - Tree: False
Checking (11|244) - Tree: False
Checking (16|245) - Tree: False
Checking (21|246) - Tree: False
Checking (26|247) - Tree: False
Checking (00|248) - Tree: True
Checking (05|249) - Tree: False
Checking (10|250) - Tree: True
Checking (15|251) - Tree: False
Checking (20|252) - Tree: False
Checking (25|253) - Tree: False
Checking (30|254) - Tree: False
Checking (04|255) - Tree: False
Checking (09|256) - Tree: False
Checking (14|257) - Tree: False
Checking (19|258) - Tree: False
Checking (24|259) - Tree: False
Checking (29|260) - Tree: False
Checking (03|261) - Tree: True
Checking (08|262) - Tree: False
Checking (13|263) - Tree: False
Checking (18|264) - Tree: False
Checking (23|265) - Tree: False
Checking (28|266) - Tree: False
Checking (02|267) - Tree: False
Checking (07|268) - Tree: True
Checking (12|269) - Tree: False
Checking (17|270) - Tree: False
Checking (22|271) - Tree: False
Checking (27|272) - Tree: False
Checking (01|273) - Tree: False
Checking (06|274) - Tree: False
Checking (11|275) - Tree: False
Checking (16|276) - Tree: False
Checking (21|277) - Tree: False
Checking (26|278) - Tree: False
Checking (00|279) - Tree: True
Checking (05|280) - Tree: False
Checking (10|281) - Tree: True
Checking (15|282) - Tree: False
Checking (20|283) - Tree: False
Checking (25|284) - Tree: False
Checking (30|285) - Tree: True
Checking (04|286) - Tree: False
Checking (09|287) - Tree: False
Checking (14|288) - Tree: False
Checking (19|289) - Tree: False
Checking (24|290) - Tree: False
Checking (29|291) - Tree: False
Checking (03|292) - Tree: False
Checking (08|293) - Tree: False
Checking (13|294) - Tree: False
Checking (18|295) - Tree: False
Checking (23|296) - Tree: True
Checking (28|297) - Tree: False
Checking (02|298) - Tree: False
Checking (07|299) - Tree: True
Checking (12|300) - Tree: False
Checking (17|301) - Tree: False
Checking (22|302) - Tree: False
Checking (27|303) - Tree: False
Checking (01|304) - Tree: False
Checking (06|305) - Tree: False
Checking (11|306) - Tree: False
Checking (16|307) - Tree: True
Checking (21|308) - Tree: True
Checking (26|309) - Tree: False
Checking (00|310) - Tree: True
Checking (05|311) - Tree: False
Checking (10|312) - Tree: False
Checking (15|313) - Tree: False
Checking (20|314) - Tree: False
Checking (25|315) - Tree: False
Checking (30|316) - Tree: True
Checking (04|317) - Tree: True
Checking (09|318) - Tree: False
Checking (14|319) - Tree: False
Checking (19|320) - Tree: False
Checking (24|321) - Tree: False
Checking (29|322) - Tree: False
Encountered a total of 80 trees on the way down!

Tracing path for slope: 7 right, 1 down
Checking (00|000) - Tree: False
Checking (07|001) - Tree: True
Checking (14|002) - Tree: False
Checking (21|003) - Tree: False
Checking (28|004) - Tree: False
Checking (04|005) - Tree: False
Checking (11|006) - Tree: False
Checking (18|007) - Tree: False
Checking (25|008) - Tree: False
Checking (01|009) - Tree: False
Checking (08|010) - Tree: False
Checking (15|011) - Tree: False
Checking (22|012) - Tree: False
Checking (29|013) - Tree: False
Checking (05|014) - Tree: True
Checking (12|015) - Tree: True
Checking (19|016) - Tree: False
Checking (26|017) - Tree: False
Checking (02|018) - Tree: False
Checking (09|019) - Tree: True
Checking (16|020) - Tree: False
Checking (23|021) - Tree: False
Checking (30|022) - Tree: False
Checking (06|023) - Tree: False
Checking (13|024) - Tree: False
Checking (20|025) - Tree: True
Checking (27|026) - Tree: False
Checking (03|027) - Tree: True
Checking (10|028) - Tree: False
Checking (17|029) - Tree: True
Checking (24|030) - Tree: False
Checking (00|031) - Tree: True
Checking (07|032) - Tree: False
Checking (14|033) - Tree: False
Checking (21|034) - Tree: False
Checking (28|035) - Tree: False
Checking (04|036) - Tree: False
Checking (11|037) - Tree: True
Checking (18|038) - Tree: False
Checking (25|039) - Tree: False
Checking (01|040) - Tree: True
Checking (08|041) - Tree: False
Checking (15|042) - Tree: False
Checking (22|043) - Tree: False
Checking (29|044) - Tree: False
Checking (05|045) - Tree: False
Checking (12|046) - Tree: True
Checking (19|047) - Tree: False
Checking (26|048) - Tree: True
Checking (02|049) - Tree: False
Checking (09|050) - Tree: False
Checking (16|051) - Tree: True
Checking (23|052) - Tree: False
Checking (30|053) - Tree: False
Checking (06|054) - Tree: False
Checking (13|055) - Tree: False
Checking (20|056) - Tree: True
Checking (27|057) - Tree: False
Checking (03|058) - Tree: False
Checking (10|059) - Tree: False
Checking (17|060) - Tree: False
Checking (24|061) - Tree: False
Checking (00|062) - Tree: True
Checking (07|063) - Tree: False
Checking (14|064) - Tree: False
Checking (21|065) - Tree: False
Checking (28|066) - Tree: False
Checking (04|067) - Tree: False
Checking (11|068) - Tree: True
Checking (18|069) - Tree: False
Checking (25|070) - Tree: False
Checking (01|071) - Tree: False
Checking (08|072) - Tree: True
Checking (15|073) - Tree: False
Checking (22|074) - Tree: False
Checking (29|075) - Tree: True
Checking (05|076) - Tree: True
Checking (12|077) - Tree: False
Checking (19|078) - Tree: True
Checking (26|079) - Tree: True
Checking (02|080) - Tree: False
Checking (09|081) - Tree: False
Checking (16|082) - Tree: False
Checking (23|083) - Tree: False
Checking (30|084) - Tree: True
Checking (06|085) - Tree: False
Checking (13|086) - Tree: False
Checking (20|087) - Tree: False
Checking (27|088) - Tree: False
Checking (03|089) - Tree: False
Checking (10|090) - Tree: False
Checking (17|091) - Tree: False
Checking (24|092) - Tree: False
Checking (00|093) - Tree: False
Checking (07|094) - Tree: False
Checking (14|095) - Tree: False
Checking (21|096) - Tree: False
Checking (28|097) - Tree: False
Checking (04|098) - Tree: False
Checking (11|099) - Tree: False
Checking (18|100) - Tree: True
Checking (25|101) - Tree: False
Checking (01|102) - Tree: False
Checking (08|103) - Tree: True
Checking (15|104) - Tree: True
Checking (22|105) - Tree: False
Checking (29|106) - Tree: False
Checking (05|107) - Tree: True
Checking (12|108) - Tree: False
Checking (19|109) - Tree: True
Checking (26|110) - Tree: False
Checking (02|111) - Tree: True
Checking (09|112) - Tree: True
Checking (16|113) - Tree: False
Checking (23|114) - Tree: True
Checking (30|115) - Tree: False
Checking (06|116) - Tree: True
Checking (13|117) - Tree: False
Checking (20|118) - Tree: True
Checking (27|119) - Tree: False
Checking (03|120) - Tree: False
Checking (10|121) - Tree: False
Checking (17|122) - Tree: True
Checking (24|123) - Tree: False
Checking (00|124) - Tree: True
Checking (07|125) - Tree: False
Checking (14|126) - Tree: True
Checking (21|127) - Tree: False
Checking (28|128) - Tree: False
Checking (04|129) - Tree: False
Checking (11|130) - Tree: False
Checking (18|131) - Tree: False
Checking (25|132) - Tree: False
Checking (01|133) - Tree: True
Checking (08|134) - Tree: False
Checking (15|135) - Tree: False
Checking (22|136) - Tree: False
Checking (29|137) - Tree: False
Checking (05|138) - Tree: False
Checking (12|139) - Tree: False
Checking (19|140) - Tree: False
Checking (26|141) - Tree: True
Checking (02|142) - Tree: False
Checking (09|143) - Tree: False
Checking (16|144) - Tree: False
Checking (23|145) - Tree: False
Checking (30|146) - Tree: False
Checking (06|147) - Tree: False
Checking (13|148) - Tree: False
Checking (20|149) - Tree: False
Checking (27|150) - Tree: False
Checking (03|151) - Tree: False
Checking (10|152) - Tree: False
Checking (17|153) - Tree: False
Checking (24|154) - Tree: False
Checking (00|155) - Tree: True
Checking (07|156) - Tree: False
Checking (14|157) - Tree: False
Checking (21|158) - Tree: False
Checking (28|159) - Tree: False
Checking (04|160) - Tree: False
Checking (11|161) - Tree: False
Checking (18|162) - Tree: False
Checking (25|163) - Tree: False
Checking (01|164) - Tree: True
Checking (08|165) - Tree: False
Checking (15|166) - Tree: False
Checking (22|167) - Tree: False
Checking (29|168) - Tree: False
Checking (05|169) - Tree: False
Checking (12|170) - Tree: False
Checking (19|171) - Tree: True
Checking (26|172) - Tree: False
Checking (02|173) - Tree: False
Checking (09|174) - Tree: True
Checking (16|175) - Tree: False
Checking (23|176) - Tree: False
Checking (30|177) - Tree: False
Checking (06|178) - Tree: False
Checking (13|179) - Tree: False
Checking (20|180) - Tree: False
Checking (27|181) - Tree: False
Checking (03|182) - Tree: False
Checking (10|183) - Tree: False
Checking (17|184) - Tree: False
Checking (24|185) - Tree: False
Checking (00|186) - Tree: True
Checking (07|187) - Tree: False
Checking (14|188) - Tree: True
Checking (21|189) - Tree: False
Checking (28|190) - Tree: False
Checking (04|191) - Tree: False
Checking (11|192) - Tree: False
Checking (18|193) - Tree: False
Checking (25|194) - Tree: False
Checking (01|195) - Tree: True
Checking (08|196) - Tree: False
Checking (15|197) - Tree: False
Checking (22|198) - Tree: True
Checking (29|199) - Tree: False
Checking (05|200) - Tree: False
Checking (12|201) - Tree: True
Checking (19|202) - Tree: False
Checking (26|203) - Tree: False
Checking (02|204) - Tree: False
Checking (09|205) - Tree: False
Checking (16|206) - Tree: False
Checking (23|207) - Tree: False
Checking (30|208) - Tree: True
Checking (06|209) - Tree: False
Checking (13|210) - Tree: False
Checking (20|211) - Tree: False
Checking (27|212) - Tree: False
Checking (03|213) - Tree: False
Checking (10|214) - Tree: False
Checking (17|215) - Tree: True
Checking (24|216) - Tree: False
Checking (00|217) - Tree: True
Checking (07|218) - Tree: False
Checking (14|219) - Tree: False
Checking (21|220) - Tree: True
Checking (28|221) - Tree: False
Checking (04|222) - Tree: False
Checking (11|223) - Tree: False
Checking (18|224) - Tree: False
Checking (25|225) - Tree: True
Checking (01|226) - Tree: False
Checking (08|227) - Tree: True
Checking (15|228) - Tree: True
Checking (22|229) - Tree: False
Checking (29|230) - Tree: False
Checking (05|231) - Tree: False
Checking (12|232) - Tree: False
Checking (19|233) - Tree: False
Checking (26|234) - Tree: False
Checking (02|235) - Tree: False
Checking (09|236) - Tree: False
Checking (16|237) - Tree: False
Checking (23|238) - Tree: False
Checking (30|239) - Tree: False
Checking (06|240) - Tree: False
Checking (13|241) - Tree: True
Checking (20|242) - Tree: False
Checking (27|243) - Tree: False
Checking (03|244) - Tree: False
Checking (10|245) - Tree: False
Checking (17|246) - Tree: False
Checking (24|247) - Tree: False
Checking (00|248) - Tree: True
Checking (07|249) - Tree: False
Checking (14|250) - Tree: False
Checking (21|251) - Tree: False
Checking (28|252) - Tree: True
Checking (04|253) - Tree: False
Checking (11|254) - Tree: True
Checking (18|255) - Tree: False
Checking (25|256) - Tree: True
Checking (01|257) - Tree: False
Checking (08|258) - Tree: False
Checking (15|259) - Tree: False
Checking (22|260) - Tree: False
Checking (29|261) - Tree: False
Checking (05|262) - Tree: False
Checking (12|263) - Tree: False
Checking (19|264) - Tree: False
Checking (26|265) - Tree: True
Checking (02|266) - Tree: True
Checking (09|267) - Tree: False
Checking (16|268) - Tree: False
Checking (23|269) - Tree: False
Checking (30|270) - Tree: False
Checking (06|271) - Tree: False
Checking (13|272) - Tree: True
Checking (20|273) - Tree: True
Checking (27|274) - Tree: False
Checking (03|275) - Tree: False
Checking (10|276) - Tree: False
Checking (17|277) - Tree: False
Checking (24|278) - Tree: False
Checking (00|279) - Tree: True
Checking (07|280) - Tree: True
Checking (14|281) - Tree: False
Checking (21|282) - Tree: False
Checking (28|283) - Tree: True
Checking (04|284) - Tree: True
Checking (11|285) - Tree: False
Checking (18|286) - Tree: False
Checking (25|287) - Tree: False
Checking (01|288) - Tree: True
Checking (08|289) - Tree: False
Checking (15|290) - Tree: False
Checking (22|291) - Tree: False
Checking (29|292) - Tree: False
Checking (05|293) - Tree: True
Checking (12|294) - Tree: False
Checking (19|295) - Tree: False
Checking (26|296) - Tree: False
Checking (02|297) - Tree: False
Checking (09|298) - Tree: False
Checking (16|299) - Tree: False
Checking (23|300) - Tree: False
Checking (30|301) - Tree: False
Checking (06|302) - Tree: False
Checking (13|303) - Tree: False
Checking (20|304) - Tree: False
Checking (27|305) - Tree: True
Checking (03|306) - Tree: False
Checking (10|307) - Tree: True
Checking (17|308) - Tree: False
Checking (24|309) - Tree: False
Checking (00|310) - Tree: True
Checking (07|311) - Tree: True
Checking (14|312) - Tree: True
Checking (21|313) - Tree: False
Checking (28|314) - Tree: True
Checking (04|315) - Tree: False
Checking (11|316) - Tree: False
Checking (18|317) - Tree: False
Checking (25|318) - Tree: False
Checking (01|319) - Tree: False
Checking (08|320) - Tree: False
Checking (15|321) - Tree: False
Checking (22|322) - Tree: False
Encountered a total of 74 trees on the way down!

Tracing path for slope: 1 right, 2 down
Checking (00|000) - Tree: False
Checking (02|002) - Tree: False
Checking (04|004) - Tree: True
Checking (06|006) - Tree: False
Checking (08|008) - Tree: False
Checking (10|010) - Tree: False
Checking (12|012) - Tree: False
Checking (14|014) - Tree: True
Checking (16|016) - Tree: False
Checking (18|018) - Tree: False
Checking (20|020) - Tree: False
Checking (22|022) - Tree: False
Checking (24|024) - Tree: True
Checking (26|026) - Tree: False
Checking (28|028) - Tree: True
Checking (30|030) - Tree: False
Checking (01|032) - Tree: True
Checking (03|034) - Tree: False
Checking (05|036) - Tree: False
Checking (07|038) - Tree: False
Checking (09|040) - Tree: True
Checking (11|042) - Tree: False
Checking (13|044) - Tree: False
Checking (15|046) - Tree: False
Checking (17|048) - Tree: False
Checking (19|050) - Tree: False
Checking (21|052) - Tree: True
Checking (23|054) - Tree: False
Checking (25|056) - Tree: False
Checking (27|058) - Tree: False
Checking (29|060) - Tree: False
Checking (00|062) - Tree: True
Checking (02|064) - Tree: False
Checking (04|066) - Tree: False
Checking (06|068) - Tree: False
Checking (08|070) - Tree: False
Checking (10|072) - Tree: False
Checking (12|074) - Tree: False
Checking (14|076) - Tree: False
Checking (16|078) - Tree: False
Checking (18|080) - Tree: True
Checking (20|082) - Tree: False
Checking (22|084) - Tree: True
Checking (24|086) - Tree: False
Checking (26|088) - Tree: False
Checking (28|090) - Tree: True
Checking (30|092) - Tree: False
Checking (01|094) - Tree: False
Checking (03|096) - Tree: False
Checking (05|098) - Tree: False
Checking (07|100) - Tree: False
Checking (09|102) - Tree: True
Checking (11|104) - Tree: False
Checking (13|106) - Tree: False
Checking (15|108) - Tree: False
Checking (17|110) - Tree: False
Checking (19|112) - Tree: False
Checking (21|114) - Tree: False
Checking (23|116) - Tree: False
Checking (25|118) - Tree: True
Checking (27|120) - Tree: False
Checking (29|122) - Tree: False
Checking (00|124) - Tree: True
Checking (02|126) - Tree: False
Checking (04|128) - Tree: True
Checking (06|130) - Tree: False
Checking (08|132) - Tree: False
Checking (10|134) - Tree: False
Checking (12|136) - Tree: True
Checking (14|138) - Tree: False
Checking (16|140) - Tree: False
Checking (18|142) - Tree: True
Checking (20|144) - Tree: True
Checking (22|146) - Tree: False
Checking (24|148) - Tree: False
Checking (26|150) - Tree: False
Checking (28|152) - Tree: False
Checking (30|154) - Tree: False
Checking (01|156) - Tree: False
Checking (03|158) - Tree: False
Checking (05|160) - Tree: False
Checking (07|162) - Tree: False
Checking (09|164) - Tree: False
Checking (11|166) - Tree: True
Checking (13|168) - Tree: True
Checking (15|170) - Tree: False
Checking (17|172) - Tree: False
Checking (19|174) - Tree: False
Checking (21|176) - Tree: False
Checking (23|178) - Tree: False
Checking (25|180) - Tree: True
Checking (27|182) - Tree: False
Checking (29|184) - Tree: True
Checking (00|186) - Tree: True
Checking (02|188) - Tree: False
Checking (04|190) - Tree: False
Checking (06|192) - Tree: False
Checking (08|194) - Tree: False
Checking (10|196) - Tree: False
Checking (12|198) - Tree: False
Checking (14|200) - Tree: False
Checking (16|202) - Tree: False
Checking (18|204) - Tree: True
Checking (20|206) - Tree: False
Checking (22|208) - Tree: False
Checking (24|210) - Tree: False
Checking (26|212) - Tree: False
Checking (28|214) - Tree: False
Checking (30|216) - Tree: False
Checking (01|218) - Tree: False
Checking (03|220) - Tree: True
Checking (05|222) - Tree: False
Checking (07|224) - Tree: False
Checking (09|226) - Tree: False
Checking (11|228) - Tree: False
Checking (13|230) - Tree: False
Checking (15|232) - Tree: False
Checking (17|234) - Tree: False
Checking (19|236) - Tree: False
Checking (21|238) - Tree: True
Checking (23|240) - Tree: False
Checking (25|242) - Tree: False
Checking (27|244) - Tree: False
Checking (29|246) - Tree: False
Checking (00|248) - Tree: True
Checking (02|250) - Tree: False
Checking (04|252) - Tree: False
Checking (06|254) - Tree: False
Checking (08|256) - Tree: False
Checking (10|258) - Tree: False
Checking (12|260) - Tree: False
Checking (14|262) - Tree: True
Checking (16|264) - Tree: True
Checking (18|266) - Tree: True
Checking (20|268) - Tree: False
Checking (22|270) - Tree: True
Checking (24|272) - Tree: False
Checking (26|274) - Tree: False
Checking (28|276) - Tree: False
Checking (30|278) - Tree: False
Checking (01|280) - Tree: False
Checking (03|282) - Tree: False
Checking (05|284) - Tree: False
Checking (07|286) - Tree: False
Checking (09|288) - Tree: False
Checking (11|290) - Tree: True
Checking (13|292) - Tree: True
Checking (15|294) - Tree: False
Checking (17|296) - Tree: False
Checking (19|298) - Tree: False
Checking (21|300) - Tree: False
Checking (23|302) - Tree: False
Checking (25|304) - Tree: False
Checking (27|306) - Tree: False
Checking (29|308) - Tree: True
Checking (00|310) - Tree: True
Checking (02|312) - Tree: False
Checking (04|314) - Tree: False
Checking (06|316) - Tree: False
Checking (08|318) - Tree: True
Checking (10|320) - Tree: False
Checking (12|322) - Tree: False
Encountered a total of 36 trees on the way down!




Slope "1.1" hit 62 trees!
Slope "3.1" hit 184 trees!
Slope "5.1" hit 80 trees!
Slope "7.1" hit 74 trees!
Slope "1.2" hit 36 trees!

The product of the total numbers of trees hit is 2431272960!