Invalid: ssssssssssssgsssj
  Valid: pnlzhcppvl
Invalid: zzbwrv
  Valid: wwwwwcqwwwwwwwww
  Valid: hhhhhhhhsh
Invalid: mtrkqfllrglll
Invalid: nntt
Invalid: svgggggfhqggghlg
Invalid: djxxxpmcxx
Invalid: ztzzzgzzzz
Invalid: jjjjj
Invalid: fbhnsccbc
Invalid: thql
  Valid: tcwzpwzfwwqftvczbw
Invalid: lblwblbmllqnlbl
  Valid: bvbfnbb
  Valid: ffgzf
Invalid: cctcccccc
  Valid: szkgsk
Invalid: nqvnmgnqnsxfn
  Valid: dsfsbsssltss
Invalid: ssskrssssssfsxpsqsp
Invalid: jjjjjjjjjjjjjjjj
Invalid: jllclhllkgcpljzwk
Invalid: fsffwffbffbfff
Invalid: xtzscxsstcss
Invalid: hmnhshhhhqhrthmh
Invalid: xxxxxx
  Valid: mcmmmktmtmmmmm
Invalid: grrprrsmr
Invalid: vvvvvvvvvvvvvvwdv
Invalid: jmjdbhjjjjjjjxnjj
Invalid: rrwrrrrrr
Invalid: wbbcbvbtbbbbb
Invalid: rrtjlplkrgmrrrrxq
Invalid: sssshsmsssss
Invalid: qzxxvthtthtthv
Invalid: pvlsppwmgcspl
  Valid: dsjqsshdssbssstsssss
  Valid: tkkkpkkklk
Invalid: sssssssssssssgsssss
Invalid: xxxsxzxglpwxl
  Valid: xxmh
Invalid: ggsggggggg
Invalid: vtttrrrhtghfjvnqtttj
Invalid: jgnpn
  Valid: vlkkbkkkkklk
  Valid: vvvvvvvvwvvvv
Invalid: jjjjljjjjvm
  Valid: vvxlx
Invalid: flll
  Valid: qqqqqqqqqlq
Invalid: vdvhmpdtrdhdzfdsgk
Invalid: bbqbbbxbhrbpbtmhbbb
Invalid: dzpnbxngpgsjtnvtcdd
Invalid: jtrhtlfhvkbbflfq
Invalid: qqqsqqqqqqjqqqlqm
  Valid: tqrhtqqspdqvzqbx
Invalid: lbbzbwtv
Invalid: hrsnsfflfffsfjff
Invalid: kkjkkkkkkkkkkkkkkhk
Invalid: ccwcccccc
  Valid: grkrrrwjrrgbdtd
  Valid: tgspnljpfhtr
Invalid: vvvvvvm
Invalid: vvvvvvv
  Valid: qqqqqdqqq
Invalid: xfvqvlp
Invalid: gghb
  Valid: xflgzzrkzqzxzzxgd
  Valid: ldsgswgdgdmjlggb
Invalid: rhhmhhnbdhhqhwp
Invalid: mmmmmmwmmmmmmmmmmmm
Invalid: scssgcjjjjpzjjn
  Valid: wznksvkfvfskfs
  Valid: qdqqkqtbcnqqqsrklqbf
Invalid: cccchcmcvdcczwt
Invalid: gggdgggggggggggg
Invalid: kkkkkk
Invalid: qqqqqqqqqqqqq
  Valid: bbbrhbspbrbfbbqbbbb
Invalid: gczrgr
Invalid: whnlvhsftp
Invalid: fhhhsdfhhfzgmhpqhhjh
Invalid: sbzzzzzzdzjbwhgb
Invalid: jgtbmhwb
Invalid: hssksrnhlsdslssvcsbs
Invalid: vvvvvvv
Invalid: xxxxxxxxxxxxnsbx
Invalid: pgllllltpdfpxlll
Invalid: vqnncnxkssmhvkzstzgp
Invalid: rrrhw
  Valid: pppdppphppp
  Valid: lrmqtts
Invalid: hhlthhhhhhhhhtrzh
Invalid: jpgpmpcrwfkz
Invalid: wwwwwwwwwwhwwww
Invalid: jwtlqglllllxkllls
Invalid: ncpcgd
  Valid: llslllll
  Valid: jdfwnn
Invalid: xctxd
  Valid: lllrll
Invalid: fqqqqqqzqqqqq
Invalid: gccwgwqlcxccchchcrcb
Invalid: pppgpppppppps
  Valid: xrgfggzzghtgxgbggg
Invalid: tdddddqdwdgxldj
Invalid: pppppbpppppppppp
  Valid: jhjj
  Valid: pvvvvvvvcgvq
Invalid: qcrhnnkktxvdxcp
Invalid: lfnxxxdxxxxp
Invalid: sssssssssbsgs
Invalid: rqhzxmjnjxx
Invalid: wwwwvwwwwwwwqhww
Invalid: dgttttgttttt
  Valid: wdzwwwwjj
Invalid: vvsjvvbvvncvvvvxv
Invalid: wwwwwpwq
Invalid: jtjjjjrjmxg
Invalid: zzdgztshstzczw
Invalid: ssss
Invalid: pqppgrphrpkdmp
Invalid: xxxqxxxlxxsx
Invalid: nvswzv
Invalid: vdjvdcxdkdd
  Valid: vvjcvvvzvkb
Invalid: gggzggggggjgghg
Invalid: pppqppppppppppppppvq
Invalid: ngznkgdpn
Invalid: tttwtbtttttxxmttt
Invalid: qnqqqqqtqqz
  Valid: rkgr
Invalid: lqkfljzllqtl
  Valid: vpmmsnfmtxbcknlmpb
Invalid: ssptssnhsksnszsdpqss
Invalid: jsjjjjnjjjjjjjj
  Valid: ppppppppz
Invalid: tqzbnvgsvfrx
  Valid: hhhhhhhhp
Invalid: ssssssssssss
Invalid: ttttttttttttt
Invalid: ngtgg
  Valid: tnnnnnnqn
Invalid: bxxxxxzxxxxxxxbxx
Invalid: zzzt
Invalid: xxgxxxxxxxwcxfx
Invalid: rgkkhpkjvvf
Invalid: nfgnnnnnnnnnnnngvn
Invalid: wkwwwww
  Valid: ggggcggwgggggggggg
Invalid: sjvjlkzrpn
Invalid: pppppppppppppppptpd
Invalid: vjjwbqbdbpwsbw
Invalid: gggggjvgd
Invalid: pzzpwdm
Invalid: ggggcggggggg
Invalid: vxvjcvcpslpfn
Invalid: qrrwrrjrrr
Invalid: qbmdzvqmxnnmmmtk
Invalid: vqttpdjhqvkqzqxz
Invalid: rrxbrrrrrcrptjrr
Invalid: cscssssssssssssss
Invalid: zxbrzxbdbhzzzfzz
  Valid: skqkxqmqbvbrnspnrgq
Invalid: bbxsbbdpbnbbbnbbbpbb
  Valid: bmcrdhbbk
Invalid: fffffffzfffwffb
  Valid: wwbwlww
Invalid: gzxclqbnmnxjlzd
  Valid: fzzzctzzdsbgzzzzwzpb
Invalid: lcwwtwwpwffdjqwms
Invalid: hznxnxxxxxxxgkxx
Invalid: cwfjtlgf
Invalid: bqfkkkklkkkkb
Invalid: llllgxk
Invalid: cpwmqkzhxs
Invalid: bbwlwkblvbwdvrjbgsb
  Valid: ffmff
Invalid: nqxcqcfcqc
Invalid: ddqddddddtdhd
  Valid: dghnnqnn
Invalid: rsbxbrfmssdknppw
Invalid: mmkmmmmqdmkmmm
Invalid: nnnnnnnnnnnn
Invalid: mdkwd
  Valid: hllllllllllllgl
Invalid: jgccfnggggpgkt
  Valid: jjjtjjjjjj
  Valid: hgpjjlvhvhljb
Invalid: jfwdgfr
Invalid: fhffffchf
Invalid: jjjjjjjjjjjjjjjjj
Invalid: tcttwtttttrkt
Invalid: qmxfxxwxrxdxxxfvgv
Invalid: cckpccc
Invalid: qwmmpknsgmdmfvrcvw
Invalid: rszv
Invalid: qqqqqqqq
Invalid: lzlmjl
Invalid: mqqqqxbqqrqqqdqqbkq
Invalid: jtvbhxhhphhhh
  Valid: bbbbfbzbzbb
Invalid: gljssxddzscvhwrlrb
Invalid: fxcbccddxxcn
  Valid: ssssz
Invalid: jctqdsjchwknkffpnn
Invalid: crtwbwcfcqkf
Invalid: qrzqc
  Valid: zzzzzzzzsfzsz
Invalid: pppppppppzrllplp
Invalid: nhhhhjhqhhplhhh
Invalid: lllll
  Valid: gggzgggggg
  Valid: qhhhshrhhfhhhhch
Invalid: jsrvnjlkq
Invalid: pppplppppppppppml
Invalid: xqhmjdmrmmmffr
Invalid: cccccgccccrccccccc
  Valid: llllllllxllt
  Valid: bbbpbbbwbdnkbb
Invalid: sfmmpmmmzn
Invalid: kkkkkkkkkkkkkkkckkkk
Invalid: hhhh
Invalid: gggwgggrslgxjgfgbfs
Invalid: dddddddddddxb
Invalid: kkrgdvhscffwwm
  Valid: zmmmmqmmmmmmmgmm
Invalid: wwwwgwwww
Invalid: xxxxxxxxxxxx
Invalid: bwrbbfwgh
  Valid: ftttttttttttttt
Invalid: mwmmmwkmxsf
Invalid: tqtttttttdtttt
Invalid: hzbkpzfg
Invalid: htblhdhh
Invalid: pptnlpc
  Valid: lqlnqhljt
  Valid: nnnnnnnnnnjnnt
Invalid: dszd
  Valid: fvrffffffffkfff
Invalid: bkzstqvtgtwxtzqttd
Invalid: vrvvvkgv
Invalid: knbpnnjnnsn
Invalid: nznkzzqrbn
Invalid: ssscssssgsqwsspssp
Invalid: slqqqqqhqqqqqqdqc
Invalid: gdttdd
Invalid: hhqzmh
Invalid: lkckkpbzkl
Invalid: bbbbkbbpbbbbbbbbn
Invalid: bqmrw
Invalid: ztssqssbz
Invalid: stbqmhspsdgjs
Invalid: trnsmlxzmzzzz
Invalid: vlxvgzbzvvv
Invalid: xddhwtcbpcf
  Valid: rjvsgpnfjvzlxxzzgxgm
Invalid: qffpmxmfmk
  Valid: dcfwcpxcmvpxxtcbmzhc
Invalid: jkpbkvghpxksfkkk
Invalid: jmgjjjj
Invalid: szrznmkjxnzj
Invalid: ssssssssss
Invalid: hkqvfgpsxlnhtrqr
Invalid: gggglrlgggwv
Invalid: vrbvlvrvv
  Valid: jjjjjjjjjz
Invalid: kkjkkkkkfckgkkkkk
Invalid: xxrxxxxxxxwxpxg
Invalid: vvhvvdzvqfrvgqvt
  Valid: zznzzzzzzzzzzzzvf
  Valid: fdrncrggjlbgbmwv
Invalid: tcddhdbdvtsnrdstd
Invalid: mqljmgchlmsx
Invalid: fbllbl
  Valid: kpmtpphwp
Invalid: sjjjjj
Invalid: nnnnbs
Invalid: ppqppngcphpk
Invalid: xxxxgxxxxxxxxxqx
Invalid: ppppm
Invalid: wwwkwww
  Valid: rrrx
  Valid: zzznp
Invalid: tnzwtmnnnnndnfnnn
Invalid: ddfdddtdddd
Invalid: hvllsgncmhxhwl
Invalid: kxftfsmjvjgslsjpp
  Valid: gtgvggqggggxggdg
Invalid: cvnxhhffnbcv
Invalid: ccccccccccccccc
Invalid: fnqmkbhqtbjqvczq
  Valid: fvphvgv
Invalid: kkkkkkkkkpt
Invalid: dddldkddmdd
Invalid: xxxxxxxx
Invalid: kxkfkkkskkrkmk
Invalid: nlmngnkqww
  Valid: jjjjjjjjsj
Invalid: bbbbbb
Invalid: qqnqqmqqqpq
Invalid: drrrrsrrz
Invalid: nnhncnpsnxtnpnqnnghn
Invalid: ddddddd
  Valid: bxvxbxjwxgx
Invalid: cmpwsbjzghgndj
  Valid: przczfjfrbwj
Invalid: qbvmqxxffdfpkwxdgxv
  Valid: llmjvscvjvpvp
Invalid: vzxzxxz
Invalid: srdrjcrrrvhrcqrrrr
Invalid: rffffvtrfsqff
Invalid: pdcwwvmwwwkzwwjwxks
Invalid: cccc
Invalid: cccccccnccclbnplccqc
Invalid: fffffffffffffff
Invalid: thrkzdttb
Invalid: pppppgppppjp
  Valid: qqqrqfqs
Invalid: crprgtwwrzp
  Valid: qfhgfftfdbfnlffffff
Invalid: dhvvlcw
Invalid: sffsfws
  Valid: jrvxbhbp
Invalid: wwwgwwwwwkb
Invalid: dddddddddddddkdv
Invalid: bbbbbbbbbbbbbbb
  Valid: xxxxdxbqxc
Invalid: phlkhlllbc
Invalid: ssgskqvrsrwdt
Invalid: xcxqxvxxxtstnqxhxxxx
Invalid: gxxxxgb
Invalid: cccccc
Invalid: pzzjqjqpfbqws
Invalid: ttdttsccttpt
  Valid: ccrccccccccccccccrc
Invalid: xxzqx
  Valid: qbckpccckccccws
Invalid: gggggg
Invalid: wknbnnlnnq
Invalid: jjxjjjnjjjdqjjj
Invalid: smsxsrfss
Invalid: vxphvvk
  Valid: xxxqxxbbx
  Valid: zrgtghjwd
Invalid: nmntwnn
Invalid: ggznggggg
Invalid: tkkzs
  Valid: hqdhggggqggk
Invalid: wwztwmwwspwhmwwz
Invalid: mmmvmjmmm
Invalid: jjjj
Invalid: kzbtzqrkzzcfhvpwjszx
  Valid: ffwffffffff
Invalid: bbbmsbbbbbbwbbbbwb
Invalid: nnnnnnnnnnnnnnv
Invalid: bvvflvvbjvbtjqrvsxf
Invalid: gjgnggg
Invalid: nnnnnnnnnnnnnnwvqnn
Invalid: lllhllrlllllllll
Invalid: llmlll
Invalid: zzqzdzvzzzz
Invalid: ntdd
  Valid: sbndbkjxldqpzfbzbqx
Invalid: bwcfzdlfslsd
Invalid: dddddd
Invalid: jtpt
  Valid: qqqqgqqqqqqmqq
Invalid: mmmmmmmmmsmmmmmmmgs
  Valid: xxxxxgxvxmxxxbx
Invalid: tzljvxspwxdnl
Invalid: lhnppkpswrppgppzpppn
Invalid: djgwjjhvpwkcgsfbf
  Valid: ppppppppprpppppp
Invalid: lvgcbnlclvjlk
  Valid: zzzzzzzzzzn
  Valid: xzvhxnpwbxgxx
Invalid: hhlrhnl
Invalid: brngbslhqhb
Invalid: ssqjxsssdsssss
Invalid: dbjdjknspbdldfbjd
Invalid: ctzzzzznzcwzztzl
Invalid: jjjjjjjjjjjjjjjj
Invalid: qvdpwddddddddd
  Valid: ccccchcccccq
Invalid: xxxxx
  Valid: ttstttztttttltt
  Valid: qvfjklgzlwfwnbjklqdx
Invalid: ggggggtgggggggvg
Invalid: vqzjvzvxjhjnjtj
  Valid: tttttttg
Invalid: xxxxfmn
Invalid: mmlmmgvfmmmdmmcmmq
Invalid: wwkwwwwwwwmptwww
Invalid: bbbbbbbbbbbbbbbbbb
Invalid: kbvcnrpx
Invalid: nnnnnnnnpnnnnnngl
Invalid: kbkjkdkwpkkhkkksklx
Invalid: pjhdkvwdltvqrhm
Invalid: vxhxxk
Invalid: mmfmf
Invalid: ngnggfnwnn
Invalid: bnbbbtcbbbvbbrbbbbb
Invalid: ppphpzppcgptpprhpp
Invalid: xxxxxxxxxxxx
Invalid: dknbddd
  Valid: rrrrrrrrj
Invalid: fjmfxk
Invalid: jnnnbjckggnpjnddhx
Invalid: dznpsfdtdsdndjddvcdd
Invalid: xxxxxxhqxxxbxbsx
Invalid: kkfkkkk
Invalid: lprlqllll
  Valid: qxxqkjxxxxxxmz
Invalid: rxfffwcff
  Valid: cpscszdssc
Invalid: tttftt
Invalid: kpvtkprdqhxzpxrbfp
Invalid: ksnsklwqfssdsbsss
  Valid: lzlflfl
Invalid: ttktttttt
Invalid: hdddzndhsddpfpdxt
  Valid: ddnddrddvxbzskddzd
Invalid: mvhvrtvvvvzvrvdv
Invalid: gggjw
Invalid: xhmrpm
Invalid: kkkkkkkkkkkkk
  Valid: nnnnnnmnngnnnnnn
Invalid: kcmtmjtmwjmcsbbms
Invalid: jjjjjjjjjjjjpjjlj
Invalid: nnmnkn
  Valid: jjjjjjjjjjjdjj
Invalid: cchc
Invalid: mmmqbmlwmmjmzmmml
Invalid: rrkkrrrt
  Valid: wckknxkpkktmks
Invalid: ddddpdddnpx
Invalid: qmpmxzfqnqctwpprm
Invalid: sgkfxhqjkqqq
Invalid: rwpppdlmhpptkbrlp
Invalid: lzrbxnlcsqhssgdpvjs
  Valid: scccck
Invalid: ssshxsssws
Invalid: nslwgmxmtblzttxxg
Invalid: zzzzzzzzzzz
Invalid: bjjjjjqdbjj
  Valid: glpfjbpdxd
  Valid: wkvwrk
  Valid: vtcgcbc
  Valid: xxxxxxxxxxxxxxxxm
Invalid: ffffffsfffffffffffff
Invalid: mrmmmmmmmmmmmm
Invalid: xvzxx
Invalid: hxpn
Invalid: xxxxxxxxxxxrxpxxxx
Invalid: wcqqtwwmwqqtqmqtqrqq
Invalid: dddtdqdnjxdzdfdd
  Valid: jffffsffmffqjff
Invalid: sxdvddddwqxd
Invalid: ddddfdddddcdddd
Invalid: bbbbbbbbbhlbbj
Invalid: pfpp
Invalid: jjjgwkgwnfffvfzfl
Invalid: gknrmjgxtlzcbvkgxb
  Valid: nnnnnnnnntnnnnnnxn
Invalid: rjrr
  Valid: nkmr
Invalid: fffffffffff
Invalid: rnhtml
Invalid: qqkqqqqqqqqkqqqqq
  Valid: rrnrrrrrrrrrrrrr
Invalid: bmmmdmmmmdmh
Invalid: ppdvvxgkhfskfqc
Invalid: txpvkgvcbqvqfk
Invalid: tqcvbtp
Invalid: zzzzzzz
Invalid: fdjbbkrzjzdbdblhxb
Invalid: xlkz
Invalid: glhknzmvqzfmnsbn
Invalid: qhmdgqvq
Invalid: tttdtttdtttttttbvt
  Valid: vptcmgvvjvvvfvvmht
Invalid: ttttttngt
Invalid: ztgbttrntttdvgtptjdb
Invalid: bvndbbbbbbbbbbbbtb
Invalid: sbqts
Invalid: wwwwwwwwwwwwwnwww
Invalid: kmmr
Invalid: kkmkrkkkkzkdkrgkk
Invalid: hhhhzhhhhhhhzhhhh
  Valid: lllllllllllllcllq
  Valid: bbjb
  Valid: vtjhmf
  Valid: vzdqfd
Invalid: nnnn
Invalid: jpjjjjjjljjjjjjjj
Invalid: crsjpjjjqjjfjkv
Invalid: ttttttttttttt
Invalid: jjbjsjvhbfssznf
Invalid: ffmfffffzfffgfff
Invalid: sgblrqdftpwzggvgqt
Invalid: rrrrrrrrrrrrrrrrrrvj
Invalid: mjlt
  Valid: jxxxxxxxxgxxx
Invalid: ppptppp
Invalid: jbmnbmsc
Invalid: zshfcbhsh
  Valid: rrrqwtrvclf
Invalid: chgtwlbg
  Valid: knnhnnhnnnpnlknnkhnn
Invalid: zkqlzzpmjph
  Valid: bbbbhbbbbbbbbbbbbb
  Valid: ccccdkrncwrcclc
Invalid: ckcccwdhcc
Invalid: ntttktttttftttt
  Valid: jpjzcjjjjj
  Valid: kpkkksbkkkkkr
Invalid: sqssssbssxcs
Invalid: pbbplhtfpktpnppx
Invalid: ncnnnsn
  Valid: sssrss
Invalid: kvvvvvvczvvvvvvvkww
Invalid: kkkpmk
Invalid: hhhhhhhmb
  Valid: czwcccmtckccc
  Valid: tstglltkt
  Valid: cccccv
Invalid: zzzkzqzzzzzvzzz
Invalid: ddch
  Valid: jjjjjvj
Invalid: cccccccccccccc
Invalid: hjkwpjjbjfsq
Invalid: tttlcdb
Invalid: zzzzzzzzzsqzzgzzzkz
  Valid: ptckdjtsptlmzrktwcw
Invalid: tnbhnnkvnq
  Valid: fqmmmmmqmtmkcmmvnwmm
Invalid: zzzzztvl
Invalid: jbpjjjjpxmqxcbwsjrjj
  Valid: ttkdzfwdtflfswlkntt
Invalid: rnjjjjjjjjj
  Valid: fwhkbfdfffvfs
  Valid: pflplntf
Invalid: rrrrr
Invalid: gggggggggggggggggggg
  Valid: xtnsxbjtttxtt
Invalid: zrrrrrkrnrrrrrrrrr
Invalid: nrjnnnwnnprnnn
Invalid: zzzkxzzhznzdz
Invalid: pdcjdddqddlddcdkdxk
Invalid: rrrbrrrmvrcphrrqr
  Valid: rsll
Invalid: xxxqvrxx
  Valid: ppcdvppbppppjpbg
  Valid: dxdxdhkxxvxqxxxfx
Invalid: pvbfrhqrhftqrrxcrr
Invalid: zdbtzst
Invalid: kkkpkghkqkskk
Invalid: gvggqgggggqmgxggfgg
Invalid: llllwllllllwf
Invalid: bbbbbbbbbbbbb
Invalid: hhhhhhhhhhhhhhhhhh
Invalid: lwww
  Valid: vstcs
  Valid: vssssxss
Invalid: fmrrrrrrrrrrwwrvrr
  Valid: dgwgggp
Invalid: wggxgggrggggzgbgggg
  Valid: tjhxrscnsscssssnms
  Valid: nnnnnnnnjnnlnnnnn
Invalid: zncbmbglqbbbbpgm
Invalid: lllllllllllvlllllwl
Invalid: qqqgqfqqqqqrrqgqq
Invalid: nnnsnrnnnp
Invalid: qqqqqbqqqqq
Invalid: bnsfzkkwfkknkccwqkm
Invalid: ccdcccc
Invalid: nlsgzzzdz
  Valid: xkgxhqkpftx
Invalid: ddddddddhdddddddd
Invalid: xmjxwxx
Invalid: zzzzzzzzzzzzzrzq
Invalid: qnznjvlzdnnrgwfr
Invalid: sssxsspsssssrz
Invalid: pkkkcklbkkkk
  Valid: xxxxxxxxxxtx
  Valid: zzjzzfz
Invalid: zddddddz
Invalid: smccccvcpbccbqcxbccq
Invalid: mmmmmvmmmjmnnmlpsm
Invalid: jjjjjjjjjjjjj
Invalid: pmmbm
Invalid: mmmmmwcmmdfqrmmhlmm
Invalid: gcggnggbgdggggggg
Invalid: sqpsqkfbnbqzswbb
  Valid: wwwn
  Valid: dddddpd
Invalid: mmmmmmdmmmqlmnvms
Invalid: jjjjjtjjjjjjzjcj
Invalid: ttttttttjtttttttttt
  Valid: dcddmchdwbqrllsxjdv
Invalid: hshghhndnhhfhhhhh
  Valid: ggggch
Invalid: ccvccpccccccvcccccc
  Valid: hbfh
Invalid: lllptphml
Invalid: xwrqssfzr
Invalid: mktmmwmmmmrmmrqmmmcm
Invalid: rkvxvrglltlc
  Valid: jfqqxngqnqchq
Invalid: zxgjxx
  Valid: mlbgvdglrgcqjgz
  Valid: tqgtv
Invalid: ssfnzs
  Valid: mxwhmmmmmmzm
  Valid: dbhjzd
Invalid: fffffffffffkffffff
Invalid: dbbbbbbbbbbb
Invalid: xxxmxxcx
Invalid: lllpllcb
Invalid: dzdddddddddddddddd
Invalid: tklkqftnwcj
Invalid: jccxpmfjgntpptgkkcvt
Invalid: sdrwgcvprt
Invalid: nhbwx
Invalid: zzzzzzzzzzzzzzzzxsz
  Valid: cbdklqhnklkmwhpp
Invalid: fffff
Invalid: qpwq
Invalid: vxxgrgxxfvvgx
Invalid: rrfd
Invalid: sxqxxxxxxxxxxxxwxxx
Invalid: ssssssss
  Valid: jbbhqqbblbbbbfcb
  Valid: ppppppppprpppwppphp
Invalid: kdpnpfphppvffpwf
  Valid: jvrrrrrnrpqrn
Invalid: ncmmdxmm
Invalid: vvvvvvvvvdl
  Valid: jlsscggg
  Valid: gwms
Invalid: fpkvnf
Invalid: zfdrxjgxtbkbbjjctmsk
Invalid: qnnbvvwqvbwqblqd
  Valid: kvhvt
Invalid: lxrgsxg
Invalid: sssxswsjsssxss
  Valid: dxwjttnqkt
Invalid: sssssssssssvjg
  Valid: rtttnf
Invalid: hjhhhvhhbhhwhhhhphd
Invalid: mmmwcm
Invalid: vvvvvvvvvvvv
Invalid: flcjtzwhwsnjjjrjrj
  Valid: ddmrddddd
Invalid: ccccslcrwrc
  Valid: hpsqtxvkrsssshh
Invalid: hrxtjgtwtlmpqfx
  Valid: llbxlsllllqrqlllzlb
  Valid: crlcvcxwd
Invalid: vjbsxhwwdvshfxstc
Invalid: jfhnffbgsfjfwf
Invalid: ksxqvfsvnxsgvwgpjzl
  Valid: gggggggggggggggdggg
Invalid: hhhhhchhzmqhh
Invalid: kfdlcfrxftzgq
  Valid: ppnppkpwwmgp
Invalid: ggfgrg
  Valid: nnnnnnqwnnn
  Valid: hzjgthqphwhnjh
Invalid: xlllllllvlllllll
Invalid: lzjb
Invalid: ldzlql
Invalid: mzlbqzbrqjjbddr
  Valid: tttttxtttpttt
Invalid: dddddd
Invalid: kzvkkrkf
Invalid: fqml
  Valid: jhtfdfgmnchprbwbfrf
Invalid: sjsnsksbdsss
Invalid: jgcbjmjjjjjcxsjjjjhj
Invalid: tkjkjbkkrkkkklmgkj
Invalid: kkkkfkqkkkkkkkkpkk
  Valid: ddkkdtddzdnnddjdd
  Valid: fxvnxdvxnrbjs
  Valid: sssssssssspssssss
Invalid: khkkkkkkhk
  Valid: kkktmkkzk
Invalid: wrqdfwxwnfwwwnmzww
Invalid: lgtcvl
Invalid: nnnnnnnnnnqnnnvnnnn
Invalid: zzzzzzzzzhzzzzqzv
Invalid: lxnqsvk
Invalid: rzzwdlzgbcmggct
  Valid: ddvdbddddnddpd
Invalid: dphsszqrvz
Invalid: bnbgfbkbbbqlbcbbgqbb
Invalid: dddjddmqndddddddvjdd
Invalid: tnhgqkqfpjhwqgktq
Invalid: nnnbn
  Valid: fwfffbfcvflff
  Valid: sssglsvssvls
Invalid: zzzzzzzzzqjzz
Invalid: mhzrwphzxgj
Invalid: kkkwkd
Invalid: mrmmmmmzmmmmzmgmm
  Valid: wwwwwwxwwww
  Valid: nllllllll
Invalid: zbshj
Invalid: xssxqxxxsxkzx
Invalid: dnpfhsdmrxbvgxqrs
Invalid: vhrgcnxrvksg
Invalid: ccccccctzv
  Valid: lllllllllllllllhl
  Valid: nnnnnnngnnfhwwzsnnn
Invalid: zzzzzlzzzzzzzzzzzjv
Invalid: bxfbbwsjtbbvbqvbmbpb
Invalid: gggcjggggggggmgg
Invalid: wdddddkdpd
  Valid: xtxxxxxxxxxxxxxxmkx
  Valid: cccccccccjcscv
  Valid: ttjzfjldvvmswpqt
Invalid: tjrwhzgfrkgfq
Invalid: cvhsmnzmncsfmbqmm
Invalid: krctfpzz
  Valid: mlnlswvh
  Valid: zrntxzttqlthfdttt
  Valid: pkcsjkrrrzxxsfnjw
Invalid: xbhpkpnngpqvpcwdppg
Invalid: tttt
  Valid: wjjjmjjjjjqp
  Valid: gjslnklhhkhthxh
Invalid: qqlqqq
Invalid: pppgppppppppppp
Invalid: llhllllrllllxldllll
Invalid: lddkdddddddddd
  Valid: zwlzzqsvvclw
  Valid: tflkxflqccwkmlckck
Invalid: hhhhrhhhhfwhhh
Invalid: rrrmrjrrvkrrjrdr
Invalid: tmdlkcktbkkskvkbkbz
Invalid: ssssssssssssss
  Valid: xtcfvx
Invalid: shtssssswghsfsss
Invalid: krkl
  Valid: dxqqqhqqqtqj
  Valid: rrrvvrrrr
  Valid: ttrttftxztnhtvkcmtth
Invalid: gngkcggrg
Invalid: zzzzzzzzzzzbk
Invalid: lslllc
Invalid: pqchpk
Invalid: hhhhml
Invalid: qhhhhhhhhhhhhhhhhhmh
Invalid: ddddfs
  Valid: dthfdzddfnsdddm
  Valid: ddddddddndhtddsdnddh
Invalid: qjjjpjplljjc
Invalid: qqqqqqq
Invalid: bbbb
Invalid: ssssjjs
Invalid: bbbbfb
Invalid: cpvmbbnnrmzwf
Invalid: fnhn
Invalid: gdktlddrdlvmqdtddpzv
Invalid: cwlww
Invalid: zmdrgzlmzx
Invalid: mjbjmmmlmmwxm
  Valid: ssnhht
Invalid: tttttttdtttdtttjtt
Invalid: wxgzhtswb
Invalid: lllllblpllllchll
  Valid: vggqzvggnggggggggg
  Valid: hhthkshhpnhqhgh
Invalid: hglxklpl
Invalid: mkmgkwzwmw
Invalid: hhhhhrz
Invalid: tdffff
  Valid: lmfhgqschjqglrvwwnnz
Invalid: gggggggggggfhggg
  Valid: ntmmmdjmmmsvmm
  Valid: sqsssssssssss
  Valid: frnthfcfxfft
Invalid: wwwwwwmwwnwwwwmk
Invalid: jjkjrjjjjjjjjjd
Invalid: ssvc
Invalid: ddttttnnqpqztzbbdv
Invalid: gggggg
  Valid: rrrzlklfljqvz
  Valid: kdgmmrszqpfsbmz
Invalid: gqgvzgxhgbtngxggh
Invalid: qqptmhhfkhsgkhbmkx
Invalid: ppppptppp
Invalid: vxtxpvnxvlctrcpfxxx
  Valid: bwmwjwwwwwtnqwxc
Invalid: gggggg
  Valid: znzwzzzs
Invalid: kvvvv
Invalid: rrrrrrrrrbrrrx
Invalid: xtttt
  Valid: wwwwwwdcmkrwx
  Valid: ccccccjc
  Valid: wkwwwwwwwhwlwwwk
Invalid: hmssssssssss
  Valid: rrrjsh
Invalid: mmmmmmmmmmmmmx
Invalid: sshsvssss
Invalid: xllwnshchfdfk
  Valid: wwpwwpwwwmwwzwwtwwww
Invalid: zsfgbrrprlszrr
  Valid: thnmfndnnbnnbhnnnn
Invalid: vvvcvvvvvvvvvvv
Invalid: rwcm
Invalid: tttttztttttttpjt
Invalid: jjjjwhjdj
  Valid: fffffffm
Invalid: zzqzzzz
Invalid: kjrfnsjnhjdzgqpcjzvh
  Valid: pxpdvcqdptxpvk
Invalid: wccqj
  Valid: pwsqhwjdhcm
  Valid: bfbn
  Valid: qqqqqqqqqtqqqsqrqqq
Invalid: pppppppppppppppp
  Valid: rjghslgbggkgjdgvp
Invalid: fnnfzzdnf
  Valid: tlgtgggggggggggqm
  Valid: rrrvccrrvbdbncrrr
Invalid: jvhbv
Invalid: vvvdvvcvvvpvvvvvvvv
Invalid: ggggg
Invalid: wwwwwwmpw
Invalid: gkxshzkpssc
Invalid: pqttnpqqqfwqs
  Valid: nlnp
Invalid: phhh
Invalid: hqsxhmmpfgggmgpqhrjg
Invalid: wwgwwwwwwwwwwwmwl
Invalid: xxxxxxmxv
  Valid: ssssssbs
Invalid: dxlxxx
Invalid: wpxppq
Invalid: clcclcfcbccc
Invalid: sbmst
Invalid: xqmdn
  Valid: zbzwfddkzzc
Invalid: dpdddddddddddddddwcv
Invalid: rrrr
Invalid: ffnffffwd
Invalid: hxnlxghzkpcpdhqqvl
Invalid: jngclmm
Invalid: rmmmpmrmmmmmjmmmm
Invalid: dfwfs
Invalid: lclllwllll
Invalid: jjjjjjjjjjpjnjjgjbj
Invalid: fffffffffffnfftfffff
  Valid: qbnpmklbwxdbbwkklpwb
Invalid: mjkj
Invalid: hphwdh
  Valid: vrxxb
Invalid: mvvvvvvvvvvvvvj
Invalid: lvzfvzvvnjtvvvvvv
  Valid: gggvggggg
Invalid: zdllslnlxslqpnvgwlwm
  Valid: lllhll
Invalid: kckzddtzbmvkpkhb
Invalid: hbkgbxzj
Invalid: lppp
Invalid: rrrrrbrrbrrrrwrrrwr
  Valid: knkqkkk
Invalid: njrrrrrrrr
  Valid: phhhnhdhc
Invalid: nsnrrfktwbbhrrrh
Invalid: qqzvzsvkq
Invalid: jbbbbbbbkbgb
Invalid: ffffcfffffgff
Invalid: vfvvqvvdvvvlhvzjvmzv
Invalid: vvzvvtvvjgvv
Invalid: vvvvvvvv
Invalid: zmncxhrdzdmtcbxtlrzq
  Valid: rbfbrjrr
Invalid: nnnnnnnnpnnldnn
  Valid: jjjjjjjjjjjlj
  Valid: sssfsgss
  Valid: hhhfhhhhhhhhvhhhhhhh
Invalid: gggxkggggvg
Invalid: hbbtb
Invalid: tttttttttttttnb
Invalid: ddddddddddddddhdw
Invalid: rbdddbdwmjdhmpdd
  Valid: kxpdntprmskcs
Invalid: gmdmpj
Invalid: jjjjjvjsj
  Valid: qmqqqntqcqxmqsqkqq
Invalid: tqxqq
Invalid: mmmxmmmvmmv
Invalid: qqqqrqqw
  Valid: dqdddddddddddvspd
Invalid: tttttt
Invalid: dhzzxwfjgnzhzxt
Invalid: kdnmfnmqvvdvqdlvk
Invalid: sssssssssssssssjstss
Invalid: ccwdccc
  Valid: nxjxxxxxxxxxxx
Invalid: vvvvfvvqvlvvvvvv
Invalid: sssszssnqjsbsvs
  Valid: gxhjjjjjnjjsjjjrjjjj
  Valid: ttfttt
Invalid: qzgxjhpsss
  Valid: qqqqnrtxrqqsqqq
Invalid: kkkrgspkkkpwjshmk
Invalid: xhhhmhbhhhdhh
Invalid: gfgggggjgggggggggg
  Valid: zzfzzszzzzzzvzzzhzw
Invalid: mzrmmmmndchfzmmrr
  Valid: zzzzzzmzzh
Invalid: wscfc
Invalid: kmmtmm
  Valid: hhhhchh
  Valid: wwgwwwqwsfrjvmbwj
Invalid: vwvvwvmjcqnxv
  Valid: qxxhfxchrx
Invalid: xxxxxxxxxxxxxxxxwp
  Valid: vvvvvtv
Invalid: lcqlclllllrlddxlzll
Invalid: trrn
Invalid: thnsxphnfgvhvq
  Valid: sssssssssshsss
  Valid: rqpzszzmzdz
Invalid: qrqqqq
Invalid: hhkhhhh
Invalid: wqhjvhlgwtsgvlpf
Invalid: gqfpcfsfhfjgrbqv
  Valid: lqllsrjlv
Invalid: vvvvvvkvjv
  Valid: gtttcbnkxxstttd
Invalid: jjjjbjz
Invalid: ftwjtfzjmjsvwjj
  Valid: ddsksddddzfd
Invalid: bhngbb
Invalid: mllmcbfxwxrqlcjcw
Invalid: qqqqqqdv
Invalid: slkzlfvg
Invalid: qqqqq
Invalid: pddpdpszrppxcpjgv
  Valid: rrrrrrrrrrprqrrrrr
Invalid: cscckcxcn
  Valid: gvgwmlngggqggrtgtkg
Invalid: smfpbbb
Invalid: sqmlklvkqfjrgtqhzr
Invalid: kkpqqfgz
  Valid: fnndnnxnndn
Invalid: ccccccccccxv
Invalid: dddvdddddddvd
Invalid: nvjfv
Invalid: gggggggg
Invalid: xxxxxxx
Invalid: scccc
Invalid: nchlfqqqlqnqqqtq
Invalid: srrrrrrnrrrrrrr
Invalid: sdpscpppp
  Valid: rrrdrkrrrqg
  Valid: xwmscmmm
Invalid: rrrfrrrrkfrvrf
Invalid: bbfbbb
  Valid: rblrvrvpvz
Invalid: wwwvwgwww
  Valid: wwwwwwwwzw
Invalid: ttttttttttttttttttt
Invalid: nfrzsdjxr
Invalid: wwfwwmfbww
Invalid: dfsksft
Invalid: dwdrccnddqmndcl
Invalid: qfflf
Invalid: dnddjpdfgc
Invalid: lkglx
  Valid: jjjjgbjtpjjhd
Invalid: jjjjjjvjjjjjjjjjdjj
Invalid: tttxztttttttkt
Invalid: mmmmm
Invalid: jgjrjwjfjx
Invalid: ttbjttvttsttdqtn
Invalid: wwwwwwwwwwwwwkjw
Invalid: nrscxn
Invalid: wwwwwvgnwbwwwwwwv
  Valid: pppppppppppjpppppppp
  Valid: vvvkvbvwkwnvvvsxvv
  Valid: mmmmmmmmmmtm
  Valid: cccccccccwc
Invalid: xvgstwfxfhxknds
Invalid: tttttztttttttt
Invalid: vkpkfkkkqnkqnkgkkknk
  Valid: kkwpzpdzxhxk
  Valid: fgvvvvvvvvvvvjpvv
Invalid: kndnqkkk
Invalid: gfcbccccjvcskcmrcxc
  Valid: ngtnr
  Valid: mtcfszkdhkdkd

Found 275 valid passwords!
