  Valid: ssssssssssssgsssj
Invalid: pnlzhcppvl
Invalid: zzbwrv
  Valid: wwwwwcqwwwwwwwww
  Valid: hhhhhhhhsh
Invalid: mtrkqfllrglll
Invalid: nntt
Invalid: svgggggfhqggghlg
  Valid: djxxxpmcxx
  Valid: ztzzzgzzzz
Invalid: jjjjj
  Valid: fbhnsccbc
Invalid: thql
Invalid: tcwzpwzfwwqftvczbw
  Valid: lblwblbmllqnlbl
  Valid: bvbfnbb
Invalid: ffgzf
  Valid: cctcccccc
Invalid: szkgsk
  Valid: nqvnmgnqnsxfn
  Valid: dsfsbsssltss
  Valid: ssskrssssssfsxpsqsp
Invalid: jjjjjjjjjjjjjjjj
Invalid: jllclhllkgcpljzwk
Invalid: fsffwffbffbfff
  Valid: xtzscxsstcss
  Valid: hmnhshhhhqhrthmh
  Valid: xxxxxx
  Valid: mcmmmktmtmmmmm
  Valid: grrprrsmr
  Valid: vvvvvvvvvvvvvvwdv
  Valid: jmjdbhjjjjjjjxnjj
  Valid: rrwrrrrrr
  Valid: wbbcbvbtbbbbb
  Valid: rrtjlplkrgmrrrrxq
  Valid: sssshsmsssss
  Valid: qzxxvthtthtthv
  Valid: pvlsppwmgcspl
  Valid: dsjqsshdssbssstsssss
  Valid: tkkkpkkklk
Invalid: sssssssssssssgsssss
  Valid: xxxsxzxglpwxl
  Valid: xxmh
  Valid: ggsggggggg
  Valid: vtttrrrhtghfjvnqtttj
  Valid: jgnpn
Invalid: vlkkbkkkkklk
  Valid: vvvvvvvvwvvvv
Invalid: jjjjljjjjvm
  Valid: vvxlx
  Valid: flll
  Valid: qqqqqqqqqlq
  Valid: vdvhmpdtrdhdzfdsgk
Invalid: bbqbbbxbhrbpbtmhbbb
Invalid: dzpnbxngpgsjtnvtcdd
Invalid: jtrhtlfhvkbbflfq
Invalid: qqqsqqqqqqjqqqlqm
  Valid: tqrhtqqspdqvzqbx
Invalid: lbbzbwtv
Invalid: hrsnsfflfffsfjff
Invalid: kkjkkkkkkkkkkkkkkhk
  Valid: ccwcccccc
  Valid: grkrrrwjrrgbdtd
Invalid: tgspnljpfhtr
  Valid: vvvvvvm
  Valid: vvvvvvv
  Valid: qqqqqdqqq
  Valid: xfvqvlp
Invalid: gghb
  Valid: xflgzzrkzqzxzzxgd
  Valid: ldsgswgdgdmjlggb
  Valid: rhhmhhnbdhhqhwp
  Valid: mmmmmmwmmmmmmmmmmmm
  Valid: scssgcjjjjpzjjn
Invalid: wznksvkfvfskfs
  Valid: qdqqkqtbcnqqqsrklqbf
  Valid: cccchcmcvdcczwt
  Valid: gggdgggggggggggg
Invalid: kkkkkk
Invalid: qqqqqqqqqqqqq
  Valid: bbbrhbspbrbfbbqbbbb
Invalid: gczrgr
  Valid: whnlvhsftp
  Valid: fhhhsdfhhfzgmhpqhhjh
Invalid: sbzzzzzzdzjbwhgb
Invalid: jgtbmhwb
  Valid: hssksrnhlsdslssvcsbs
Invalid: vvvvvvv
  Valid: xxxxxxxxxxxxnsbx
Invalid: pgllllltpdfpxlll
  Valid: vqnncnxkssmhvkzstzgp
Invalid: rrrhw
  Valid: pppdppphppp
Invalid: lrmqtts
  Valid: hhlthhhhhhhhhtrzh
Invalid: jpgpmpcrwfkz
Invalid: wwwwwwwwwwhwwww
  Valid: jwtlqglllllxkllls
  Valid: ncpcgd
  Valid: llslllll
  Valid: jdfwnn
Invalid: xctxd
  Valid: lllrll
Invalid: fqqqqqqzqqqqq
  Valid: gccwgwqlcxccchchcrcb
  Valid: pppgpppppppps
Invalid: xrgfggzzghtgxgbggg
  Valid: tdddddqdwdgxldj
Invalid: pppppbpppppppppp
Invalid: jhjj
  Valid: pvvvvvvvcgvq
Invalid: qcrhnnkktxvdxcp
  Valid: lfnxxxdxxxxp
  Valid: sssssssssbsgs
  Valid: rqhzxmjnjxx
  Valid: wwwwvwwwwwwwqhww
Invalid: dgttttgttttt
Invalid: wdzwwwwjj
Invalid: vvsjvvbvvncvvvvxv
  Valid: wwwwwpwq
Invalid: jtjjjjrjmxg
  Valid: zzdgztshstzczw
  Valid: ssss
  Valid: pqppgrphrpkdmp
  Valid: xxxqxxxlxxsx
Invalid: nvswzv
  Valid: vdjvdcxdkdd
  Valid: vvjcvvvzvkb
  Valid: gggzggggggjgghg
  Valid: pppqppppppppppppppvq
  Valid: ngznkgdpn
Invalid: tttwtbtttttxxmttt
Invalid: qnqqqqqtqqz
Invalid: rkgr
Invalid: lqkfljzllqtl
Invalid: vpmmsnfmtxbcknlmpb
Invalid: ssptssnhsksnszsdpqss
  Valid: jsjjjjnjjjjjjjj
  Valid: ppppppppz
Invalid: tqzbnvgsvfrx
  Valid: hhhhhhhhp
Invalid: ssssssssssss
Invalid: ttttttttttttt
Invalid: ngtgg
  Valid: tnnnnnnqn
  Valid: bxxxxxzxxxxxxxbxx
  Valid: zzzt
  Valid: xxgxxxxxxxwcxfx
Invalid: rgkkhpkjvvf
Invalid: nfgnnnnnnnnnnnngvn
  Valid: wkwwwww
  Valid: ggggcggwgggggggggg
  Valid: sjvjlkzrpn
  Valid: pppppppppppppppptpd
  Valid: vjjwbqbdbpwsbw
  Valid: gggggjvgd
Invalid: pzzpwdm
Invalid: ggggcggggggg
  Valid: vxvjcvcpslpfn
Invalid: qrrwrrjrrr
  Valid: qbmdzvqmxnnmmmtk
  Valid: vqttpdjhqvkqzqxz
Invalid: rrxbrrrrrcrptjrr
  Valid: cscssssssssssssss
  Valid: zxbrzxbdbhzzzfzz
  Valid: skqkxqmqbvbrnspnrgq
Invalid: bbxsbbdpbnbbbnbbbpbb
Invalid: bmcrdhbbk
  Valid: fffffffzfffwffb
  Valid: wwbwlww
Invalid: gzxclqbnmnxjlzd
Invalid: fzzzctzzdsbgzzzzwzpb
  Valid: lcwwtwwpwffdjqwms
  Valid: hznxnxxxxxxxgkxx
Invalid: cwfjtlgf
Invalid: bqfkkkklkkkkb
  Valid: llllgxk
Invalid: cpwmqkzhxs
Invalid: bbwlwkblvbwdvrjbgsb
  Valid: ffmff
  Valid: nqxcqcfcqc
  Valid: ddqddddddtdhd
  Valid: dghnnqnn
Invalid: rsbxbrfmssdknppw
  Valid: mmkmmmmqdmkmmm
  Valid: nnnnnnnnnnnn
  Valid: mdkwd
Invalid: hllllllllllllgl
  Valid: jgccfnggggpgkt
Invalid: jjjtjjjjjj
Invalid: hgpjjlvhvhljb
Invalid: jfwdgfr
Invalid: fhffffchf
  Valid: jjjjjjjjjjjjjjjjj
Invalid: tcttwtttttrkt
  Valid: qmxfxxwxrxdxxxfvgv
Invalid: cckpccc
  Valid: qwmmpknsgmdmfvrcvw
Invalid: rszv
Invalid: qqqqqqqq
  Valid: lzlmjl
  Valid: mqqqqxbqqrqqqdqqbkq
Invalid: jtvbhxhhphhhh
Invalid: bbbbfbzbzbb
Invalid: gljssxddzscvhwrlrb
  Valid: fxcbccddxxcn
  Valid: ssssz
Invalid: jctqdsjchwknkffpnn
Invalid: crtwbwcfcqkf
Invalid: qrzqc
  Valid: zzzzzzzzsfzsz
Invalid: pppppppppzrllplp
Invalid: nhhhhjhqhhplhhh
  Valid: lllll
  Valid: gggzgggggg
Invalid: qhhhshrhhfhhhhch
Invalid: jsrvnjlkq
Invalid: pppplppppppppppml
Invalid: xqhmjdmrmmmffr
Invalid: cccccgccccrccccccc
  Valid: llllllllxllt
  Valid: bbbpbbbwbdnkbb
  Valid: sfmmpmmmzn
Invalid: kkkkkkkkkkkkkkkckkkk
  Valid: hhhh
Invalid: gggwgggrslgxjgfgbfs
Invalid: dddddddddddxb
Invalid: kkrgdvhscffwwm
Invalid: zmmmmqmmmmmmmgmm
  Valid: wwwwgwwww
  Valid: xxxxxxxxxxxx
  Valid: bwrbbfwgh
Invalid: ftttttttttttttt
Invalid: mwmmmwkmxsf
Invalid: tqtttttttdtttt
Invalid: hzbkpzfg
Invalid: htblhdhh
  Valid: pptnlpc
Invalid: lqlnqhljt
  Valid: nnnnnnnnnnjnnt
  Valid: dszd
  Valid: fvrffffffffkfff
Invalid: bkzstqvtgtwxtzqttd
Invalid: vrvvvkgv
  Valid: knbpnnjnnsn
Invalid: nznkzzqrbn
  Valid: ssscssssgsqwsspssp
  Valid: slqqqqqhqqqqqqdqc
  Valid: gdttdd
  Valid: hhqzmh
  Valid: lkckkpbzkl
  Valid: bbbbkbbpbbbbbbbbn
  Valid: bqmrw
Invalid: ztssqssbz
  Valid: stbqmhspsdgjs
Invalid: trnsmlxzmzzzz
Invalid: vlxvgzbzvvv
Invalid: xddhwtcbpcf
Invalid: rjvsgpnfjvzlxxzzgxgm
Invalid: qffpmxmfmk
Invalid: dcfwcpxcmvpxxtcbmzhc
  Valid: jkpbkvghpxksfkkk
Invalid: jmgjjjj
Invalid: szrznmkjxnzj
Invalid: ssssssssss
  Valid: hkqvfgpsxlnhtrqr
  Valid: gggglrlgggwv
  Valid: vrbvlvrvv
  Valid: jjjjjjjjjz
Invalid: kkjkkkkkfckgkkkkk
  Valid: xxrxxxxxxxwxpxg
  Valid: vvhvvdzvqfrvgqvt
  Valid: zznzzzzzzzzzzzzvf
Invalid: fdrncrggjlbgbmwv
  Valid: tcddhdbdvtsnrdstd
  Valid: mqljmgchlmsx
Invalid: fbllbl
Invalid: kpmtpphwp
  Valid: sjjjjj
Invalid: nnnnbs
Invalid: ppqppngcphpk
  Valid: xxxxgxxxxxxxxxqx
Invalid: ppppm
  Valid: wwwkwww
  Valid: rrrx
  Valid: zzznp
Invalid: tnzwtmnnnnndnfnnn
  Valid: ddfdddtdddd
Invalid: hvllsgncmhxhwl
Invalid: kxftfsmjvjgslsjpp
Invalid: gtgvggqggggxggdg
  Valid: cvnxhhffnbcv
Invalid: ccccccccccccccc
  Valid: fnqmkbhqtbjqvczq
  Valid: fvphvgv
Invalid: kkkkkkkkkpt
  Valid: dddldkddmdd
Invalid: xxxxxxxx
  Valid: kxkfkkkskkrkmk
  Valid: nlmngnkqww
  Valid: jjjjjjjjsj
  Valid: bbbbbb
Invalid: qqnqqmqqqpq
  Valid: drrrrsrrz
  Valid: nnhncnpsnxtnpnqnnghn
Invalid: ddddddd
  Valid: bxvxbxjwxgx
  Valid: cmpwsbjzghgndj
  Valid: przczfjfrbwj
Invalid: qbvmqxxffdfpkwxdgxv
Invalid: llmjvscvjvpvp
  Valid: vzxzxxz
  Valid: srdrjcrrrvhrcqrrrr
  Valid: rffffvtrfsqff
  Valid: pdcwwvmwwwkzwwjwxks
  Valid: cccc
Invalid: cccccccnccclbnplccqc
Invalid: fffffffffffffff
  Valid: thrkzdttb
  Valid: pppppgppppjp
  Valid: qqqrqfqs
Invalid: crprgtwwrzp
Invalid: qfhgfftfdbfnlffffff
Invalid: dhvvlcw
  Valid: sffsfws
  Valid: jrvxbhbp
Invalid: wwwgwwwwwkb
Invalid: dddddddddddddkdv
Invalid: bbbbbbbbbbbbbbb
  Valid: xxxxdxbqxc
Invalid: phlkhlllbc
Invalid: ssgskqvrsrwdt
Invalid: xcxqxvxxxtstnqxhxxxx
Invalid: gxxxxgb
Invalid: cccccc
  Valid: pzzjqjqpfbqws
  Valid: ttdttsccttpt
  Valid: ccrccccccccccccccrc
  Valid: xxzqx
  Valid: qbckpccckccccws
  Valid: gggggg
  Valid: wknbnnlnnq
  Valid: jjxjjjnjjjdqjjj
  Valid: smsxsrfss
  Valid: vxphvvk
  Valid: xxxqxxbbx
  Valid: zrgtghjwd
  Valid: nmntwnn
  Valid: ggznggggg
Invalid: tkkzs
Invalid: hqdhggggqggk
Invalid: wwztwmwwspwhmwwz
Invalid: mmmvmjmmm
  Valid: jjjj
Invalid: kzbtzqrkzzcfhvpwjszx
Invalid: ffwffffffff
  Valid: bbbmsbbbbbbwbbbbwb
  Valid: nnnnnnnnnnnnnnv
Invalid: bvvflvvbjvbtjqrvsxf
  Valid: gjgnggg
  Valid: nnnnnnnnnnnnnnwvqnn
Invalid: lllhllrlllllllll
  Valid: llmlll
  Valid: zzqzdzvzzzz
Invalid: ntdd
  Valid: sbndbkjxldqpzfbzbqx
Invalid: bwcfzdlfslsd
Invalid: dddddd
  Valid: jtpt
  Valid: qqqqgqqqqqqmqq
  Valid: mmmmmmmmmsmmmmmmmgs
  Valid: xxxxxgxvxmxxxbx
Invalid: tzljvxspwxdnl
  Valid: lhnppkpswrppgppzpppn
  Valid: djgwjjhvpwkcgsfbf
Invalid: ppppppppprpppppp
Invalid: lvgcbnlclvjlk
  Valid: zzzzzzzzzzn
  Valid: xzvhxnpwbxgxx
Invalid: hhlrhnl
Invalid: brngbslhqhb
  Valid: ssqjxsssdsssss
Invalid: dbjdjknspbdldfbjd
Invalid: ctzzzzznzcwzztzl
Invalid: jjjjjjjjjjjjjjjj
  Valid: qvdpwddddddddd
  Valid: ccccchcccccq
  Valid: xxxxx
Invalid: ttstttztttttltt
Invalid: qvfjklgzlwfwnbjklqdx
Invalid: ggggggtgggggggvg
Invalid: vqzjvzvxjhjnjtj
  Valid: tttttttg
Invalid: xxxxfmn
  Valid: mmlmmgvfmmmdmmcmmq
  Valid: wwkwwwwwwwmptwww
  Valid: bbbbbbbbbbbbbbbbbb
Invalid: kbvcnrpx
Invalid: nnnnnnnnpnnnnnngl
  Valid: kbkjkdkwpkkhkkksklx
Invalid: pjhdkvwdltvqrhm
  Valid: vxhxxk
  Valid: mmfmf
Invalid: ngnggfnwnn
  Valid: bnbbbtcbbbvbbrbbbbb
Invalid: ppphpzppcgptpprhpp
  Valid: xxxxxxxxxxxx
Invalid: dknbddd
  Valid: rrrrrrrrj
Invalid: fjmfxk
Invalid: jnnnbjckggnpjnddhx
  Valid: dznpsfdtdsdndjddvcdd
  Valid: xxxxxxhqxxxbxbsx
Invalid: kkfkkkk
  Valid: lprlqllll
Invalid: qxxqkjxxxxxxmz
  Valid: rxfffwcff
  Valid: cpscszdssc
  Valid: tttftt
  Valid: kpvtkprdqhxzpxrbfp
  Valid: ksnsklwqfssdsbsss
Invalid: lzlflfl
  Valid: ttktttttt
Invalid: hdddzndhsddpfpdxt
  Valid: ddnddrddvxbzskddzd
Invalid: mvhvrtvvvvzvrvdv
Invalid: gggjw
Invalid: xhmrpm
  Valid: kkkkkkkkkkkkk
Invalid: nnnnnnmnngnnnnnn
Invalid: kcmtmjtmwjmcsbbms
  Valid: jjjjjjjjjjjjpjjlj
  Valid: nnmnkn
  Valid: jjjjjjjjjjjdjj
Invalid: cchc
  Valid: mmmqbmlwmmjmzmmml
  Valid: rrkkrrrt
Invalid: wckknxkpkktmks
Invalid: ddddpdddnpx
  Valid: qmpmxzfqnqctwpprm
Invalid: sgkfxhqjkqqq
  Valid: rwpppdlmhpptkbrlp
  Valid: lzrbxnlcsqhssgdpvjs
Invalid: scccck
Invalid: ssshxsssws
Invalid: nslwgmxmtblzttxxg
  Valid: zzzzzzzzzzz
  Valid: bjjjjjqdbjj
Invalid: glpfjbpdxd
  Valid: wkvwrk
  Valid: vtcgcbc
  Valid: xxxxxxxxxxxxxxxxm
Invalid: ffffffsfffffffffffff
Invalid: mrmmmmmmmmmmmm
  Valid: xvzxx
Invalid: hxpn
  Valid: xxxxxxxxxxxrxpxxxx
  Valid: wcqqtwwmwqqtqmqtqrqq
Invalid: dddtdqdnjxdzdfdd
Invalid: jffffsffmffqjff
  Valid: sxdvddddwqxd
Invalid: ddddfdddddcdddd
  Valid: bbbbbbbbbhlbbj
  Valid: pfpp
Invalid: jjjgwkgwnfffvfzfl
Invalid: gknrmjgxtlzcbvkgxb
Invalid: nnnnnnnnntnnnnnnxn
  Valid: rjrr
Invalid: nkmr
Invalid: fffffffffff
Invalid: rnhtml
Invalid: qqkqqqqqqqqkqqqqq
Invalid: rrnrrrrrrrrrrrrr
  Valid: bmmmdmmmmdmh
Invalid: ppdvvxgkhfskfqc
  Valid: txpvkgvcbqvqfk
  Valid: tqcvbtp
  Valid: zzzzzzz
Invalid: fdjbbkrzjzdbdblhxb
Invalid: xlkz
Invalid: glhknzmvqzfmnsbn
Invalid: qhmdgqvq
  Valid: tttdtttdtttttttbvt
Invalid: vptcmgvvjvvvfvvmht
  Valid: ttttttngt
  Valid: ztgbttrntttdvgtptjdb
Invalid: bvndbbbbbbbbbbbbtb
Invalid: sbqts
  Valid: wwwwwwwwwwwwwnwww
  Valid: kmmr
Invalid: kkmkrkkkkzkdkrgkk
Invalid: hhhhzhhhhhhhzhhhh
Invalid: lllllllllllllcllq
  Valid: bbjb
Invalid: vtjhmf
Invalid: vzdqfd
Invalid: nnnn
Invalid: jpjjjjjjljjjjjjjj
Invalid: crsjpjjjqjjfjkv
Invalid: ttttttttttttt
Invalid: jjbjsjvhbfssznf
  Valid: ffmfffffzfffgfff
Invalid: sgblrqdftpwzggvgqt
Invalid: rrrrrrrrrrrrrrrrrrvj
  Valid: mjlt
Invalid: jxxxxxxxxgxxx
  Valid: ppptppp
Invalid: jbmnbmsc
Invalid: zshfcbhsh
  Valid: rrrqwtrvclf
Invalid: chgtwlbg
  Valid: knnhnnhnnnpnlknnkhnn
  Valid: zkqlzzpmjph
Invalid: bbbbhbbbbbbbbbbbbb
  Valid: ccccdkrncwrcclc
  Valid: ckcccwdhcc
  Valid: ntttktttttftttt
  Valid: jpjzcjjjjj
Invalid: kpkkksbkkkkkr
Invalid: sqssssbssxcs
  Valid: pbbplhtfpktpnppx
  Valid: ncnnnsn
  Valid: sssrss
  Valid: kvvvvvvczvvvvvvvkww
  Valid: kkkpmk
Invalid: hhhhhhhmb
  Valid: czwcccmtckccc
Invalid: tstglltkt
  Valid: cccccv
  Valid: zzzkzqzzzzzvzzz
Invalid: ddch
  Valid: jjjjjvj
Invalid: cccccccccccccc
Invalid: hjkwpjjbjfsq
Invalid: tttlcdb
  Valid: zzzzzzzzzsqzzgzzzkz
Invalid: ptckdjtsptlmzrktwcw
  Valid: tnbhnnkvnq
  Valid: fqmmmmmqmtmkcmmvnwmm
Invalid: zzzzztvl
Invalid: jbpjjjjpxmqxcbwsjrjj
  Valid: ttkdzfwdtflfswlkntt
  Valid: rnjjjjjjjjj
Invalid: fwhkbfdfffvfs
Invalid: pflplntf
  Valid: rrrrr
  Valid: gggggggggggggggggggg
  Valid: xtnsxbjtttxtt
Invalid: zrrrrrkrnrrrrrrrrr
  Valid: nrjnnnwnnprnnn
Invalid: zzzkxzzhznzdz
  Valid: pdcjdddqddlddcdkdxk
  Valid: rrrbrrrmvrcphrrqr
  Valid: rsll
Invalid: xxxqvrxx
  Valid: ppcdvppbppppjpbg
  Valid: dxdxdhkxxvxqxxxfx
  Valid: pvbfrhqrhftqrrxcrr
Invalid: zdbtzst
  Valid: kkkpkghkqkskk
  Valid: gvggqgggggqmgxggfgg
Invalid: llllwllllllwf
Invalid: bbbbbbbbbbbbb
Invalid: hhhhhhhhhhhhhhhhhh
  Valid: lwww
  Valid: vstcs
  Valid: vssssxss
Invalid: fmrrrrrrrrrrwwrvrr
Invalid: dgwgggp
  Valid: wggxgggrggggzgbgggg
  Valid: tjhxrscnsscssssnms
Invalid: nnnnnnnnjnnlnnnnn
Invalid: zncbmbglqbbbbpgm
  Valid: lllllllllllvlllllwl
  Valid: qqqgqfqqqqqrrqgqq
  Valid: nnnsnrnnnp
  Valid: qqqqqbqqqqq
  Valid: bnsfzkkwfkknkccwqkm
Invalid: ccdcccc
Invalid: nlsgzzzdz
  Valid: xkgxhqkpftx
Invalid: ddddddddhdddddddd
  Valid: xmjxwxx
  Valid: zzzzzzzzzzzzzrzq
  Valid: qnznjvlzdnnrgwfr
  Valid: sssxsspsssssrz
  Valid: pkkkcklbkkkk
  Valid: xxxxxxxxxxtx
  Valid: zzjzzfz
  Valid: zddddddz
  Valid: smccccvcpbccbqcxbccq
Invalid: mmmmmvmmmjmnnmlpsm
  Valid: jjjjjjjjjjjjj
  Valid: pmmbm
  Valid: mmmmmwcmmdfqrmmhlmm
  Valid: gcggnggbgdggggggg
Invalid: sqpsqkfbnbqzswbb
  Valid: wwwn
  Valid: dddddpd
Invalid: mmmmmmdmmmqlmnvms
  Valid: jjjjjtjjjjjjzjcj
  Valid: ttttttttjtttttttttt
Invalid: dcddmchdwbqrllsxjdv
Invalid: hshghhndnhhfhhhhh
  Valid: ggggch
Invalid: ccvccpccccccvcccccc
  Valid: hbfh
  Valid: lllptphml
  Valid: xwrqssfzr
  Valid: mktmmwmmmmrmmrqmmmcm
Invalid: rkvxvrglltlc
  Valid: jfqqxngqnqchq
  Valid: zxgjxx
Invalid: mlbgvdglrgcqjgz
Invalid: tqgtv
  Valid: ssfnzs
Invalid: mxwhmmmmmmzm
  Valid: dbhjzd
Invalid: fffffffffffkffffff
Invalid: dbbbbbbbbbbb
  Valid: xxxmxxcx
Invalid: lllpllcb
  Valid: dzdddddddddddddddd
Invalid: tklkqftnwcj
Invalid: jccxpmfjgntpptgkkcvt
  Valid: sdrwgcvprt
Invalid: nhbwx
  Valid: zzzzzzzzzzzzzzzzxsz
Invalid: cbdklqhnklkmwhpp
  Valid: fffff
  Valid: qpwq
Invalid: vxxgrgxxfvvgx
Invalid: rrfd
  Valid: sxqxxxxxxxxxxxxwxxx
  Valid: ssssssss
  Valid: jbbhqqbblbbbbfcb
Invalid: ppppppppprpppwppphp
  Valid: kdpnpfphppvffpwf
  Valid: jvrrrrrnrpqrn
Invalid: ncmmdxmm
Invalid: vvvvvvvvvdl
  Valid: jlsscggg
  Valid: gwms
Invalid: fpkvnf
Invalid: zfdrxjgxtbkbbjjctmsk
Invalid: qnnbvvwqvbwqblqd
  Valid: kvhvt
  Valid: lxrgsxg
Invalid: sssxswsjsssxss
  Valid: dxwjttnqkt
Invalid: sssssssssssvjg
Invalid: rtttnf
  Valid: hjhhhvhhbhhwhhhhphd
Invalid: mmmwcm
  Valid: vvvvvvvvvvvv
  Valid: flcjtzwhwsnjjjrjrj
  Valid: ddmrddddd
  Valid: ccccslcrwrc
Invalid: hpsqtxvkrsssshh
Invalid: hrxtjgtwtlmpqfx
  Valid: llbxlsllllqrqlllzlb
  Valid: crlcvcxwd
  Valid: vjbsxhwwdvshfxstc
Invalid: jfhnffbgsfjfwf
Invalid: ksxqvfsvnxsgvwgpjzl
  Valid: gggggggggggggggdggg
  Valid: hhhhhchhzmqhh
  Valid: kfdlcfrxftzgq
  Valid: ppnppkpwwmgp
Invalid: ggfgrg
Invalid: nnnnnnqwnnn
  Valid: hzjgthqphwhnjh
  Valid: xlllllllvlllllll
Invalid: lzjb
Invalid: ldzlql
Invalid: mzlbqzbrqjjbddr
  Valid: tttttxtttpttt
  Valid: dddddd
  Valid: kzvkkrkf
Invalid: fqml
Invalid: jhtfdfgmnchprbwbfrf
  Valid: sjsnsksbdsss
  Valid: jgcbjmjjjjjcxsjjjjhj
Invalid: tkjkjbkkrkkkklmgkj
Invalid: kkkkfkqkkkkkkkkpkk
  Valid: ddkkdtddzdnnddjdd
  Valid: fxvnxdvxnrbjs
Invalid: sssssssssspssssss
  Valid: khkkkkkkhk
Invalid: kkktmkkzk
  Valid: wrqdfwxwnfwwwnmzww
Invalid: lgtcvl
  Valid: nnnnnnnnnnqnnnvnnnn
Invalid: zzzzzzzzzhzzzzqzv
Invalid: lxnqsvk
Invalid: rzzwdlzgbcmggct
  Valid: ddvdbddddnddpd
Invalid: dphsszqrvz
  Valid: bnbgfbkbbbqlbcbbgqbb
  Valid: dddjddmqndddddddvjdd
Invalid: tnhgqkqfpjhwqgktq
Invalid: nnnbn
Invalid: fwfffbfcvflff
  Valid: sssglsvssvls
Invalid: zzzzzzzzzqjzz
Invalid: mhzrwphzxgj
  Valid: kkkwkd
  Valid: mrmmmmmzmmmmzmgmm
Invalid: wwwwwwxwwww
Invalid: nllllllll
Invalid: zbshj
  Valid: xssxqxxxsxkzx
Invalid: dnpfhsdmrxbvgxqrs
Invalid: vhrgcnxrvksg
Invalid: ccccccctzv
  Valid: lllllllllllllllhl
  Valid: nnnnnnngnnfhwwzsnnn
  Valid: zzzzzlzzzzzzzzzzzjv
  Valid: bxfbbwsjtbbvbqvbmbpb
  Valid: gggcjggggggggmgg
  Valid: wdddddkdpd
  Valid: xtxxxxxxxxxxxxxxmkx
Invalid: cccccccccjcscv
Invalid: ttjzfjldvvmswpqt
Invalid: tjrwhzgfrkgfq
  Valid: cvhsmnzmncsfmbqmm
Invalid: krctfpzz
Invalid: mlnlswvh
Invalid: zrntxzttqlthfdttt
  Valid: pkcsjkrrrzxxsfnjw
  Valid: xbhpkpnngpqvpcwdppg
  Valid: tttt
  Valid: wjjjmjjjjjqp
Invalid: gjslnklhhkhthxh
  Valid: qqlqqq
Invalid: pppgppppppppppp
Invalid: llhllllrllllxldllll
  Valid: lddkdddddddddd
Invalid: zwlzzqsvvclw
Invalid: tflkxflqccwkmlckck
  Valid: hhhhrhhhhfwhhh
Invalid: rrrmrjrrvkrrjrdr
Invalid: tmdlkcktbkkskvkbkbz
Invalid: ssssssssssssss
Invalid: xtcfvx
  Valid: shtssssswghsfsss
  Valid: krkl
  Valid: dxqqqhqqqtqj
Invalid: rrrvvrrrr
  Valid: ttrttftxztnhtvkcmtth
Invalid: gngkcggrg
Invalid: zzzzzzzzzzzbk
  Valid: lslllc
Invalid: pqchpk
Invalid: hhhhml
Invalid: qhhhhhhhhhhhhhhhhhmh
Invalid: ddddfs
Invalid: dthfdzddfnsdddm
  Valid: ddddddddndhtddsdnddh
  Valid: qjjjpjplljjc
Invalid: qqqqqqq
  Valid: bbbb
  Valid: ssssjjs
  Valid: bbbbfb
Invalid: cpvmbbnnrmzwf
Invalid: fnhn
  Valid: gdktlddrdlvmqdtddpzv
Invalid: cwlww
Invalid: zmdrgzlmzx
  Valid: mjbjmmmlmmwxm
  Valid: ssnhht
  Valid: tttttttdtttdtttjtt
Invalid: wxgzhtswb
Invalid: lllllblpllllchll
Invalid: vggqzvggnggggggggg
  Valid: hhthkshhpnhqhgh
Invalid: hglxklpl
  Valid: mkmgkwzwmw
Invalid: hhhhhrz
  Valid: tdffff
  Valid: lmfhgqschjqglrvwwnnz
Invalid: gggggggggggfhggg
  Valid: ntmmmdjmmmsvmm
Invalid: sqsssssssssss
  Valid: frnthfcfxfft
  Valid: wwwwwwmwwnwwwwmk
  Valid: jjkjrjjjjjjjjjd
Invalid: ssvc
  Valid: ddttttnnqpqztzbbdv
Invalid: gggggg
  Valid: rrrzlklfljqvz
Invalid: kdgmmrszqpfsbmz
Invalid: gqgvzgxhgbtngxggh
Invalid: qqptmhhfkhsgkhbmkx
  Valid: ppppptppp
  Valid: vxtxpvnxvlctrcpfxxx
Invalid: bwmwjwwwwwtnqwxc
Invalid: gggggg
  Valid: znzwzzzs
  Valid: kvvvv
  Valid: rrrrrrrrrbrrrx
  Valid: xtttt
  Valid: wwwwwwdcmkrwx
  Valid: ccccccjc
  Valid: wkwwwwwwwhwlwwwk
Invalid: hmssssssssss
  Valid: rrrjsh
  Valid: mmmmmmmmmmmmmx
Invalid: sshsvssss
Invalid: xllwnshchfdfk
Invalid: wwpwwpwwwmwwzwwtwwww
Invalid: zsfgbrrprlszrr
  Valid: thnmfndnnbnnbhnnnn
  Valid: vvvcvvvvvvvvvvv
Invalid: rwcm
Invalid: tttttztttttttpjt
  Valid: jjjjwhjdj
  Valid: fffffffm
  Valid: zzqzzzz
Invalid: kjrfnsjnhjdzgqpcjzvh
  Valid: pxpdvcqdptxpvk
  Valid: wccqj
  Valid: pwsqhwjdhcm
  Valid: bfbn
  Valid: qqqqqqqqqtqqqsqrqqq
Invalid: pppppppppppppppp
Invalid: rjghslgbggkgjdgvp
Invalid: fnnfzzdnf
  Valid: tlgtgggggggggggqm
  Valid: rrrvccrrvbdbncrrr
  Valid: jvhbv
  Valid: vvvdvvcvvvpvvvvvvvv
Invalid: ggggg
  Valid: wwwwwwmpw
Invalid: gkxshzkpssc
  Valid: pqttnpqqqfwqs
Invalid: nlnp
  Valid: phhh
Invalid: hqsxhmmpfgggmgpqhrjg
Invalid: wwgwwwwwwwwwwwmwl
  Valid: xxxxxxmxv
  Valid: ssssssbs
Invalid: dxlxxx
  Valid: wpxppq
Invalid: clcclcfcbccc
Invalid: sbmst
Invalid: xqmdn
Invalid: zbzwfddkzzc
Invalid: dpdddddddddddddddwcv
  Valid: rrrr
Invalid: ffnffffwd
Invalid: hxnlxghzkpcpdhqqvl
Invalid: jngclmm
  Valid: rmmmpmrmmmmmjmmmm
  Valid: dfwfs
  Valid: lclllwllll
Invalid: jjjjjjjjjjpjnjjgjbj
Invalid: fffffffffffnfftfffff
Invalid: qbnpmklbwxdbbwkklpwb
  Valid: mjkj
  Valid: hphwdh
Invalid: vrxxb
  Valid: mvvvvvvvvvvvvvj
  Valid: lvzfvzvvnjtvvvvvv
Invalid: gggvggggg
Invalid: zdllslnlxslqpnvgwlwm
Invalid: lllhll
  Valid: kckzddtzbmvkpkhb
Invalid: hbkgbxzj
  Valid: lppp
Invalid: rrrrrbrrbrrrrwrrrwr
  Valid: knkqkkk
  Valid: njrrrrrrrr
  Valid: phhhnhdhc
  Valid: nsnrrfktwbbhrrrh
Invalid: qqzvzsvkq
Invalid: jbbbbbbbkbgb
  Valid: ffffcfffffgff
Invalid: vfvvqvvdvvvlhvzjvmzv
Invalid: vvzvvtvvjgvv
Invalid: vvvvvvvv
  Valid: zmncxhrdzdmtcbxtlrzq
  Valid: rbfbrjrr
  Valid: nnnnnnnnpnnldnn
  Valid: jjjjjjjjjjjlj
  Valid: sssfsgss
Invalid: hhhfhhhhhhhhvhhhhhhh
  Valid: gggxkggggvg
  Valid: hbbtb
Invalid: tttttttttttttnb
Invalid: ddddddddddddddhdw
Invalid: rbdddbdwmjdhmpdd
Invalid: kxpdntprmskcs
Invalid: gmdmpj
Invalid: jjjjjvjsj
  Valid: qmqqqntqcqxmqsqkqq
Invalid: tqxqq
  Valid: mmmxmmmvmmv
  Valid: qqqqrqqw
  Valid: dqdddddddddddvspd
Invalid: tttttt
Invalid: dhzzxwfjgnzhzxt
Invalid: kdnmfnmqvvdvqdlvk
  Valid: sssssssssssssssjstss
  Valid: ccwdccc
Invalid: nxjxxxxxxxxxxx
  Valid: vvvvfvvqvlvvvvvv
  Valid: sssszssnqjsbsvs
  Valid: gxhjjjjjnjjsjjjrjjjj
Invalid: ttfttt
Invalid: qzgxjhpsss
  Valid: qqqqnrtxrqqsqqq
  Valid: kkkrgspkkkpwjshmk
  Valid: xhhhmhbhhhdhh
Invalid: gfgggggjgggggggggg
  Valid: zzfzzszzzzzzvzzzhzw
  Valid: mzrmmmmndchfzmmrr
  Valid: zzzzzzmzzh
Invalid: wscfc
  Valid: kmmtmm
  Valid: hhhhchh
  Valid: wwgwwwqwsfrjvmbwj
  Valid: vwvvwvmjcqnxv
Invalid: qxxhfxchrx
Invalid: xxxxxxxxxxxxxxxxwp
  Valid: vvvvvtv
  Valid: lcqlclllllrlddxlzll
  Valid: trrn
Invalid: thnsxphnfgvhvq
Invalid: sssssssssshsss
Invalid: rqpzszzmzdz
  Valid: qrqqqq
  Valid: hhkhhhh
Invalid: wqhjvhlgwtsgvlpf
  Valid: gqfpcfsfhfjgrbqv
  Valid: lqllsrjlv
  Valid: vvvvvvkvjv
  Valid: gtttcbnkxxstttd
  Valid: jjjjbjz
Invalid: ftwjtfzjmjsvwjj
Invalid: ddsksddddzfd
  Valid: bhngbb
Invalid: mllmcbfxwxrqlcjcw
Invalid: qqqqqqdv
Invalid: slkzlfvg
  Valid: qqqqq
  Valid: pddpdpszrppxcpjgv
  Valid: rrrrrrrrrrprqrrrrr
Invalid: cscckcxcn
Invalid: gvgwmlngggqggrtgtkg
Invalid: smfpbbb
Invalid: sqmlklvkqfjrgtqhzr
Invalid: kkpqqfgz
  Valid: fnndnnxnndn
Invalid: ccccccccccxv
Invalid: dddvdddddddvd
  Valid: nvjfv
  Valid: gggggggg
  Valid: xxxxxxx
  Valid: scccc
  Valid: nchlfqqqlqnqqqtq
Invalid: srrrrrrnrrrrrrr
  Valid: sdpscpppp
Invalid: rrrdrkrrrqg
  Valid: xwmscmmm
  Valid: rrrfrrrrkfrvrf
  Valid: bbfbbb
Invalid: rblrvrvpvz
  Valid: wwwvwgwww
  Valid: wwwwwwwwzw
Invalid: ttttttttttttttttttt
Invalid: nfrzsdjxr
Invalid: wwfwwmfbww
  Valid: dfsksft
  Valid: dwdrccnddqmndcl
  Valid: qfflf
  Valid: dnddjpdfgc
Invalid: lkglx
  Valid: jjjjgbjtpjjhd
Invalid: jjjjjjvjjjjjjjjjdjj
  Valid: tttxztttttttkt
  Valid: mmmmm
  Valid: jgjrjwjfjx
  Valid: ttbjttvttsttdqtn
  Valid: wwwwwwwwwwwwwkjw
  Valid: nrscxn
  Valid: wwwwwvgnwbwwwwwwv
Invalid: pppppppppppjpppppppp
  Valid: vvvkvbvwkwnvvvsxvv
  Valid: mmmmmmmmmmtm
  Valid: cccccccccwc
Invalid: xvgstwfxfhxknds
  Valid: tttttztttttttt
  Valid: vkpkfkkkqnkqnkgkkknk
Invalid: kkwpzpdzxhxk
Invalid: fgvvvvvvvvvvvjpvv
Invalid: kndnqkkk
  Valid: gfcbccccjvcskcmrcxc
Invalid: ngtnr
  Valid: mtcfszkdhkdkd

Found 546 valid passwords!
